SLURM_CHECKPOINT_IMAGE_DIR=/var/slurm/checkpoint
SLURM_NODELIST=desktop18
LMOD_FAMILY_COMPILER_VERSION=8.3.0
SLURM_JOB_NAME=qg-training
MANPATH=/opt/itu/easybuild/software/Anaconda3/2021.11/share/man:/opt/itu/easybuild/software/Anaconda3/2021.11/man:/opt/ohpc/pub/mpi/openmpi3-gnu8/3.1.4/share/man:/opt/ohpc/pub/compiler/gcc/8.3.0/share/man:/opt/ohpc/pub/utils/autotools/share/man:/usr/local/share/man:/usr/share/man/overrides:/usr/share/man/en:/usr/share/man
XDG_SESSION_ID=169949
SLURMD_NODENAME=desktop18
SLURM_TOPOLOGY_ADDR=desktop18
_ModuleTable003_=InN0YWNrRGVwdGgiXT0wLFsic3RhdHVzIl09ImFjdGl2ZSIsWyJ1c2VyTmFtZSJdPSJvaHBjIix9LG9wZW5tcGkzPXtbImZuIl09Ii9vcHQvb2hwYy9wdWIvbW9kdWxlZGVwcy9nbnU4L29wZW5tcGkzLzMuMS40IixbImZ1bGxOYW1lIl09Im9wZW5tcGkzLzMuMS40IixbImxvYWRPcmRlciJdPTQscHJvcFQ9e30sWyJzdGFja0RlcHRoIl09MSxbInN0YXR1cyJdPSJhY3RpdmUiLFsidXNlck5hbWUiXT0ib3Blbm1waTMiLH0scHJ1bj17WyJmbiJdPSIvb3B0L29ocGMvcHViL21vZHVsZWZpbGVzL3BydW4vMS4zIixbImZ1bGxOYW1lIl09InBydW4vMS4zIixbImxvYWRPcmRlciJdPTIscHJvcFQ9e30sWyJzdGFja0RlcHRoIl09MSxbInN0YXR1cyJdPSJhY3RpdmUiLFsidXNlck5h
HOSTNAME=desktop18
TERM_PROGRAM=vscode
SLURM_PRIO_PROCESS=0
SLURM_NODE_ALIASES=(null)
EBDEVELANACONDA3=/opt/itu/easybuild/software/Anaconda3/2021.11/easybuild/Anaconda3-2021.11-easybuild-devel
__LMOD_REF_COUNT_MODULEPATH=/opt/ohpc/pub/moduledeps/gnu8-openmpi3:1;/opt/ohpc/pub/moduledeps/gnu8:1;/opt/ohpc/pub/modulefiles:1;/opt/itu/easybuild/modules/all:2
SHELL=/bin/bash
TERM=xterm-256color
SLURM_JOB_QOS=normal
LMOD_ROOT=/opt/ohpc/admin/lmod
HISTSIZE=1000
TMPDIR=/tmp
SLURM_TOPOLOGY_ADDR_PATTERN=node
SSH_CLIENT=10.30.26.3 61961 22
CONDA_SHLVL=2
TERM_PROGRAM_VERSION=1.76.2
CONDA_PROMPT_MODIFIER=(hugging) 
LMOD_PKG=/opt/ohpc/admin/lmod/lmod
SLURM_JOB_GPUS=0
LMOD_VERSION=8.1.18
__LMOD_REF_COUNT_LOADEDMODULES=autotools:1;prun/1.3:1;gnu8/8.3.0:1;openmpi3/3.1.4:1;ohpc:1;Anaconda3/2021.11:1
SLURM_MEM_PER_CPU=3072
SLURM_NNODES=1
USER=gume
EBROOTANACONDA3=/opt/itu/easybuild/software/Anaconda3/2021.11
LD_LIBRARY_PATH=/opt/ohpc/pub/mpi/openmpi3-gnu8/3.1.4/lib:/opt/ohpc/pub/compiler/gcc/8.3.0/lib64
LS_COLORS=rs=0:di=38;5;27:ln=38;5;51:mh=44;38;5;15:pi=40;38;5;11:so=38;5;13:do=38;5;5:bd=48;5;232;38;5;11:cd=48;5;232;38;5;3:or=48;5;232;38;5;9:mi=05;48;5;232;38;5;15:su=48;5;196;38;5;15:sg=48;5;11;38;5;16:ca=48;5;196;38;5;226:tw=48;5;10;38;5;16:ow=48;5;10;38;5;21:st=48;5;21;38;5;15:ex=38;5;34:*.tar=38;5;9:*.tgz=38;5;9:*.arc=38;5;9:*.arj=38;5;9:*.taz=38;5;9:*.lha=38;5;9:*.lz4=38;5;9:*.lzh=38;5;9:*.lzma=38;5;9:*.tlz=38;5;9:*.txz=38;5;9:*.tzo=38;5;9:*.t7z=38;5;9:*.zip=38;5;9:*.z=38;5;9:*.Z=38;5;9:*.dz=38;5;9:*.gz=38;5;9:*.lrz=38;5;9:*.lz=38;5;9:*.lzo=38;5;9:*.xz=38;5;9:*.bz2=38;5;9:*.bz=38;5;9:*.tbz=38;5;9:*.tbz2=38;5;9:*.tz=38;5;9:*.deb=38;5;9:*.rpm=38;5;9:*.jar=38;5;9:*.war=38;5;9:*.ear=38;5;9:*.sar=38;5;9:*.rar=38;5;9:*.alz=38;5;9:*.ace=38;5;9:*.zoo=38;5;9:*.cpio=38;5;9:*.7z=38;5;9:*.rz=38;5;9:*.cab=38;5;9:*.jpg=38;5;13:*.jpeg=38;5;13:*.gif=38;5;13:*.bmp=38;5;13:*.pbm=38;5;13:*.pgm=38;5;13:*.ppm=38;5;13:*.tga=38;5;13:*.xbm=38;5;13:*.xpm=38;5;13:*.tif=38;5;13:*.tiff=38;5;13:*.png=38;5;13:*.svg=38;5;13:*.svgz=38;5;13:*.mng=38;5;13:*.pcx=38;5;13:*.mov=38;5;13:*.mpg=38;5;13:*.mpeg=38;5;13:*.m2v=38;5;13:*.mkv=38;5;13:*.webm=38;5;13:*.ogm=38;5;13:*.mp4=38;5;13:*.m4v=38;5;13:*.mp4v=38;5;13:*.vob=38;5;13:*.qt=38;5;13:*.nuv=38;5;13:*.wmv=38;5;13:*.asf=38;5;13:*.rm=38;5;13:*.rmvb=38;5;13:*.flc=38;5;13:*.avi=38;5;13:*.fli=38;5;13:*.flv=38;5;13:*.gl=38;5;13:*.dl=38;5;13:*.xcf=38;5;13:*.xwd=38;5;13:*.yuv=38;5;13:*.cgm=38;5;13:*.emf=38;5;13:*.axv=38;5;13:*.anx=38;5;13:*.ogv=38;5;13:*.ogx=38;5;13:*.aac=38;5;45:*.au=38;5;45:*.flac=38;5;45:*.mid=38;5;45:*.midi=38;5;45:*.mka=38;5;45:*.mp3=38;5;45:*.mpc=38;5;45:*.ogg=38;5;45:*.ra=38;5;45:*.wav=38;5;45:*.axa=38;5;45:*.oga=38;5;45:*.spx=38;5;45:*.xspf=38;5;45:
CONDA_EXE=/opt/itu/easybuild/software/Anaconda3/2021.11/bin/conda
SLURM_JOBID=115045
_ModuleTable004_=bWUiXT0icHJ1biIsfSx9LG1wYXRoQT17Ii9vcHQvb2hwYy9wdWIvbW9kdWxlZGVwcy9nbnU4LW9wZW5tcGkzIiwiL29wdC9vaHBjL3B1Yi9tb2R1bGVkZXBzL2dudTgiLCIvb3B0L29ocGMvcHViL21vZHVsZWZpbGVzIiwiL29wdC9pdHUvZWFzeWJ1aWxkL21vZHVsZXMvYWxsIix9LFsic3lzdGVtQmFzZU1QQVRIIl09Ii9vcHQvb2hwYy9wdWIvbW9kdWxlZmlsZXM6L29wdC9pdHUvZWFzeWJ1aWxkL21vZHVsZXMvYWxsIix9
__LMOD_REF_COUNT__LMFILES_=/opt/ohpc/pub/modulefiles/autotools:1;/opt/ohpc/pub/modulefiles/prun/1.3:1;/opt/ohpc/pub/modulefiles/gnu8/8.3.0:1;/opt/ohpc/pub/moduledeps/gnu8/openmpi3/3.1.4:1;/opt/ohpc/pub/modulefiles/ohpc:1;/opt/itu/easybuild/modules/all/Anaconda3/2021.11.lua:1
LMOD_FAMILY_MPI_VERSION=3.1.4
LMOD_PREPEND_BLOCK=normal
EBVERSIONANACONDA3=2021.11
_CE_CONDA=
CONDA_PREFIX_1=/opt/itu/easybuild/software/Anaconda3/2021.11
SLURM_TASKS_PER_NODE=1
_ModuleTable001_=X01vZHVsZVRhYmxlXz17WyJNVHZlcnNpb24iXT0zLFsiY19yZWJ1aWxkVGltZSJdPTcyMDAsWyJjX3Nob3J0VGltZSJdPTEuNDAxMjA0MTA5MTkxOSxkZXB0aFQ9e30sZmFtaWx5PXtbIk1QSSJdPSJvcGVubXBpMyIsWyJjb21waWxlciJdPSJnbnU4Iix9LG1UPXtBbmFjb25kYTM9e1siZm4iXT0iL29wdC9pdHUvZWFzeWJ1aWxkL21vZHVsZXMvYWxsL0FuYWNvbmRhMy8yMDIxLjExLmx1YSIsWyJmdWxsTmFtZSJdPSJBbmFjb25kYTMvMjAyMS4xMSIsWyJsb2FkT3JkZXIiXT02LHByb3BUPXt9LFsic3RhY2tEZXB0aCJdPTAsWyJzdGF0dXMiXT0iYWN0aXZlIixbInVzZXJOYW1lIl09IkFuYWNvbmRhMyIsfSxhdXRvdG9vbHM9e1siZm4iXT0iL29wdC9vaHBjL3B1Yi9tb2R1bGVm
MAIL=/var/spool/mail/gume
PATH=/opt/itu/easybuild/software/Anaconda3/2021.11:/opt/itu/easybuild/software/Anaconda3/2021.11/sbin:/home/gume/.conda/envs/hugging/bin:/opt/itu/easybuild/software/Anaconda3/2021.11/bin:/opt/itu/easybuild/software/Anaconda3/2021.11/condabin:/opt/ohpc/pub/mpi/openmpi3-gnu8/3.1.4/bin:/opt/ohpc/pub/compiler/gcc/8.3.0/bin:/opt/ohpc/pub/utils/prun/1.3:/opt/ohpc/pub/utils/autotools/bin:/opt/ohpc/pub/bin:/home/gume/.vscode-server/bin/ee2b180d582a7f601fa6ecfdad8d9fd269ab1884/bin/remote-cli:/usr/local/bin:/usr/bin:/usr/local/sbin:/usr/sbin:/home/gume/.local/bin:/home/gume/bin
SLURM_WORKING_CLUSTER=hpc:front:6817:8448
SLURM_JOB_ID=115045
SLURM_CPUS_PER_TASK=8
LMOD_SETTARG_CMD=:
CONDA_PREFIX=/home/gume/.conda/envs/hugging
SLURM_JOB_USER=gume
PWD=/home/gume/bachelorprojekt
CUDA_VISIBLE_DEVICES=0
_LMFILES_=/opt/ohpc/pub/modulefiles/autotools:/opt/ohpc/pub/modulefiles/prun/1.3:/opt/ohpc/pub/modulefiles/gnu8/8.3.0:/opt/ohpc/pub/moduledeps/gnu8/openmpi3/3.1.4:/opt/ohpc/pub/modulefiles/ohpc:/opt/itu/easybuild/modules/all/Anaconda3/2021.11.lua
LANG=en_US.UTF-8
MODULEPATH=/opt/ohpc/pub/moduledeps/gnu8-openmpi3:/opt/ohpc/pub/moduledeps/gnu8:/opt/ohpc/pub/modulefiles:/opt/itu/easybuild/modules/all
SLURM_JOB_UID=48765
_ModuleTable_Sz_=4
LOADEDMODULES=autotools:prun/1.3:gnu8/8.3.0:openmpi3/3.1.4:ohpc:Anaconda3/2021.11
SLURM_NODEID=0
VSCODE_GIT_ASKPASS_EXTRA_ARGS=
SLURM_SUBMIT_DIR=/home/gume/bachelorprojekt
SLURM_TASK_PID=76409
LMOD_CMD=/opt/ohpc/admin/lmod/lmod/libexec/lmod
SLURM_CPUS_ON_NODE=8
SQUEUE_FORMAT=%.10i %.6P %.10u %.10l %.10L %.3C %.3D %h %.10b %Q %t %R
SLURM_PROCID=0
ENVIRONMENT=BATCH
HISTCONTROL=ignoredups
_CE_M=
SLURM_JOB_NODELIST=desktop18
SHLVL=6
HOME=/home/gume
SLURM_LOCALID=0
__LMOD_REF_COUNT_PATH=/opt/itu/easybuild/software/Anaconda3/2021.11:1;/opt/itu/easybuild/software/Anaconda3/2021.11/sbin:1;/opt/itu/easybuild/software/Anaconda3/2021.11/bin:1;/home/gume/.conda/envs/hugging/bin:1;/opt/itu/easybuild/software/Anaconda3/2021.11/condabin:1;/opt/ohpc/pub/mpi/openmpi3-gnu8/3.1.4/bin:1;/opt/ohpc/pub/compiler/gcc/8.3.0/bin:1;/opt/ohpc/pub/utils/prun/1.3:1;/opt/ohpc/pub/utils/autotools/bin:1;/opt/ohpc/pub/bin:1;/home/gume/.vscode-server/bin/ee2b180d582a7f601fa6ecfdad8d9fd269ab1884/bin/remote-cli:1;/usr/local/bin:1;/usr/bin:1;/usr/local/sbin:1;/usr/sbin:1;/home/gume/.local/bin:1;/home/gume/bin:1
VSCODE_GIT_ASKPASS_MAIN=/home/gume/.vscode-server/bin/ee2b180d582a7f601fa6ecfdad8d9fd269ab1884/extensions/git/dist/askpass-main.js
SLURM_JOB_GID=79675
SLURM_JOB_CPUS_PER_NODE=8
SLURM_CLUSTER_NAME=hpc
_ModuleTable002_=aWxlcy9hdXRvdG9vbHMiLFsiZnVsbE5hbWUiXT0iYXV0b3Rvb2xzIixbImxvYWRPcmRlciJdPTEscHJvcFQ9e30sWyJzdGFja0RlcHRoIl09MSxbInN0YXR1cyJdPSJhY3RpdmUiLFsidXNlck5hbWUiXT0iYXV0b3Rvb2xzIix9LGdudTg9e1siZm4iXT0iL29wdC9vaHBjL3B1Yi9tb2R1bGVmaWxlcy9nbnU4LzguMy4wIixbImZ1bGxOYW1lIl09ImdudTgvOC4zLjAiLFsibG9hZE9yZGVyIl09Myxwcm9wVD17fSxbInN0YWNrRGVwdGgiXT0xLFsic3RhdHVzIl09ImFjdGl2ZSIsWyJ1c2VyTmFtZSJdPSJnbnU4Iix9LG9ocGM9e1siZm4iXT0iL29wdC9vaHBjL3B1Yi9tb2R1bGVmaWxlcy9vaHBjIixbImZ1bGxOYW1lIl09Im9ocGMiLFsibG9hZE9yZGVyIl09NSxwcm9wVD17fSxb
MPI_DIR=/opt/ohpc/pub/mpi/openmpi3-gnu8/3.1.4
SLURM_GTIDS=0
SLURM_SUBMIT_HOST=front
__LMOD_REF_COUNT_INCLUDE=/opt/ohpc/pub/compiler/gcc/8.3.0/include:1
SLURM_JOB_PARTITION=brown
BASH_ENV=/opt/ohpc/admin/lmod/lmod/init/bash
LOGNAME=gume
CONDA_PYTHON_EXE=/opt/itu/easybuild/software/Anaconda3/2021.11/bin/python
GPU_DEVICE_ORDINAL=0
SLURM_JOB_ACCOUNT=students
SSH_CONNECTION=10.30.26.3 61961 192.168.21.20 22
VSCODE_GIT_IPC_HANDLE=/run/user/48765/vscode-git-6ca93fe26c.sock
SLURM_JOB_NUM_NODES=1
MODULESHOME=/opt/ohpc/admin/lmod/lmod
VSCODE_IPC_HOOK_CLI=/run/user/48765/vscode-ipc-df15e4cf-7b96-4031-b1ed-4763b40abc52.sock
PKG_CONFIG_PATH=/opt/itu/easybuild/software/Anaconda3/2021.11/lib/pkgconfig:/opt/ohpc/pub/mpi/openmpi3-gnu8/3.1.4/lib/pkgconfig
__LMOD_REF_COUNT_LD_LIBRARY_PATH=/opt/ohpc/pub/mpi/openmpi3-gnu8/3.1.4/lib:1;/opt/ohpc/pub/compiler/gcc/8.3.0/lib64:1
LMOD_SETTARG_FULL_SUPPORT=no
LESSOPEN=||/usr/bin/lesspipe.sh %s
CONDA_DEFAULT_ENV=hugging
BROWSER=/home/gume/.vscode-server/bin/ee2b180d582a7f601fa6ecfdad8d9fd269ab1884/bin/helpers/browser.sh
LMOD_FAMILY_COMPILER=gnu8
LMOD_FULL_SETTARG_SUPPORT=no
GIT_ASKPASS=/home/gume/.vscode-server/bin/ee2b180d582a7f601fa6ecfdad8d9fd269ab1884/extensions/git/dist/askpass.sh
VSCODE_GIT_ASKPASS_NODE=/home/gume/.vscode-server/bin/ee2b180d582a7f601fa6ecfdad8d9fd269ab1884/node
__LMOD_REF_COUNT_PKG_CONFIG_PATH=/opt/itu/easybuild/software/Anaconda3/2021.11/lib/pkgconfig:1;/opt/ohpc/pub/mpi/openmpi3-gnu8/3.1.4/lib/pkgconfig:1
XDG_RUNTIME_DIR=/run/user/48765
__LMOD_REF_COUNT_MANPATH=/opt/itu/easybuild/software/Anaconda3/2021.11/share/man:1;/opt/itu/easybuild/software/Anaconda3/2021.11/man:1;/opt/ohpc/pub/mpi/openmpi3-gnu8/3.1.4/share/man:1;/opt/ohpc/pub/compiler/gcc/8.3.0/share/man:1;/opt/ohpc/pub/utils/autotools/share/man:1;/usr/local/share/man:3;/usr/share/man/overrides:3;/usr/share/man/en:3;/usr/share/man:3
LMOD_DIR=/opt/ohpc/admin/lmod/lmod/libexec
INCLUDE=/opt/ohpc/pub/compiler/gcc/8.3.0/include
LMOD_FAMILY_MPI=openmpi3
LMOD_COLORIZE=no
COLORTERM=truecolor
BASH_FUNC_module()=() {  eval $($LMOD_CMD bash "$@") && eval $(${LMOD_SETTARG_CMD:-:} -s sh)
}
BASH_FUNC_ml()=() {  eval $($LMOD_DIR/ml_cmd "$@")
}
_=/usr/bin/env
WANDB_PROJECT=T5-GQ
--- Training ---
wandb: Currently logged in as: gustav-mb (the-coorporation). Use `wandb login --relogin` to force relogin
wandb: Appending key for api.wandb.ai to your netrc file: /home/gume/.netrc
/home/gume/bachelorprojekt/./model/small/ is already a clone of https://huggingface.co/the-coorporation/t5-qg-small. Make sure you pull the latest changes with `repo.git_pull()`.
wandb: Tracking run with wandb version 0.14.0
wandb: Run data is saved locally in /home/gume/bachelorprojekt/wandb/run-20230326_122748-fdl5omvr
wandb: Run `wandb offline` to turn off syncing.
wandb: Syncing run QG-small
wandb: ⭐️ View project at https://wandb.ai/the-coorporation/huggingface
wandb: 🚀 View run at https://wandb.ai/the-coorporation/huggingface/runs/fdl5omvr
Token is valid.
Your token has been saved in your configured git credential helpers (store).
Your token has been saved to /home/gume/.cache/huggingface/token
Login successful

  0%|          | 0/740 [00:00<?, ?it/s]
  0%|          | 1/740 [00:08<1:48:33,  8.81s/it]
  0%|          | 2/740 [00:12<1:11:51,  5.84s/it]
  0%|          | 3/740 [00:16<1:00:09,  4.90s/it]
  1%|          | 4/740 [00:20<54:38,  4.45s/it]  
  1%|          | 5/740 [00:23<51:32,  4.21s/it]
  1%|          | 6/740 [00:27<49:39,  4.06s/it]
  1%|          | 7/740 [00:31<48:25,  3.96s/it]
  1%|          | 8/740 [00:35<47:35,  3.90s/it]
  1%|          | 9/740 [00:38<46:56,  3.85s/it]
  1%|▏         | 10/740 [00:42<46:28,  3.82s/it]
  1%|▏         | 11/740 [00:46<46:08,  3.80s/it]
  2%|▏         | 12/740 [00:50<45:53,  3.78s/it]
  2%|▏         | 13/740 [00:53<45:41,  3.77s/it]
  2%|▏         | 14/740 [00:57<45:33,  3.76s/it]
  2%|▏         | 15/740 [01:01<45:26,  3.76s/it]
  2%|▏         | 16/740 [01:05<45:19,  3.76s/it]
  2%|▏         | 17/740 [01:08<45:14,  3.75s/it]
  2%|▏         | 18/740 [01:12<45:08,  3.75s/it]
  3%|▎         | 19/740 [01:16<45:04,  3.75s/it]
  3%|▎         | 20/740 [01:20<44:59,  3.75s/it]
  3%|▎         | 21/740 [01:23<44:55,  3.75s/it]
  3%|▎         | 22/740 [01:27<44:51,  3.75s/it]
  3%|▎         | 23/740 [01:31<44:48,  3.75s/it]
  3%|▎         | 24/740 [01:35<44:44,  3.75s/it]
  3%|▎         | 25/740 [01:38<44:39,  3.75s/it]
  4%|▎         | 26/740 [01:42<44:36,  3.75s/it]
  4%|▎         | 27/740 [01:46<44:32,  3.75s/it]
  4%|▍         | 28/740 [01:50<44:28,  3.75s/it]
  4%|▍         | 29/740 [01:53<44:24,  3.75s/it]
  4%|▍         | 30/740 [01:57<44:21,  3.75s/it]
  4%|▍         | 31/740 [02:01<44:18,  3.75s/it]
  4%|▍         | 32/740 [02:05<44:14,  3.75s/it]
  4%|▍         | 33/740 [02:08<44:10,  3.75s/it]
  5%|▍         | 34/740 [02:12<44:07,  3.75s/it]
  5%|▍         | 35/740 [02:16<44:03,  3.75s/it]
  5%|▍         | 36/740 [02:20<43:59,  3.75s/it]
  5%|▌         | 37/740 [02:23<43:56,  3.75s/it]
  5%|▌         | 38/740 [02:27<43:52,  3.75s/it]
  5%|▌         | 39/740 [02:31<43:48,  3.75s/it]
  5%|▌         | 40/740 [02:35<43:44,  3.75s/it]
  6%|▌         | 41/740 [02:38<43:39,  3.75s/it]
  6%|▌         | 42/740 [02:42<43:36,  3.75s/it]
  6%|▌         | 43/740 [02:46<43:33,  3.75s/it]
  6%|▌         | 44/740 [02:50<43:29,  3.75s/it]
  6%|▌         | 45/740 [02:53<43:25,  3.75s/it]
  6%|▌         | 46/740 [02:57<43:21,  3.75s/it]
  6%|▋         | 47/740 [03:01<43:17,  3.75s/it]
  6%|▋         | 48/740 [03:05<43:13,  3.75s/it]
  7%|▋         | 49/740 [03:08<43:09,  3.75s/it]
  7%|▋         | 50/740 [03:12<43:06,  3.75s/it]
  7%|▋         | 51/740 [03:16<43:02,  3.75s/it]
  7%|▋         | 52/740 [03:20<42:58,  3.75s/it]
  7%|▋         | 53/740 [03:23<42:55,  3.75s/it]
  7%|▋         | 54/740 [03:27<42:51,  3.75s/it]
  7%|▋         | 55/740 [03:31<42:47,  3.75s/it]
  8%|▊         | 56/740 [03:35<42:43,  3.75s/it]
  8%|▊         | 57/740 [03:38<42:39,  3.75s/it]
  8%|▊         | 58/740 [03:42<42:36,  3.75s/it]
  8%|▊         | 59/740 [03:46<42:32,  3.75s/it]
  8%|▊         | 60/740 [03:50<42:28,  3.75s/it]
  8%|▊         | 61/740 [03:53<42:25,  3.75s/it]
  8%|▊         | 62/740 [03:57<42:22,  3.75s/it]
  9%|▊         | 63/740 [04:01<42:18,  3.75s/it]
  9%|▊         | 64/740 [04:05<42:14,  3.75s/it]
  9%|▉         | 65/740 [04:08<42:09,  3.75s/it]
  9%|▉         | 66/740 [04:12<42:06,  3.75s/it]
  9%|▉         | 67/740 [04:16<42:02,  3.75s/it]
  9%|▉         | 68/740 [04:20<41:58,  3.75s/it]
  9%|▉         | 69/740 [04:23<41:54,  3.75s/it]
  9%|▉         | 70/740 [04:27<41:51,  3.75s/it]
 10%|▉         | 71/740 [04:31<41:47,  3.75s/it]
 10%|▉         | 72/740 [04:35<41:43,  3.75s/it]
 10%|▉         | 73/740 [04:38<41:40,  3.75s/it]
 10%|█         | 74/740 [04:42<41:36,  3.75s/it]
 10%|█         | 75/740 [04:46<41:01,  3.70s/it]
 10%|█         | 76/740 [04:49<41:07,  3.72s/it]
 10%|█         | 77/740 [04:53<41:09,  3.73s/it]
 11%|█         | 78/740 [04:57<41:10,  3.73s/it]
 11%|█         | 79/740 [05:01<41:09,  3.74s/it]
 11%|█         | 80/740 [05:04<41:08,  3.74s/it]
 11%|█         | 81/740 [05:08<41:06,  3.74s/it]
 11%|█         | 82/740 [05:12<41:03,  3.74s/it]
 11%|█         | 83/740 [05:16<41:00,  3.75s/it]
 11%|█▏        | 84/740 [05:19<40:57,  3.75s/it]
 11%|█▏        | 85/740 [05:23<40:53,  3.75s/it]
 12%|█▏        | 86/740 [05:27<40:50,  3.75s/it]
 12%|█▏        | 87/740 [05:31<40:47,  3.75s/it]
 12%|█▏        | 88/740 [05:34<40:42,  3.75s/it]
 12%|█▏        | 89/740 [05:38<40:39,  3.75s/it]
 12%|█▏        | 90/740 [05:42<40:35,  3.75s/it]
 12%|█▏        | 91/740 [05:46<40:32,  3.75s/it]
 12%|█▏        | 92/740 [05:49<40:28,  3.75s/it]
 13%|█▎        | 93/740 [05:53<40:25,  3.75s/it]
 13%|█▎        | 94/740 [05:57<40:21,  3.75s/it]
 13%|█▎        | 95/740 [06:01<40:17,  3.75s/it]
 13%|█▎        | 96/740 [06:04<40:14,  3.75s/it]
 13%|█▎        | 97/740 [06:08<40:10,  3.75s/it]
 13%|█▎        | 98/740 [06:12<40:06,  3.75s/it]
 13%|█▎        | 99/740 [06:16<40:02,  3.75s/it]
 14%|█▎        | 100/740 [06:19<39:58,  3.75s/it]
                                                 

 14%|█▎        | 100/740 [06:19<39:58,  3.75s/it]{'loss': 3.3675, 'learning_rate': 8.64864864864865e-05, 'epoch': 1.34}


  0%|          | 0/38 [00:00<?, ?it/s][A

  5%|▌         | 2/38 [00:00<00:02, 13.69it/s][A

 11%|█         | 4/38 [00:00<00:03,  8.55it/s][A

 13%|█▎        | 5/38 [00:00<00:04,  7.95it/s][A

 16%|█▌        | 6/38 [00:00<00:04,  7.55it/s][A

 18%|█▊        | 7/38 [00:00<00:04,  7.30it/s][A

 21%|██        | 8/38 [00:01<00:04,  7.14it/s][A

 24%|██▎       | 9/38 [00:01<00:04,  7.03it/s][A

 26%|██▋       | 10/38 [00:01<00:04,  6.96it/s][A

 29%|██▉       | 11/38 [00:01<00:03,  6.91it/s][A

 32%|███▏      | 12/38 [00:01<00:03,  6.87it/s][A

 34%|███▍      | 13/38 [00:01<00:03,  6.83it/s][A

 37%|███▋      | 14/38 [00:01<00:03,  6.82it/s][A

 39%|███▉      | 15/38 [00:02<00:03,  6.81it/s][A

 42%|████▏     | 16/38 [00:02<00:03,  6.81it/s][A

 45%|████▍     | 17/38 [00:02<00:03,  6.80it/s][A

 47%|████▋     | 18/38 [00:02<00:02,  6.80it/s][A

 50%|█████     | 19/38 [00:02<00:02,  6.80it/s][A

 53%|█████▎    | 20/38 [00:02<00:02,  6.79it/s][A

 55%|█████▌    | 21/38 [00:02<00:02,  6.79it/s][A

 58%|█████▊    | 22/38 [00:03<00:02,  6.78it/s][A

 61%|██████    | 23/38 [00:03<00:02,  6.78it/s][A

 63%|██████▎   | 24/38 [00:03<00:02,  6.78it/s][A

 66%|██████▌   | 25/38 [00:03<00:01,  6.77it/s][A

 68%|██████▊   | 26/38 [00:03<00:01,  6.78it/s][A

 71%|███████   | 27/38 [00:03<00:01,  6.78it/s][A

 74%|███████▎  | 28/38 [00:03<00:01,  6.79it/s][A

 76%|███████▋  | 29/38 [00:04<00:01,  6.79it/s][A

 79%|███████▉  | 30/38 [00:04<00:01,  6.79it/s][A

 82%|████████▏ | 31/38 [00:04<00:01,  6.79it/s][A

 84%|████████▍ | 32/38 [00:04<00:00,  6.79it/s][A

 87%|████████▋ | 33/38 [00:04<00:00,  6.77it/s][A

 89%|████████▉ | 34/38 [00:04<00:00,  6.79it/s][A

 92%|█████████▏| 35/38 [00:05<00:00,  6.79it/s][A

 95%|█████████▍| 36/38 [00:05<00:00,  6.79it/s][A

 97%|█████████▋| 37/38 [00:05<00:00,  6.78it/s][A

100%|██████████| 38/38 [00:05<00:00,  6.78it/s][A
                                                 

                                               
[A
 14%|█▎        | 100/740 [06:25<39:58,  3.75s/it]

100%|██████████| 38/38 [00:05<00:00,  6.78it/s][A

                                               [A
 14%|█▎        | 101/740 [06:29<57:41,  5.42s/it]
 14%|█▍        | 102/740 [06:32<52:16,  4.92s/it]
 14%|█▍        | 103/740 [06:36<48:28,  4.57s/it]
 14%|█▍        | 104/740 [06:40<45:48,  4.32s/it]
 14%|█▍        | 105/740 [06:44<43:54,  4.15s/it]
 14%|█▍        | 106/740 [06:47<42:34,  4.03s/it]
 14%|█▍        | 107/740 [06:51<41:37,  3.95s/it]
 15%|█▍        | 108/740 [06:55<40:56,  3.89s/it]
 15%|█▍        | 109/740 [06:59<40:27,  3.85s/it]
 15%|█▍        | 110/740 [07:02<40:05,  3.82s/it]
 15%|█▌        | 111/740 [07:06<39:48,  3.80s/it]
 15%|█▌        | 112/740 [07:10<39:36,  3.78s/it]
 15%|█▌        | 113/740 [07:14<39:25,  3.77s/it]
 15%|█▌        | 114/740 [07:17<39:17,  3.77s/it]
 16%|█▌        | 115/740 [07:21<39:10,  3.76s/it]
 16%|█▌        | 116/740 [07:25<39:04,  3.76s/it]
 16%|█▌        | 117/740 [07:29<38:59,  3.75s/it]
 16%|█▌        | 118/740 [07:32<38:54,  3.75s/it]
 16%|█▌        | 119/740 [07:36<38:49,  3.75s/it]
 16%|█▌        | 120/740 [07:40<38:44,  3.75s/it]
 16%|█▋        | 121/740 [07:44<38:41,  3.75s/it]
 16%|█▋        | 122/740 [07:47<38:37,  3.75s/it]
 17%|█▋        | 123/740 [07:51<38:32,  3.75s/it]
 17%|█▋        | 124/740 [07:55<38:29,  3.75s/it]
 17%|█▋        | 125/740 [07:59<38:25,  3.75s/it]
 17%|█▋        | 126/740 [08:02<38:21,  3.75s/it]
 17%|█▋        | 127/740 [08:06<38:18,  3.75s/it]
 17%|█▋        | 128/740 [08:10<38:13,  3.75s/it]
 17%|█▋        | 129/740 [08:14<38:10,  3.75s/it]
 18%|█▊        | 130/740 [08:17<38:06,  3.75s/it]
 18%|█▊        | 131/740 [08:21<38:02,  3.75s/it]
 18%|█▊        | 132/740 [08:25<37:59,  3.75s/it]
 18%|█▊        | 133/740 [08:29<37:55,  3.75s/it]
 18%|█▊        | 134/740 [08:32<37:52,  3.75s/it]
 18%|█▊        | 135/740 [08:36<37:48,  3.75s/it]
 18%|█▊        | 136/740 [08:40<37:44,  3.75s/it]
 19%|█▊        | 137/740 [08:44<37:40,  3.75s/it]
 19%|█▊        | 138/740 [08:47<37:38,  3.75s/it]
 19%|█▉        | 139/740 [08:51<37:33,  3.75s/it]
 19%|█▉        | 140/740 [08:55<37:29,  3.75s/it]
 19%|█▉        | 141/740 [08:59<37:25,  3.75s/it]
 19%|█▉        | 142/740 [09:02<37:21,  3.75s/it]
 19%|█▉        | 143/740 [09:06<37:17,  3.75s/it]
 19%|█▉        | 144/740 [09:10<37:13,  3.75s/it]
 20%|█▉        | 145/740 [09:14<37:11,  3.75s/it]
 20%|█▉        | 146/740 [09:17<37:10,  3.76s/it]
 20%|█▉        | 147/740 [09:21<37:07,  3.76s/it]
 20%|██        | 148/740 [09:25<37:05,  3.76s/it]
 20%|██        | 149/740 [09:29<36:35,  3.71s/it]
 20%|██        | 150/740 [09:32<36:38,  3.73s/it]
 20%|██        | 151/740 [09:36<36:40,  3.74s/it]
 21%|██        | 152/740 [09:40<36:40,  3.74s/it]
 21%|██        | 153/740 [09:44<36:38,  3.75s/it]
 21%|██        | 154/740 [09:47<36:36,  3.75s/it]
 21%|██        | 155/740 [09:51<36:32,  3.75s/it]
 21%|██        | 156/740 [09:55<36:29,  3.75s/it]
 21%|██        | 157/740 [09:59<36:25,  3.75s/it]
 21%|██▏       | 158/740 [10:02<36:22,  3.75s/it]
 21%|██▏       | 159/740 [10:06<36:18,  3.75s/it]
 22%|██▏       | 160/740 [10:10<36:14,  3.75s/it]
 22%|██▏       | 161/740 [10:14<36:10,  3.75s/it]
 22%|██▏       | 162/740 [10:17<36:06,  3.75s/it]
 22%|██▏       | 163/740 [10:21<36:03,  3.75s/it]
 22%|██▏       | 164/740 [10:25<35:59,  3.75s/it]
 22%|██▏       | 165/740 [10:29<35:55,  3.75s/it]
 22%|██▏       | 166/740 [10:32<35:51,  3.75s/it]
 23%|██▎       | 167/740 [10:36<35:48,  3.75s/it]
 23%|██▎       | 168/740 [10:40<35:43,  3.75s/it]
 23%|██▎       | 169/740 [10:44<35:40,  3.75s/it]
 23%|██▎       | 170/740 [10:47<35:37,  3.75s/it]
 23%|██▎       | 171/740 [10:51<35:33,  3.75s/it]
 23%|██▎       | 172/740 [10:55<35:29,  3.75s/it]
 23%|██▎       | 173/740 [10:59<35:26,  3.75s/it]
 24%|██▎       | 174/740 [11:02<35:24,  3.75s/it]
 24%|██▎       | 175/740 [11:06<35:20,  3.75s/it]
 24%|██▍       | 176/740 [11:10<35:17,  3.75s/it]
 24%|██▍       | 177/740 [11:14<35:14,  3.76s/it]
 24%|██▍       | 178/740 [11:17<35:13,  3.76s/it]
 24%|██▍       | 179/740 [11:21<35:10,  3.76s/it]
 24%|██▍       | 180/740 [11:25<35:06,  3.76s/it]
 24%|██▍       | 181/740 [11:29<35:02,  3.76s/it]
 25%|██▍       | 182/740 [11:32<34:58,  3.76s/it]
 25%|██▍       | 183/740 [11:36<34:54,  3.76s/it]
 25%|██▍       | 184/740 [11:40<34:48,  3.76s/it]
 25%|██▌       | 185/740 [11:44<34:43,  3.75s/it]
 25%|██▌       | 186/740 [11:47<34:38,  3.75s/it]
 25%|██▌       | 187/740 [11:51<34:34,  3.75s/it]
 25%|██▌       | 188/740 [11:55<34:30,  3.75s/it]
 26%|██▌       | 189/740 [11:59<34:26,  3.75s/it]
 26%|██▌       | 190/740 [12:02<34:22,  3.75s/it]
 26%|██▌       | 191/740 [12:06<34:18,  3.75s/it]
 26%|██▌       | 192/740 [12:10<34:14,  3.75s/it]
 26%|██▌       | 193/740 [12:14<34:10,  3.75s/it]
 26%|██▌       | 194/740 [12:17<34:06,  3.75s/it]
 26%|██▋       | 195/740 [12:21<34:03,  3.75s/it]
 26%|██▋       | 196/740 [12:25<33:59,  3.75s/it]
 27%|██▋       | 197/740 [12:29<33:55,  3.75s/it]
 27%|██▋       | 198/740 [12:32<33:52,  3.75s/it]
 27%|██▋       | 199/740 [12:36<33:48,  3.75s/it]
 27%|██▋       | 200/740 [12:40<33:44,  3.75s/it]
                                                 

 27%|██▋       | 200/740 [12:40<33:44,  3.75s/it]{'eval_loss': 2.450507879257202, 'eval_runtime': 5.5526, 'eval_samples_per_second': 216.834, 'eval_steps_per_second': 6.844, 'epoch': 1.34}
{'loss': 2.5357, 'learning_rate': 7.297297297297297e-05, 'epoch': 2.69}


  0%|          | 0/38 [00:00<?, ?it/s][A

  5%|▌         | 2/38 [00:00<00:02, 13.71it/s][A

 11%|█         | 4/38 [00:00<00:03,  8.58it/s][A

 13%|█▎        | 5/38 [00:00<00:04,  7.96it/s][A

 16%|█▌        | 6/38 [00:00<00:04,  7.57it/s][A

 18%|█▊        | 7/38 [00:00<00:04,  7.33it/s][A

 21%|██        | 8/38 [00:01<00:04,  7.14it/s][A

 24%|██▎       | 9/38 [00:01<00:04,  7.03it/s][A

 26%|██▋       | 10/38 [00:01<00:04,  6.96it/s][A

 29%|██▉       | 11/38 [00:01<00:03,  6.91it/s][A

 32%|███▏      | 12/38 [00:01<00:03,  6.85it/s][A

 34%|███▍      | 13/38 [00:01<00:03,  6.83it/s][A

 37%|███▋      | 14/38 [00:01<00:03,  6.82it/s][A

 39%|███▉      | 15/38 [00:02<00:03,  6.81it/s][A

 42%|████▏     | 16/38 [00:02<00:03,  6.78it/s][A

 45%|████▍     | 17/38 [00:02<00:03,  6.81it/s][A

 47%|████▋     | 18/38 [00:02<00:02,  6.80it/s][A

 50%|█████     | 19/38 [00:02<00:02,  6.79it/s][A

 53%|█████▎    | 20/38 [00:02<00:02,  6.79it/s][A

 55%|█████▌    | 21/38 [00:02<00:02,  6.78it/s][A

 58%|█████▊    | 22/38 [00:03<00:02,  6.77it/s][A

 61%|██████    | 23/38 [00:03<00:02,  6.78it/s][A

 63%|██████▎   | 24/38 [00:03<00:02,  6.78it/s][A

 66%|██████▌   | 25/38 [00:03<00:01,  6.77it/s][A

 68%|██████▊   | 26/38 [00:03<00:01,  6.79it/s][A

 71%|███████   | 27/38 [00:03<00:01,  6.79it/s][A

 74%|███████▎  | 28/38 [00:03<00:01,  6.79it/s][A

 76%|███████▋  | 29/38 [00:04<00:01,  6.78it/s][A

 79%|███████▉  | 30/38 [00:04<00:01,  6.78it/s][A

 82%|████████▏ | 31/38 [00:04<00:01,  6.78it/s][A

 84%|████████▍ | 32/38 [00:04<00:00,  6.77it/s][A

 87%|████████▋ | 33/38 [00:04<00:00,  6.79it/s][A

 89%|████████▉ | 34/38 [00:04<00:00,  6.79it/s][A

 92%|█████████▏| 35/38 [00:05<00:00,  6.78it/s][A

 95%|█████████▍| 36/38 [00:05<00:00,  6.78it/s][A

 97%|█████████▋| 37/38 [00:05<00:00,  6.78it/s][A

100%|██████████| 38/38 [00:05<00:00,  6.78it/s][A
                                                 

                                               
[A
 27%|██▋       | 200/740 [12:45<33:44,  3.75s/it]

100%|██████████| 38/38 [00:05<00:00,  6.78it/s][A

                                               [A
 27%|██▋       | 201/740 [12:49<48:40,  5.42s/it]
 27%|██▋       | 202/740 [12:53<44:06,  4.92s/it]
 27%|██▋       | 203/740 [12:57<40:52,  4.57s/it]
 28%|██▊       | 204/740 [13:00<38:36,  4.32s/it]
 28%|██▊       | 205/740 [13:04<36:59,  4.15s/it]
 28%|██▊       | 206/740 [13:08<35:51,  4.03s/it]
 28%|██▊       | 207/740 [13:12<35:03,  3.95s/it]
 28%|██▊       | 208/740 [13:15<34:28,  3.89s/it]
 28%|██▊       | 209/740 [13:19<34:01,  3.85s/it]
 28%|██▊       | 210/740 [13:23<33:42,  3.82s/it]
 29%|██▊       | 211/740 [13:27<33:28,  3.80s/it]
 29%|██▊       | 212/740 [13:30<33:18,  3.78s/it]
 29%|██▉       | 213/740 [13:34<33:09,  3.77s/it]
 29%|██▉       | 214/740 [13:38<33:01,  3.77s/it]
 29%|██▉       | 215/740 [13:42<32:54,  3.76s/it]
 29%|██▉       | 216/740 [13:45<32:48,  3.76s/it]
 29%|██▉       | 217/740 [13:49<32:43,  3.76s/it]
 29%|██▉       | 218/740 [13:53<32:39,  3.75s/it]
 30%|██▉       | 219/740 [13:57<32:35,  3.75s/it]
 30%|██▉       | 220/740 [14:00<32:30,  3.75s/it]
 30%|██▉       | 221/740 [14:04<32:26,  3.75s/it]
 30%|███       | 222/740 [14:08<32:22,  3.75s/it]
 30%|███       | 223/740 [14:12<32:18,  3.75s/it]
 30%|███       | 224/740 [14:15<31:50,  3.70s/it]
 30%|███       | 225/740 [14:19<32:15,  3.76s/it]
 31%|███       | 226/740 [14:23<32:09,  3.75s/it]
 31%|███       | 227/740 [14:27<32:05,  3.75s/it]
 31%|███       | 228/740 [14:31<32:22,  3.79s/it]
 31%|███       | 229/740 [14:34<32:11,  3.78s/it]
 31%|███       | 230/740 [14:38<32:03,  3.77s/it]
 31%|███       | 231/740 [14:42<31:56,  3.76s/it]
 31%|███▏      | 232/740 [14:46<31:50,  3.76s/it]
 31%|███▏      | 233/740 [14:49<31:45,  3.76s/it]
 32%|███▏      | 234/740 [14:53<31:40,  3.76s/it]
 32%|███▏      | 235/740 [14:57<31:35,  3.75s/it]
 32%|███▏      | 236/740 [15:01<31:31,  3.75s/it]
 32%|███▏      | 237/740 [15:05<32:01,  3.82s/it]
 32%|███▏      | 238/740 [15:08<31:46,  3.80s/it]
 32%|███▏      | 239/740 [15:12<31:35,  3.78s/it]
 32%|███▏      | 240/740 [15:16<31:26,  3.77s/it]
 33%|███▎      | 241/740 [15:20<31:18,  3.76s/it]
 33%|███▎      | 242/740 [15:23<31:12,  3.76s/it]
 33%|███▎      | 243/740 [15:27<31:07,  3.76s/it]
 33%|███▎      | 244/740 [15:31<31:02,  3.75s/it]
 33%|███▎      | 245/740 [15:35<30:57,  3.75s/it]
 33%|███▎      | 246/740 [15:38<30:53,  3.75s/it]
 33%|███▎      | 247/740 [15:42<30:49,  3.75s/it]
 34%|███▎      | 248/740 [15:46<30:45,  3.75s/it]
 34%|███▎      | 249/740 [15:50<30:40,  3.75s/it]
 34%|███▍      | 250/740 [15:53<30:37,  3.75s/it]
 34%|███▍      | 251/740 [15:57<30:33,  3.75s/it]
 34%|███▍      | 252/740 [16:01<30:29,  3.75s/it]
 34%|███▍      | 253/740 [16:05<30:25,  3.75s/it]
 34%|███▍      | 254/740 [16:08<30:21,  3.75s/it]
 34%|███▍      | 255/740 [16:12<30:17,  3.75s/it]
 35%|███▍      | 256/740 [16:16<30:14,  3.75s/it]
 35%|███▍      | 257/740 [16:20<30:10,  3.75s/it]
 35%|███▍      | 258/740 [16:23<30:06,  3.75s/it]
 35%|███▌      | 259/740 [16:27<30:02,  3.75s/it]
 35%|███▌      | 260/740 [16:31<29:59,  3.75s/it]
 35%|███▌      | 261/740 [16:35<29:55,  3.75s/it]
 35%|███▌      | 262/740 [16:38<29:51,  3.75s/it]
 36%|███▌      | 263/740 [16:42<29:47,  3.75s/it]
 36%|███▌      | 264/740 [16:46<29:44,  3.75s/it]
 36%|███▌      | 265/740 [16:50<29:40,  3.75s/it]
 36%|███▌      | 266/740 [16:53<29:36,  3.75s/it]
 36%|███▌      | 267/740 [16:57<29:33,  3.75s/it]
 36%|███▌      | 268/740 [17:01<29:29,  3.75s/it]
 36%|███▋      | 269/740 [17:05<29:25,  3.75s/it]
 36%|███▋      | 270/740 [17:08<29:21,  3.75s/it]
 37%|███▋      | 271/740 [17:12<29:18,  3.75s/it]
 37%|███▋      | 272/740 [17:16<29:14,  3.75s/it]
 37%|███▋      | 273/740 [17:20<29:10,  3.75s/it]
 37%|███▋      | 274/740 [17:23<29:07,  3.75s/it]
 37%|███▋      | 275/740 [17:27<29:03,  3.75s/it]
 37%|███▋      | 276/740 [17:31<28:59,  3.75s/it]
 37%|███▋      | 277/740 [17:35<28:55,  3.75s/it]
 38%|███▊      | 278/740 [17:38<28:52,  3.75s/it]
 38%|███▊      | 279/740 [17:42<28:48,  3.75s/it]
 38%|███▊      | 280/740 [17:46<28:44,  3.75s/it]
 38%|███▊      | 281/740 [17:50<28:40,  3.75s/it]
 38%|███▊      | 282/740 [17:53<28:37,  3.75s/it]
 38%|███▊      | 283/740 [17:57<28:33,  3.75s/it]
 38%|███▊      | 284/740 [18:01<28:29,  3.75s/it]
 39%|███▊      | 285/740 [18:05<28:25,  3.75s/it]
 39%|███▊      | 286/740 [18:08<28:21,  3.75s/it]
 39%|███▉      | 287/740 [18:12<28:18,  3.75s/it]
 39%|███▉      | 288/740 [18:16<28:14,  3.75s/it]
 39%|███▉      | 289/740 [18:19<28:10,  3.75s/it]
 39%|███▉      | 290/740 [18:23<28:06,  3.75s/it]
 39%|███▉      | 291/740 [18:27<28:03,  3.75s/it]
 39%|███▉      | 292/740 [18:31<27:59,  3.75s/it]
 40%|███▉      | 293/740 [18:34<27:55,  3.75s/it]
 40%|███▉      | 294/740 [18:38<27:51,  3.75s/it]
 40%|███▉      | 295/740 [18:42<27:48,  3.75s/it]
 40%|████      | 296/740 [18:46<27:44,  3.75s/it]
 40%|████      | 297/740 [18:49<27:40,  3.75s/it]
 40%|████      | 298/740 [18:53<27:16,  3.70s/it]
 40%|████      | 299/740 [18:57<27:19,  3.72s/it]
 41%|████      | 300/740 [19:01<27:19,  3.73s/it]
                                                 

 41%|████      | 300/740 [19:01<27:19,  3.73s/it]{'eval_loss': 2.3193845748901367, 'eval_runtime': 5.5531, 'eval_samples_per_second': 216.817, 'eval_steps_per_second': 6.843, 'epoch': 2.69}
{'loss': 2.4137, 'learning_rate': 5.9459459459459466e-05, 'epoch': 4.03}


  0%|          | 0/38 [00:00<?, ?it/s][A

  5%|▌         | 2/38 [00:00<00:02, 13.73it/s][A

 11%|█         | 4/38 [00:00<00:03,  8.57it/s][A

 13%|█▎        | 5/38 [00:00<00:04,  7.94it/s][A

 16%|█▌        | 6/38 [00:00<00:04,  7.56it/s][A

 18%|█▊        | 7/38 [00:00<00:04,  7.31it/s][A

 21%|██        | 8/38 [00:01<00:04,  7.14it/s][A

 24%|██▎       | 9/38 [00:01<00:04,  7.03it/s][A

 26%|██▋       | 10/38 [00:01<00:04,  6.95it/s][A

 29%|██▉       | 11/38 [00:01<00:03,  6.91it/s][A

 32%|███▏      | 12/38 [00:01<00:03,  6.87it/s][A

 34%|███▍      | 13/38 [00:01<00:03,  6.85it/s][A

 37%|███▋      | 14/38 [00:01<00:03,  6.83it/s][A

 39%|███▉      | 15/38 [00:02<00:03,  6.81it/s][A

 42%|████▏     | 16/38 [00:02<00:03,  6.80it/s][A

 45%|████▍     | 17/38 [00:02<00:03,  6.80it/s][A

 47%|████▋     | 18/38 [00:02<00:02,  6.80it/s][A

 50%|█████     | 19/38 [00:02<00:02,  6.80it/s][A

 53%|█████▎    | 20/38 [00:02<00:02,  6.79it/s][A

 55%|█████▌    | 21/38 [00:02<00:02,  6.79it/s][A

 58%|█████▊    | 22/38 [00:03<00:02,  6.79it/s][A

 61%|██████    | 23/38 [00:03<00:02,  6.78it/s][A

 63%|██████▎   | 24/38 [00:03<00:02,  6.78it/s][A

 66%|██████▌   | 25/38 [00:03<00:01,  6.79it/s][A

 68%|██████▊   | 26/38 [00:03<00:01,  6.79it/s][A

 71%|███████   | 27/38 [00:03<00:01,  6.78it/s][A

 74%|███████▎  | 28/38 [00:03<00:01,  6.78it/s][A

 76%|███████▋  | 29/38 [00:04<00:01,  6.78it/s][A

 79%|███████▉  | 30/38 [00:04<00:01,  6.77it/s][A

 82%|████████▏ | 31/38 [00:04<00:01,  6.77it/s][A

 84%|████████▍ | 32/38 [00:04<00:00,  6.78it/s][A

 87%|████████▋ | 33/38 [00:04<00:00,  6.78it/s][A

 89%|████████▉ | 34/38 [00:04<00:00,  6.78it/s][A

 92%|█████████▏| 35/38 [00:05<00:00,  6.79it/s][A

 95%|█████████▍| 36/38 [00:05<00:00,  6.79it/s][A

 97%|█████████▋| 37/38 [00:05<00:00,  6.79it/s][A

100%|██████████| 38/38 [00:05<00:00,  6.79it/s][A
                                                 

                                               
[A
 41%|████      | 300/740 [19:06<27:19,  3.73s/it]

100%|██████████| 38/38 [00:05<00:00,  6.79it/s][A

                                               [A
 41%|████      | 301/740 [19:10<39:31,  5.40s/it]
 41%|████      | 302/740 [19:14<35:48,  4.91s/it]
 41%|████      | 303/740 [19:17<33:12,  4.56s/it]
 41%|████      | 304/740 [19:21<31:21,  4.32s/it]
 41%|████      | 305/740 [19:25<30:03,  4.15s/it]
 41%|████▏     | 306/740 [19:29<29:07,  4.03s/it]
 41%|████▏     | 307/740 [19:32<28:27,  3.94s/it]
 42%|████▏     | 308/740 [19:36<27:58,  3.88s/it]
 42%|████▏     | 309/740 [19:40<27:36,  3.84s/it]
 42%|████▏     | 310/740 [19:44<27:20,  3.82s/it]
 42%|████▏     | 311/740 [19:47<27:08,  3.80s/it]
 42%|████▏     | 312/740 [19:51<26:58,  3.78s/it]
 42%|████▏     | 313/740 [19:55<26:50,  3.77s/it]
 42%|████▏     | 314/740 [19:59<26:43,  3.76s/it]
 43%|████▎     | 315/740 [20:02<26:37,  3.76s/it]
 43%|████▎     | 316/740 [20:06<26:32,  3.76s/it]
 43%|████▎     | 317/740 [20:10<26:27,  3.75s/it]
 43%|████▎     | 318/740 [20:14<26:23,  3.75s/it]
 43%|████▎     | 319/740 [20:17<26:19,  3.75s/it]
 43%|████▎     | 320/740 [20:21<26:14,  3.75s/it]
 43%|████▎     | 321/740 [20:25<26:10,  3.75s/it]
 44%|████▎     | 322/740 [20:29<26:07,  3.75s/it]
 44%|████▎     | 323/740 [20:32<26:03,  3.75s/it]
 44%|████▍     | 324/740 [20:36<25:59,  3.75s/it]
 44%|████▍     | 325/740 [20:40<25:55,  3.75s/it]
 44%|████▍     | 326/740 [20:44<25:51,  3.75s/it]
 44%|████▍     | 327/740 [20:47<25:48,  3.75s/it]
 44%|████▍     | 328/740 [20:51<25:44,  3.75s/it]
 44%|████▍     | 329/740 [20:55<25:40,  3.75s/it]
 45%|████▍     | 330/740 [20:59<25:37,  3.75s/it]
 45%|████▍     | 331/740 [21:02<25:33,  3.75s/it]
 45%|████▍     | 332/740 [21:06<25:29,  3.75s/it]
 45%|████▌     | 333/740 [21:10<25:26,  3.75s/it]
 45%|████▌     | 334/740 [21:14<25:22,  3.75s/it]
 45%|████▌     | 335/740 [21:17<25:18,  3.75s/it]
 45%|████▌     | 336/740 [21:21<25:14,  3.75s/it]
 46%|████▌     | 337/740 [21:25<25:10,  3.75s/it]
 46%|████▌     | 338/740 [21:29<25:07,  3.75s/it]
 46%|████▌     | 339/740 [21:32<25:03,  3.75s/it]
 46%|████▌     | 340/740 [21:36<24:59,  3.75s/it]
 46%|████▌     | 341/740 [21:40<24:56,  3.75s/it]
 46%|████▌     | 342/740 [21:44<24:52,  3.75s/it]
 46%|████▋     | 343/740 [21:47<24:48,  3.75s/it]
 46%|████▋     | 344/740 [21:51<24:45,  3.75s/it]
 47%|████▋     | 345/740 [21:55<24:41,  3.75s/it]
 47%|████▋     | 346/740 [21:59<24:38,  3.75s/it]
 47%|████▋     | 347/740 [22:02<24:35,  3.76s/it]
 47%|████▋     | 348/740 [22:06<24:32,  3.76s/it]
 47%|████▋     | 349/740 [22:10<24:28,  3.76s/it]
 47%|████▋     | 350/740 [22:14<24:24,  3.76s/it]
 47%|████▋     | 351/740 [22:17<24:21,  3.76s/it]
 48%|████▊     | 352/740 [22:21<24:17,  3.76s/it]
 48%|████▊     | 353/740 [22:25<24:14,  3.76s/it]
 48%|████▊     | 354/740 [22:29<24:10,  3.76s/it]
 48%|████▊     | 355/740 [22:32<24:06,  3.76s/it]
 48%|████▊     | 356/740 [22:36<24:02,  3.76s/it]
 48%|████▊     | 357/740 [22:40<23:58,  3.76s/it]
 48%|████▊     | 358/740 [22:44<23:54,  3.76s/it]
 49%|████▊     | 359/740 [22:47<23:51,  3.76s/it]
 49%|████▊     | 360/740 [22:51<23:47,  3.76s/it]
 49%|████▉     | 361/740 [22:55<23:43,  3.76s/it]
 49%|████▉     | 362/740 [22:59<23:39,  3.76s/it]
 49%|████▉     | 363/740 [23:02<23:37,  3.76s/it]
 49%|████▉     | 364/740 [23:06<23:33,  3.76s/it]
 49%|████▉     | 365/740 [23:10<23:30,  3.76s/it]
 49%|████▉     | 366/740 [23:14<23:26,  3.76s/it]
 50%|████▉     | 367/740 [23:19<25:44,  4.14s/it]
 50%|████▉     | 368/740 [23:23<25:15,  4.07s/it]
 50%|████▉     | 369/740 [23:26<24:36,  3.98s/it]
 50%|█████     | 370/740 [23:30<24:10,  3.92s/it]
 50%|█████     | 371/740 [23:34<23:51,  3.88s/it]
 50%|█████     | 372/740 [23:38<23:17,  3.80s/it]
 50%|█████     | 373/740 [23:41<23:09,  3.78s/it]
 51%|█████     | 374/740 [23:45<23:23,  3.84s/it]
 51%|█████     | 375/740 [23:49<23:11,  3.81s/it]
 51%|█████     | 376/740 [23:53<23:15,  3.83s/it]
 51%|█████     | 377/740 [23:57<23:03,  3.81s/it]
 51%|█████     | 378/740 [24:01<23:09,  3.84s/it]
 51%|█████     | 379/740 [24:04<22:58,  3.82s/it]
 51%|█████▏    | 380/740 [24:08<22:48,  3.80s/it]
 51%|█████▏    | 381/740 [24:12<22:40,  3.79s/it]
 52%|█████▏    | 382/740 [24:16<22:49,  3.82s/it]
 52%|█████▏    | 383/740 [24:20<22:39,  3.81s/it]
 52%|█████▏    | 384/740 [24:23<22:31,  3.80s/it]
 52%|█████▏    | 385/740 [24:27<22:46,  3.85s/it]
 52%|█████▏    | 386/740 [24:31<22:33,  3.82s/it]
 52%|█████▏    | 387/740 [24:35<22:23,  3.80s/it]
 52%|█████▏    | 388/740 [24:39<22:15,  3.79s/it]
 53%|█████▎    | 389/740 [24:42<22:08,  3.78s/it]
 53%|█████▎    | 390/740 [24:46<22:02,  3.78s/it]
 53%|█████▎    | 391/740 [24:50<21:56,  3.77s/it]
 53%|█████▎    | 392/740 [24:54<21:52,  3.77s/it]
 53%|█████▎    | 393/740 [24:58<21:50,  3.78s/it]
 53%|█████▎    | 394/740 [25:01<21:47,  3.78s/it]
 53%|█████▎    | 395/740 [25:05<21:42,  3.77s/it]
 54%|█████▎    | 396/740 [25:09<21:38,  3.77s/it]
 54%|█████▎    | 397/740 [25:13<21:32,  3.77s/it]
 54%|█████▍    | 398/740 [25:16<21:27,  3.77s/it]
 54%|█████▍    | 399/740 [25:20<21:22,  3.76s/it]
 54%|█████▍    | 400/740 [25:24<21:18,  3.76s/it]
                                                 

 54%|█████▍    | 400/740 [25:24<21:18,  3.76s/it]{'eval_loss': 2.224104166030884, 'eval_runtime': 5.5515, 'eval_samples_per_second': 216.879, 'eval_steps_per_second': 6.845, 'epoch': 4.03}
{'loss': 2.3342, 'learning_rate': 4.594594594594595e-05, 'epoch': 5.38}


  0%|          | 0/38 [00:00<?, ?it/s][A

  5%|▌         | 2/38 [00:00<00:02, 15.05it/s][A

 11%|█         | 4/38 [00:00<00:03,  8.78it/s][A

 16%|█▌        | 6/38 [00:00<00:04,  7.74it/s][A

 18%|█▊        | 7/38 [00:00<00:04,  7.49it/s][A

 21%|██        | 8/38 [00:01<00:04,  7.29it/s][A

 24%|██▎       | 9/38 [00:01<00:04,  7.15it/s][A

 26%|██▋       | 10/38 [00:01<00:03,  7.05it/s][A

 29%|██▉       | 11/38 [00:01<00:03,  6.97it/s][A

 32%|███▏      | 12/38 [00:01<00:03,  6.92it/s][A

 34%|███▍      | 13/38 [00:01<00:03,  6.87it/s][A

 37%|███▋      | 14/38 [00:01<00:03,  6.85it/s][A

 39%|███▉      | 15/38 [00:02<00:03,  6.83it/s][A

 42%|████▏     | 16/38 [00:02<00:03,  6.82it/s][A

 45%|████▍     | 17/38 [00:02<00:03,  6.80it/s][A

 47%|████▋     | 18/38 [00:02<00:02,  6.80it/s][A

 50%|█████     | 19/38 [00:02<00:02,  6.79it/s][A

 53%|█████▎    | 20/38 [00:02<00:03,  5.89it/s][A

 55%|█████▌    | 21/38 [00:03<00:02,  6.14it/s][A

 58%|█████▊    | 22/38 [00:03<00:02,  6.33it/s][A

 61%|██████    | 23/38 [00:03<00:02,  6.46it/s][A

 63%|██████▎   | 24/38 [00:03<00:02,  6.55it/s][A

 66%|██████▌   | 25/38 [00:03<00:01,  6.62it/s][A

 68%|██████▊   | 26/38 [00:03<00:01,  6.68it/s][A

 71%|███████   | 27/38 [00:03<00:01,  6.70it/s][A

 74%|███████▎  | 28/38 [00:04<00:01,  6.73it/s][A

 76%|███████▋  | 29/38 [00:04<00:01,  6.75it/s][A

 79%|███████▉  | 30/38 [00:04<00:01,  6.76it/s][A

 82%|████████▏ | 31/38 [00:04<00:01,  6.77it/s][A

 84%|████████▍ | 32/38 [00:04<00:00,  6.78it/s][A

 87%|████████▋ | 33/38 [00:04<00:00,  6.78it/s][A

 89%|████████▉ | 34/38 [00:04<00:00,  6.78it/s][A

 92%|█████████▏| 35/38 [00:05<00:00,  6.78it/s][A

 95%|█████████▍| 36/38 [00:05<00:00,  6.78it/s][A

 97%|█████████▋| 37/38 [00:05<00:00,  6.78it/s][A

100%|██████████| 38/38 [00:05<00:00,  6.77it/s][A
                                                 

                                               
[A
 54%|█████▍    | 400/740 [25:29<21:18,  3.76s/it]

100%|██████████| 38/38 [00:05<00:00,  6.77it/s][A

                                               [A
 54%|█████▍    | 401/740 [25:33<30:47,  5.45s/it]
 54%|█████▍    | 402/740 [25:37<27:50,  4.94s/it]
 54%|█████▍    | 403/740 [25:41<25:45,  4.59s/it]
 55%|█████▍    | 404/740 [25:45<24:17,  4.34s/it]
 55%|█████▍    | 405/740 [25:48<23:15,  4.17s/it]
 55%|█████▍    | 406/740 [25:52<22:30,  4.04s/it]
 55%|█████▌    | 407/740 [25:56<21:57,  3.96s/it]
 55%|█████▌    | 408/740 [26:00<21:33,  3.90s/it]
 55%|█████▌    | 409/740 [26:03<21:15,  3.85s/it]
 55%|█████▌    | 410/740 [26:07<21:02,  3.83s/it]
 56%|█████▌    | 411/740 [26:11<20:52,  3.81s/it]
 56%|█████▌    | 412/740 [26:15<20:44,  3.79s/it]
 56%|█████▌    | 413/740 [26:18<20:37,  3.78s/it]
 56%|█████▌    | 414/740 [26:22<20:32,  3.78s/it]
 56%|█████▌    | 415/740 [26:26<20:27,  3.78s/it]
 56%|█████▌    | 416/740 [26:30<20:23,  3.77s/it]
 56%|█████▋    | 417/740 [26:33<20:20,  3.78s/it]
 56%|█████▋    | 418/740 [26:37<20:16,  3.78s/it]
 57%|█████▋    | 419/740 [26:41<20:12,  3.78s/it]
 57%|█████▋    | 420/740 [26:45<20:07,  3.77s/it]
 57%|█████▋    | 421/740 [26:49<20:03,  3.77s/it]
 57%|█████▋    | 422/740 [26:52<19:59,  3.77s/it]
 57%|█████▋    | 423/740 [26:56<19:54,  3.77s/it]
 57%|█████▋    | 424/740 [27:00<19:49,  3.77s/it]
 57%|█████▋    | 425/740 [27:04<19:46,  3.77s/it]
 58%|█████▊    | 426/740 [27:07<19:42,  3.77s/it]
 58%|█████▊    | 427/740 [27:11<19:37,  3.76s/it]
 58%|█████▊    | 428/740 [27:15<19:33,  3.76s/it]
 58%|█████▊    | 429/740 [27:19<19:29,  3.76s/it]
 58%|█████▊    | 430/740 [27:22<19:26,  3.76s/it]
 58%|█████▊    | 431/740 [27:26<19:22,  3.76s/it]
 58%|█████▊    | 432/740 [27:30<19:20,  3.77s/it]
 59%|█████▊    | 433/740 [27:34<19:16,  3.77s/it]
 59%|█████▊    | 434/740 [27:37<19:11,  3.76s/it]
 59%|█████▉    | 435/740 [27:41<19:07,  3.76s/it]
 59%|█████▉    | 436/740 [27:45<19:03,  3.76s/it]
 59%|█████▉    | 437/740 [27:49<19:01,  3.77s/it]
 59%|█████▉    | 438/740 [27:53<18:57,  3.77s/it]
 59%|█████▉    | 439/740 [27:57<19:12,  3.83s/it]
 59%|█████▉    | 440/740 [28:00<19:02,  3.81s/it]
 60%|█████▉    | 441/740 [28:04<18:55,  3.80s/it]
 60%|█████▉    | 442/740 [28:08<18:49,  3.79s/it]
 60%|█████▉    | 443/740 [28:12<18:42,  3.78s/it]
 60%|██████    | 444/740 [28:15<18:36,  3.77s/it]
 60%|██████    | 445/740 [28:19<18:31,  3.77s/it]
 60%|██████    | 446/740 [28:23<18:27,  3.77s/it]
 60%|██████    | 447/740 [28:26<18:11,  3.72s/it]
 61%|██████    | 448/740 [28:30<18:10,  3.73s/it]
 61%|██████    | 449/740 [28:34<18:08,  3.74s/it]
 61%|██████    | 450/740 [28:38<18:06,  3.75s/it]
 61%|██████    | 451/740 [28:41<18:03,  3.75s/it]
 61%|██████    | 452/740 [28:45<18:01,  3.76s/it]
 61%|██████    | 453/740 [28:49<17:59,  3.76s/it]
 61%|██████▏   | 454/740 [28:53<17:55,  3.76s/it]
 61%|██████▏   | 455/740 [28:57<17:52,  3.76s/it]
 62%|██████▏   | 456/740 [29:00<17:48,  3.76s/it]
 62%|██████▏   | 457/740 [29:04<17:44,  3.76s/it]
 62%|██████▏   | 458/740 [29:08<17:40,  3.76s/it]
 62%|██████▏   | 459/740 [29:12<17:36,  3.76s/it]
 62%|██████▏   | 460/740 [29:15<17:32,  3.76s/it]
 62%|██████▏   | 461/740 [29:19<17:29,  3.76s/it]
 62%|██████▏   | 462/740 [29:23<17:25,  3.76s/it]
 63%|██████▎   | 463/740 [29:27<17:21,  3.76s/it]
 63%|██████▎   | 464/740 [29:30<17:18,  3.76s/it]
 63%|██████▎   | 465/740 [29:34<17:15,  3.76s/it]
 63%|██████▎   | 466/740 [29:38<17:11,  3.76s/it]
 63%|██████▎   | 467/740 [29:42<17:07,  3.77s/it]
 63%|██████▎   | 468/740 [29:45<17:04,  3.77s/it]
 63%|██████▎   | 469/740 [29:49<17:00,  3.77s/it]
 64%|██████▎   | 470/740 [29:53<16:57,  3.77s/it]
 64%|██████▎   | 471/740 [29:57<16:54,  3.77s/it]
 64%|██████▍   | 472/740 [30:01<16:49,  3.77s/it]
 64%|██████▍   | 473/740 [30:04<16:45,  3.77s/it]
 64%|██████▍   | 474/740 [30:08<16:41,  3.76s/it]
 64%|██████▍   | 475/740 [30:12<16:36,  3.76s/it]
 64%|██████▍   | 476/740 [30:16<16:33,  3.76s/it]
 64%|██████▍   | 477/740 [30:19<16:29,  3.76s/it]
 65%|██████▍   | 478/740 [30:23<16:25,  3.76s/it]
 65%|██████▍   | 479/740 [30:27<16:20,  3.76s/it]
 65%|██████▍   | 480/740 [30:31<16:17,  3.76s/it]
 65%|██████▌   | 481/740 [30:34<16:13,  3.76s/it]
 65%|██████▌   | 482/740 [30:38<16:09,  3.76s/it]
 65%|██████▌   | 483/740 [30:42<16:05,  3.76s/it]
 65%|██████▌   | 484/740 [30:46<16:01,  3.76s/it]
 66%|██████▌   | 485/740 [30:49<15:57,  3.76s/it]
 66%|██████▌   | 486/740 [30:53<15:54,  3.76s/it]
 66%|██████▌   | 487/740 [30:57<15:51,  3.76s/it]
 66%|██████▌   | 488/740 [31:01<15:48,  3.76s/it]
 66%|██████▌   | 489/740 [31:04<15:45,  3.77s/it]
 66%|██████▌   | 490/740 [31:08<15:41,  3.77s/it]
 66%|██████▋   | 491/740 [31:12<15:37,  3.76s/it]
 66%|██████▋   | 492/740 [31:16<15:33,  3.76s/it]
 67%|██████▋   | 493/740 [31:20<15:29,  3.76s/it]
 67%|██████▋   | 494/740 [31:23<15:25,  3.76s/it]
 67%|██████▋   | 495/740 [31:27<15:21,  3.76s/it]
 67%|██████▋   | 496/740 [31:31<15:17,  3.76s/it]
 67%|██████▋   | 497/740 [31:35<15:13,  3.76s/it]
 67%|██████▋   | 498/740 [31:38<15:09,  3.76s/it]
 67%|██████▋   | 499/740 [31:42<15:05,  3.76s/it]
 68%|██████▊   | 500/740 [31:46<15:02,  3.76s/it]
                                                 

 68%|██████▊   | 500/740 [31:46<15:02,  3.76s/it]{'eval_loss': 2.1711158752441406, 'eval_runtime': 5.6271, 'eval_samples_per_second': 213.965, 'eval_steps_per_second': 6.753, 'epoch': 5.38}
{'loss': 2.2909, 'learning_rate': 3.2432432432432436e-05, 'epoch': 6.72}


  0%|          | 0/38 [00:00<?, ?it/s][A

  5%|▌         | 2/38 [00:00<00:02, 14.21it/s][A

 11%|█         | 4/38 [00:00<00:03,  8.65it/s][A

 13%|█▎        | 5/38 [00:00<00:04,  8.00it/s][A

 16%|█▌        | 6/38 [00:00<00:04,  7.60it/s][A

 18%|█▊        | 7/38 [00:00<00:04,  7.34it/s][A

 21%|██        | 8/38 [00:01<00:04,  7.17it/s][A

 24%|██▎       | 9/38 [00:01<00:04,  7.05it/s][A

 26%|██▋       | 10/38 [00:01<00:04,  6.96it/s][A

 29%|██▉       | 11/38 [00:01<00:03,  6.90it/s][A

 32%|███▏      | 12/38 [00:01<00:03,  6.87it/s][A

 34%|███▍      | 13/38 [00:01<00:03,  6.84it/s][A

 37%|███▋      | 14/38 [00:01<00:03,  6.81it/s][A

 39%|███▉      | 15/38 [00:02<00:03,  6.81it/s][A

 42%|████▏     | 16/38 [00:02<00:03,  6.79it/s][A

 45%|████▍     | 17/38 [00:02<00:03,  6.79it/s][A

 47%|████▋     | 18/38 [00:02<00:02,  6.79it/s][A

 50%|█████     | 19/38 [00:02<00:02,  6.79it/s][A

 53%|█████▎    | 20/38 [00:02<00:02,  6.79it/s][A

 55%|█████▌    | 21/38 [00:02<00:02,  6.79it/s][A

 58%|█████▊    | 22/38 [00:03<00:02,  6.79it/s][A

 61%|██████    | 23/38 [00:03<00:02,  6.78it/s][A

 63%|██████▎   | 24/38 [00:03<00:02,  6.78it/s][A

 66%|██████▌   | 25/38 [00:03<00:01,  6.78it/s][A

 68%|██████▊   | 26/38 [00:03<00:01,  6.78it/s][A

 71%|███████   | 27/38 [00:03<00:01,  6.79it/s][A

 74%|███████▎  | 28/38 [00:03<00:01,  6.79it/s][A

 76%|███████▋  | 29/38 [00:04<00:01,  6.78it/s][A

 79%|███████▉  | 30/38 [00:04<00:01,  6.78it/s][A

 82%|████████▏ | 31/38 [00:04<00:01,  6.78it/s][A

 84%|████████▍ | 32/38 [00:04<00:00,  6.77it/s][A

 87%|████████▋ | 33/38 [00:04<00:00,  6.78it/s][A

 89%|████████▉ | 34/38 [00:04<00:00,  6.79it/s][A

 92%|█████████▏| 35/38 [00:05<00:00,  6.77it/s][A

 95%|█████████▍| 36/38 [00:05<00:00,  6.78it/s][A

 97%|█████████▋| 37/38 [00:05<00:00,  6.78it/s][A

100%|██████████| 38/38 [00:05<00:00,  6.78it/s][A
                                                 

                                               
[A
 68%|██████▊   | 500/740 [31:51<15:02,  3.76s/it]

100%|██████████| 38/38 [00:05<00:00,  6.78it/s][A

                                               [A
 68%|██████▊   | 501/740 [32:21<52:40, 13.22s/it]
 68%|██████▊   | 502/740 [32:25<41:12, 10.39s/it]
 68%|██████▊   | 503/740 [32:29<33:13,  8.41s/it]
 68%|██████▊   | 504/740 [32:32<27:36,  7.02s/it]
 68%|██████▊   | 505/740 [32:36<23:39,  6.04s/it]
 68%|██████▊   | 506/740 [32:40<20:52,  5.35s/it]
 69%|██████▊   | 507/740 [32:44<18:55,  4.87s/it]
 69%|██████▊   | 508/740 [32:47<17:32,  4.54s/it]
 69%|██████▉   | 509/740 [32:51<16:33,  4.30s/it]
 69%|██████▉   | 510/740 [32:55<15:53,  4.14s/it]
 69%|██████▉   | 511/740 [32:59<15:23,  4.03s/it]
 69%|██████▉   | 512/740 [33:03<15:01,  3.95s/it]
 69%|██████▉   | 513/740 [33:06<14:43,  3.89s/it]
 69%|██████▉   | 514/740 [33:10<14:30,  3.85s/it]
 70%|██████▉   | 515/740 [33:14<14:20,  3.82s/it]
 70%|██████▉   | 516/740 [33:18<14:11,  3.80s/it]
 70%|██████▉   | 517/740 [33:21<14:04,  3.79s/it]
 70%|███████   | 518/740 [33:25<13:58,  3.77s/it]
 70%|███████   | 519/740 [33:29<13:52,  3.77s/it]
 70%|███████   | 520/740 [33:33<13:47,  3.76s/it]
 70%|███████   | 521/740 [33:36<13:33,  3.72s/it]
 71%|███████   | 522/740 [33:40<13:33,  3.73s/it]
 71%|███████   | 523/740 [33:44<13:31,  3.74s/it]
 71%|███████   | 524/740 [33:47<13:29,  3.75s/it]
 71%|███████   | 525/740 [33:51<13:28,  3.76s/it]
 71%|███████   | 526/740 [33:55<13:25,  3.77s/it]
 71%|███████   | 527/740 [33:59<13:22,  3.77s/it]
 71%|███████▏  | 528/740 [34:03<13:18,  3.77s/it]
 71%|███████▏  | 529/740 [34:06<13:16,  3.77s/it]
 72%|███████▏  | 530/740 [34:10<13:12,  3.77s/it]
 72%|███████▏  | 531/740 [34:14<13:08,  3.77s/it]
 72%|███████▏  | 532/740 [34:18<13:04,  3.77s/it]
 72%|███████▏  | 533/740 [34:21<13:01,  3.78s/it]
 72%|███████▏  | 534/740 [34:25<12:57,  3.77s/it]
 72%|███████▏  | 535/740 [34:29<12:54,  3.78s/it]
 72%|███████▏  | 536/740 [34:33<12:50,  3.78s/it]
 73%|███████▎  | 537/740 [34:37<12:47,  3.78s/it]
 73%|███████▎  | 538/740 [34:40<12:42,  3.78s/it]
 73%|███████▎  | 539/740 [34:44<12:38,  3.77s/it]
 73%|███████▎  | 540/740 [34:48<12:33,  3.77s/it]
 73%|███████▎  | 541/740 [34:52<12:30,  3.77s/it]
 73%|███████▎  | 542/740 [34:55<12:27,  3.77s/it]
 73%|███████▎  | 543/740 [34:59<12:23,  3.78s/it]
 74%|███████▎  | 544/740 [35:03<12:19,  3.78s/it]
 74%|███████▎  | 545/740 [35:07<12:16,  3.78s/it]
 74%|███████▍  | 546/740 [35:11<12:12,  3.78s/it]
 74%|███████▍  | 547/740 [35:14<12:09,  3.78s/it]
 74%|███████▍  | 548/740 [35:18<12:05,  3.78s/it]
 74%|███████▍  | 549/740 [35:22<12:01,  3.78s/it]
 74%|███████▍  | 550/740 [35:26<11:56,  3.77s/it]
 74%|███████▍  | 551/740 [35:29<11:51,  3.77s/it]
 75%|███████▍  | 552/740 [35:33<11:47,  3.76s/it]
 75%|███████▍  | 553/740 [35:37<11:44,  3.77s/it]
 75%|███████▍  | 554/740 [35:41<11:41,  3.77s/it]
 75%|███████▌  | 555/740 [35:44<11:37,  3.77s/it]
 75%|███████▌  | 556/740 [35:48<11:33,  3.77s/it]
 75%|███████▌  | 557/740 [35:52<11:29,  3.77s/it]
 75%|███████▌  | 558/740 [35:56<11:25,  3.76s/it]
 76%|███████▌  | 559/740 [36:00<11:21,  3.76s/it]
 76%|███████▌  | 560/740 [36:03<11:17,  3.76s/it]
 76%|███████▌  | 561/740 [36:07<11:13,  3.76s/it]
 76%|███████▌  | 562/740 [36:11<11:09,  3.76s/it]
 76%|███████▌  | 563/740 [36:15<11:05,  3.76s/it]
 76%|███████▌  | 564/740 [36:18<11:01,  3.76s/it]
 76%|███████▋  | 565/740 [36:22<10:57,  3.76s/it]
 76%|███████▋  | 566/740 [36:26<10:54,  3.76s/it]
 77%|███████▋  | 567/740 [36:30<10:50,  3.76s/it]
 77%|███████▋  | 568/740 [36:33<10:47,  3.76s/it]
 77%|███████▋  | 569/740 [36:37<10:43,  3.77s/it]
 77%|███████▋  | 570/740 [36:41<10:40,  3.77s/it]
 77%|███████▋  | 571/740 [36:45<10:36,  3.77s/it]
 77%|███████▋  | 572/740 [36:48<10:32,  3.77s/it]
 77%|███████▋  | 573/740 [36:52<10:29,  3.77s/it]
 78%|███████▊  | 574/740 [36:56<10:25,  3.77s/it]
 78%|███████▊  | 575/740 [37:00<10:22,  3.77s/it]
 78%|███████▊  | 576/740 [37:04<10:17,  3.77s/it]
 78%|███████▊  | 577/740 [37:07<10:13,  3.77s/it]
 78%|███████▊  | 578/740 [37:11<10:10,  3.77s/it]
 78%|███████▊  | 579/740 [37:15<10:06,  3.77s/it]
 78%|███████▊  | 580/740 [37:19<10:02,  3.77s/it]
 79%|███████▊  | 581/740 [37:22<09:59,  3.77s/it]
 79%|███████▊  | 582/740 [37:26<09:56,  3.77s/it]
 79%|███████▉  | 583/740 [37:30<09:52,  3.78s/it]
 79%|███████▉  | 584/740 [37:34<09:48,  3.77s/it]
 79%|███████▉  | 585/740 [37:37<09:43,  3.77s/it]
 79%|███████▉  | 586/740 [37:41<09:40,  3.77s/it]
 79%|███████▉  | 587/740 [37:45<09:36,  3.77s/it]
 79%|███████▉  | 588/740 [37:49<09:33,  3.77s/it]
 80%|███████▉  | 589/740 [37:53<09:29,  3.77s/it]
 80%|███████▉  | 590/740 [37:56<09:25,  3.77s/it]
 80%|███████▉  | 591/740 [38:00<09:22,  3.78s/it]
 80%|████████  | 592/740 [38:04<09:19,  3.78s/it]
 80%|████████  | 593/740 [38:08<09:15,  3.78s/it]
 80%|████████  | 594/740 [38:11<09:12,  3.78s/it]
 80%|████████  | 595/740 [38:15<09:01,  3.73s/it]
 81%|████████  | 596/740 [38:19<08:59,  3.75s/it]
 81%|████████  | 597/740 [38:23<08:57,  3.76s/it]
 81%|████████  | 598/740 [38:26<08:54,  3.76s/it]
 81%|████████  | 599/740 [38:30<08:51,  3.77s/it]
 81%|████████  | 600/740 [38:34<08:47,  3.77s/it]
                                                 

 81%|████████  | 600/740 [38:34<08:47,  3.77s/it]{'eval_loss': 2.1449944972991943, 'eval_runtime': 5.554, 'eval_samples_per_second': 216.782, 'eval_steps_per_second': 6.842, 'epoch': 6.72}
{'loss': 2.261, 'learning_rate': 1.891891891891892e-05, 'epoch': 8.07}


  0%|          | 0/38 [00:00<?, ?it/s][A

  5%|▌         | 2/38 [00:00<00:02, 13.77it/s][A

 11%|█         | 4/38 [00:00<00:03,  8.59it/s][A

 13%|█▎        | 5/38 [00:00<00:04,  7.96it/s][A

 16%|█▌        | 6/38 [00:00<00:04,  7.58it/s][A

 18%|█▊        | 7/38 [00:00<00:04,  7.32it/s][A

 21%|██        | 8/38 [00:01<00:04,  7.14it/s][A

 24%|██▎       | 9/38 [00:01<00:04,  7.03it/s][A

 26%|██▋       | 10/38 [00:01<00:04,  6.94it/s][A

 29%|██▉       | 11/38 [00:01<00:03,  6.90it/s][A

 32%|███▏      | 12/38 [00:01<00:03,  6.87it/s][A

 34%|███▍      | 13/38 [00:01<00:03,  6.83it/s][A

 37%|███▋      | 14/38 [00:01<00:03,  6.82it/s][A

 39%|███▉      | 15/38 [00:02<00:03,  6.81it/s][A

 42%|████▏     | 16/38 [00:02<00:03,  6.79it/s][A

 45%|████▍     | 17/38 [00:02<00:03,  6.78it/s][A

 47%|████▋     | 18/38 [00:02<00:02,  6.79it/s][A

 50%|█████     | 19/38 [00:02<00:02,  6.79it/s][A

 53%|█████▎    | 20/38 [00:02<00:02,  6.79it/s][A

 55%|█████▌    | 21/38 [00:02<00:02,  6.79it/s][A

 58%|█████▊    | 22/38 [00:03<00:02,  6.77it/s][A

 61%|██████    | 23/38 [00:03<00:02,  6.78it/s][A

 63%|██████▎   | 24/38 [00:03<00:02,  6.78it/s][A

 66%|██████▌   | 25/38 [00:03<00:01,  6.78it/s][A

 68%|██████▊   | 26/38 [00:03<00:01,  6.79it/s][A

 71%|███████   | 27/38 [00:03<00:01,  6.79it/s][A

 74%|███████▎  | 28/38 [00:03<00:01,  6.79it/s][A

 76%|███████▋  | 29/38 [00:04<00:01,  6.79it/s][A

 79%|███████▉  | 30/38 [00:04<00:01,  6.79it/s][A

 82%|████████▏ | 31/38 [00:04<00:01,  6.79it/s][A

 84%|████████▍ | 32/38 [00:04<00:00,  6.78it/s][A

 87%|████████▋ | 33/38 [00:04<00:00,  6.79it/s][A

 89%|████████▉ | 34/38 [00:04<00:00,  6.79it/s][A

 92%|█████████▏| 35/38 [00:05<00:00,  6.79it/s][A

 95%|█████████▍| 36/38 [00:05<00:00,  6.79it/s][A

 97%|█████████▋| 37/38 [00:05<00:00,  6.79it/s][A

100%|██████████| 38/38 [00:05<00:00,  6.78it/s][A
                                                 

                                               
[A
 81%|████████  | 600/740 [38:40<08:47,  3.77s/it]

100%|██████████| 38/38 [00:05<00:00,  6.78it/s][A

                                               [A
 81%|████████  | 601/740 [38:43<12:35,  5.43s/it]
 81%|████████▏ | 602/740 [38:47<11:20,  4.93s/it]
 81%|████████▏ | 603/740 [38:51<10:26,  4.57s/it]
 82%|████████▏ | 604/740 [38:55<09:48,  4.33s/it]
 82%|████████▏ | 605/740 [38:58<09:28,  4.21s/it]
 82%|████████▏ | 606/740 [39:02<09:05,  4.07s/it]
 82%|████████▏ | 607/740 [39:06<08:48,  3.98s/it]
 82%|████████▏ | 608/740 [39:10<08:35,  3.91s/it]
 82%|████████▏ | 609/740 [39:13<08:25,  3.86s/it]
 82%|████████▏ | 610/740 [39:17<08:17,  3.83s/it]
 83%|████████▎ | 611/740 [39:21<08:10,  3.80s/it]
 83%|████████▎ | 612/740 [39:25<08:04,  3.79s/it]
 83%|████████▎ | 613/740 [39:28<07:59,  3.78s/it]
 83%|████████▎ | 614/740 [39:32<07:54,  3.77s/it]
 83%|████████▎ | 615/740 [39:36<07:50,  3.76s/it]
 83%|████████▎ | 616/740 [39:40<07:46,  3.76s/it]
 83%|████████▎ | 617/740 [39:44<07:47,  3.80s/it]
 84%|████████▎ | 618/740 [39:47<07:42,  3.79s/it]
 84%|████████▎ | 619/740 [39:51<07:36,  3.78s/it]
 84%|████████▍ | 620/740 [39:55<07:32,  3.77s/it]
 84%|████████▍ | 621/740 [39:59<07:27,  3.76s/it]
 84%|████████▍ | 622/740 [40:02<07:23,  3.76s/it]
 84%|████████▍ | 623/740 [40:06<07:19,  3.76s/it]
 84%|████████▍ | 624/740 [40:10<07:15,  3.75s/it]
 84%|████████▍ | 625/740 [40:14<07:12,  3.76s/it]
 85%|████████▍ | 626/740 [40:17<07:08,  3.76s/it]
 85%|████████▍ | 627/740 [40:21<07:04,  3.76s/it]
 85%|████████▍ | 628/740 [40:25<07:01,  3.76s/it]
 85%|████████▌ | 629/740 [40:29<06:57,  3.76s/it]
 85%|████████▌ | 630/740 [40:32<06:53,  3.76s/it]
 85%|████████▌ | 631/740 [40:36<06:49,  3.76s/it]
 85%|████████▌ | 632/740 [40:40<06:45,  3.75s/it]
 86%|████████▌ | 633/740 [40:44<06:41,  3.75s/it]
 86%|████████▌ | 634/740 [40:47<06:37,  3.75s/it]
 86%|████████▌ | 635/740 [40:51<06:33,  3.75s/it]
 86%|████████▌ | 636/740 [40:55<06:29,  3.75s/it]
 86%|████████▌ | 637/740 [40:59<06:26,  3.75s/it]
 86%|████████▌ | 638/740 [41:02<06:22,  3.75s/it]
 86%|████████▋ | 639/740 [41:06<06:18,  3.75s/it]
 86%|████████▋ | 640/740 [41:10<06:14,  3.75s/it]
 87%|████████▋ | 641/740 [41:14<06:11,  3.75s/it]
 87%|████████▋ | 642/740 [41:17<06:07,  3.75s/it]
 87%|████████▋ | 643/740 [41:21<06:03,  3.75s/it]
 87%|████████▋ | 644/740 [41:25<05:59,  3.75s/it]
 87%|████████▋ | 645/740 [41:29<05:56,  3.75s/it]
 87%|████████▋ | 646/740 [41:32<05:52,  3.75s/it]
 87%|████████▋ | 647/740 [41:36<05:48,  3.75s/it]
 88%|████████▊ | 648/740 [41:40<05:44,  3.75s/it]
 88%|████████▊ | 649/740 [41:44<05:41,  3.75s/it]
 88%|████████▊ | 650/740 [41:47<05:37,  3.75s/it]
 88%|████████▊ | 651/740 [41:51<05:33,  3.75s/it]
 88%|████████▊ | 652/740 [41:55<05:29,  3.75s/it]
 88%|████████▊ | 653/740 [41:59<05:26,  3.75s/it]
 88%|████████▊ | 654/740 [42:02<05:22,  3.75s/it]
 89%|████████▊ | 655/740 [42:06<05:19,  3.75s/it]
 89%|████████▊ | 656/740 [42:10<05:15,  3.76s/it]
 89%|████████▉ | 657/740 [42:14<05:11,  3.76s/it]
 89%|████████▉ | 658/740 [42:17<05:08,  3.76s/it]
 89%|████████▉ | 659/740 [42:21<05:04,  3.76s/it]
 89%|████████▉ | 660/740 [42:25<05:00,  3.76s/it]
 89%|████████▉ | 661/740 [42:29<04:56,  3.75s/it]
 89%|████████▉ | 662/740 [42:32<04:52,  3.75s/it]
 90%|████████▉ | 663/740 [42:36<04:48,  3.75s/it]
 90%|████████▉ | 664/740 [42:40<04:45,  3.75s/it]
 90%|████████▉ | 665/740 [42:44<04:41,  3.75s/it]
 90%|█████████ | 666/740 [42:47<04:37,  3.75s/it]
 90%|█████████ | 667/740 [42:51<04:33,  3.75s/it]
 90%|█████████ | 668/740 [42:55<04:30,  3.75s/it]
 90%|█████████ | 669/740 [42:59<04:26,  3.75s/it]
 91%|█████████ | 670/740 [43:02<04:19,  3.70s/it]
 91%|█████████ | 671/740 [43:06<04:16,  3.72s/it]
 91%|█████████ | 672/740 [43:10<04:13,  3.73s/it]
 91%|█████████ | 673/740 [43:14<04:10,  3.73s/it]
 91%|█████████ | 674/740 [43:17<04:06,  3.74s/it]
 91%|█████████ | 675/740 [43:21<04:03,  3.74s/it]
 91%|█████████▏| 676/740 [43:25<03:59,  3.74s/it]
 91%|█████████▏| 677/740 [43:29<03:55,  3.74s/it]
 92%|█████████▏| 678/740 [43:32<03:52,  3.75s/it]
 92%|█████████▏| 679/740 [43:36<03:48,  3.75s/it]
 92%|█████████▏| 680/740 [43:40<03:44,  3.75s/it]
 92%|█████████▏| 681/740 [43:44<03:42,  3.78s/it]
 92%|█████████▏| 682/740 [43:47<03:39,  3.78s/it]
 92%|█████████▏| 683/740 [43:51<03:34,  3.77s/it]
 92%|█████████▏| 684/740 [43:55<03:30,  3.76s/it]
 93%|█████████▎| 685/740 [43:59<03:26,  3.76s/it]
 93%|█████████▎| 686/740 [44:02<03:22,  3.76s/it]
 93%|█████████▎| 687/740 [44:06<03:18,  3.75s/it]
 93%|█████████▎| 688/740 [44:10<03:15,  3.75s/it]
 93%|█████████▎| 689/740 [44:14<03:11,  3.75s/it]
 93%|█████████▎| 690/740 [44:17<03:07,  3.75s/it]
 93%|█████████▎| 691/740 [44:21<03:03,  3.75s/it]
 94%|█████████▎| 692/740 [44:25<02:59,  3.75s/it]
 94%|█████████▎| 693/740 [44:29<02:56,  3.75s/it]
 94%|█████████▍| 694/740 [44:32<02:52,  3.75s/it]
 94%|█████████▍| 695/740 [44:36<02:48,  3.75s/it]
 94%|█████████▍| 696/740 [44:40<02:44,  3.75s/it]
 94%|█████████▍| 697/740 [44:44<02:41,  3.75s/it]
 94%|█████████▍| 698/740 [44:47<02:37,  3.75s/it]
 94%|█████████▍| 699/740 [44:51<02:33,  3.75s/it]
 95%|█████████▍| 700/740 [44:55<02:29,  3.75s/it]
                                                 

 95%|█████████▍| 700/740 [44:55<02:29,  3.75s/it]{'eval_loss': 2.128099203109741, 'eval_runtime': 5.5543, 'eval_samples_per_second': 216.768, 'eval_steps_per_second': 6.842, 'epoch': 8.07}
{'loss': 2.2452, 'learning_rate': 5.405405405405406e-06, 'epoch': 9.41}


  0%|          | 0/38 [00:00<?, ?it/s][A

  5%|▌         | 2/38 [00:00<00:02, 13.68it/s][A

 11%|█         | 4/38 [00:00<00:03,  8.56it/s][A

 13%|█▎        | 5/38 [00:00<00:04,  7.94it/s][A

 16%|█▌        | 6/38 [00:00<00:04,  7.56it/s][A

 18%|█▊        | 7/38 [00:00<00:04,  7.30it/s][A

 21%|██        | 8/38 [00:01<00:04,  7.14it/s][A

 24%|██▎       | 9/38 [00:01<00:04,  7.03it/s][A

 26%|██▋       | 10/38 [00:01<00:04,  6.96it/s][A

 29%|██▉       | 11/38 [00:01<00:03,  6.91it/s][A

 32%|███▏      | 12/38 [00:01<00:03,  6.87it/s][A

 34%|███▍      | 13/38 [00:01<00:03,  6.85it/s][A

 37%|███▋      | 14/38 [00:01<00:03,  6.82it/s][A

 39%|███▉      | 15/38 [00:02<00:03,  6.81it/s][A

 42%|████▏     | 16/38 [00:02<00:03,  6.80it/s][A

 45%|████▍     | 17/38 [00:02<00:03,  6.80it/s][A

 47%|████▋     | 18/38 [00:02<00:02,  6.80it/s][A

 50%|█████     | 19/38 [00:02<00:02,  6.78it/s][A

 53%|█████▎    | 20/38 [00:02<00:02,  6.79it/s][A

 55%|█████▌    | 21/38 [00:02<00:02,  6.78it/s][A

 58%|█████▊    | 22/38 [00:03<00:02,  6.79it/s][A

 61%|██████    | 23/38 [00:03<00:02,  6.78it/s][A

 63%|██████▎   | 24/38 [00:03<00:02,  6.77it/s][A

 66%|██████▌   | 25/38 [00:03<00:01,  6.78it/s][A

 68%|██████▊   | 26/38 [00:03<00:01,  6.78it/s][A

 71%|███████   | 27/38 [00:03<00:01,  6.79it/s][A

 74%|███████▎  | 28/38 [00:03<00:01,  6.79it/s][A

 76%|███████▋  | 29/38 [00:04<00:01,  6.79it/s][A

 79%|███████▉  | 30/38 [00:04<00:01,  6.79it/s][A

 82%|████████▏ | 31/38 [00:04<00:01,  6.79it/s][A

 84%|████████▍ | 32/38 [00:04<00:00,  6.78it/s][A

 87%|████████▋ | 33/38 [00:04<00:00,  6.78it/s][A

 89%|████████▉ | 34/38 [00:04<00:00,  6.76it/s][A

 92%|█████████▏| 35/38 [00:05<00:00,  6.79it/s][A

 95%|█████████▍| 36/38 [00:05<00:00,  6.78it/s][A

 97%|█████████▋| 37/38 [00:05<00:00,  6.78it/s][A

100%|██████████| 38/38 [00:05<00:00,  6.78it/s][A
                                                 

                                               
[A
 95%|█████████▍| 700/740 [45:00<02:29,  3.75s/it]

100%|██████████| 38/38 [00:05<00:00,  6.78it/s][A

                                               [A
 95%|█████████▍| 701/740 [45:04<03:31,  5.42s/it]
 95%|█████████▍| 702/740 [45:08<03:06,  4.92s/it]
 95%|█████████▌| 703/740 [45:12<02:48,  4.57s/it]
 95%|█████████▌| 704/740 [45:15<02:35,  4.32s/it]
 95%|█████████▌| 705/740 [45:19<02:25,  4.15s/it]
 95%|█████████▌| 706/740 [45:23<02:17,  4.03s/it]
 96%|█████████▌| 707/740 [45:27<02:10,  3.95s/it]
 96%|█████████▌| 708/740 [45:30<02:04,  3.89s/it]
 96%|█████████▌| 709/740 [45:34<01:59,  3.85s/it]
 96%|█████████▌| 710/740 [45:38<01:54,  3.82s/it]
 96%|█████████▌| 711/740 [45:42<01:50,  3.80s/it]
 96%|█████████▌| 712/740 [45:45<01:45,  3.78s/it]
 96%|█████████▋| 713/740 [45:49<01:41,  3.77s/it]
 96%|█████████▋| 714/740 [45:53<01:37,  3.77s/it]
 97%|█████████▋| 715/740 [45:57<01:34,  3.76s/it]
 97%|█████████▋| 716/740 [46:00<01:30,  3.76s/it]
 97%|█████████▋| 717/740 [46:04<01:26,  3.76s/it]
 97%|█████████▋| 718/740 [46:08<01:22,  3.75s/it]
 97%|█████████▋| 719/740 [46:12<01:18,  3.75s/it]
 97%|█████████▋| 720/740 [46:15<01:15,  3.75s/it]
 97%|█████████▋| 721/740 [46:19<01:11,  3.75s/it]
 98%|█████████▊| 722/740 [46:23<01:07,  3.75s/it]
 98%|█████████▊| 723/740 [46:27<01:03,  3.75s/it]
 98%|█████████▊| 724/740 [46:30<00:59,  3.75s/it]
 98%|█████████▊| 725/740 [46:34<00:56,  3.75s/it]
 98%|█████████▊| 726/740 [46:38<00:52,  3.75s/it]
 98%|█████████▊| 727/740 [46:42<00:48,  3.75s/it]
 98%|█████████▊| 728/740 [46:45<00:44,  3.75s/it]
 99%|█████████▊| 729/740 [46:49<00:41,  3.75s/it]
 99%|█████████▊| 730/740 [46:53<00:37,  3.75s/it]
 99%|█████████▉| 731/740 [46:57<00:33,  3.75s/it]
 99%|█████████▉| 732/740 [47:00<00:30,  3.75s/it]
 99%|█████████▉| 733/740 [47:04<00:26,  3.75s/it]
 99%|█████████▉| 734/740 [47:08<00:22,  3.75s/it]
 99%|█████████▉| 735/740 [47:12<00:18,  3.75s/it]
 99%|█████████▉| 736/740 [47:15<00:15,  3.75s/it]
100%|█████████▉| 737/740 [47:19<00:11,  3.75s/it]
100%|█████████▉| 738/740 [47:23<00:07,  3.75s/it]
100%|█████████▉| 739/740 [47:27<00:03,  3.75s/it]
100%|██████████| 740/740 [47:30<00:00,  3.75s/it]
                                                 

100%|██████████| 740/740 [47:30<00:00,  3.75s/it]
100%|██████████| 740/740 [47:30<00:00,  3.85s/it]
wandb: Waiting for W&B process to finish... (success).
wandb: - 0.011 MB of 0.011 MB uploaded (0.000 MB deduped)
wandb: \ 0.011 MB of 0.011 MB uploaded (0.000 MB deduped)
wandb: | 0.011 MB of 0.011 MB uploaded (0.000 MB deduped)
wandb: / 0.011 MB of 0.011 MB uploaded (0.000 MB deduped)
wandb: - 0.011 MB of 0.011 MB uploaded (0.000 MB deduped)
wandb: \ 0.011 MB of 0.011 MB uploaded (0.000 MB deduped)
wandb: | 0.011 MB of 0.011 MB uploaded (0.000 MB deduped)
wandb: / 0.011 MB of 0.011 MB uploaded (0.000 MB deduped)
wandb: - 0.011 MB of 0.011 MB uploaded (0.000 MB deduped)
wandb: \ 0.011 MB of 0.011 MB uploaded (0.000 MB deduped)
wandb: | 0.011 MB of 0.011 MB uploaded (0.000 MB deduped)
wandb: / 0.011 MB of 0.011 MB uploaded (0.000 MB deduped)
wandb: 
wandb: Run history:
wandb:                      eval/loss █▅▃▂▁▁▁
wandb:                   eval/runtime ▁▁▁█▁▁▁
wandb:        eval/samples_per_second ███▁███
wandb:          eval/steps_per_second ███▁███
wandb:                    train/epoch ▁▁▂▂▃▃▄▄▅▅▆▆███
wandb:              train/global_step ▁▁▂▂▃▃▄▄▅▅▆▆███
wandb:            train/learning_rate █▇▆▄▃▂▁
wandb:                     train/loss █▃▂▂▁▁▁
wandb:               train/total_flos ▁
wandb:               train/train_loss ▁
wandb:            train/train_runtime ▁
wandb: train/train_samples_per_second ▁
wandb:   train/train_steps_per_second ▁
wandb: 
wandb: Run summary:
wandb:                      eval/loss 2.12167
wandb:                   eval/runtime 5.5534
wandb:        eval/samples_per_second 216.805
wandb:          eval/steps_per_second 6.843
wandb:                    train/epoch 9.95
wandb:              train/global_step 740
wandb:            train/learning_rate 1e-05
wandb:                     train/loss 2.2452
wandb:               train/total_flos 2.562575203250995e+16
wandb:               train/train_loss 2.47898
wandb:            train/train_runtime 2856.9304
wandb: train/train_samples_per_second 66.606
wandb:   train/train_steps_per_second 0.259
wandb: 
wandb: 🚀 View run QG-small at: https://wandb.ai/the-coorporation/huggingface/runs/fdl5omvr
wandb: Synced 6 W&B file(s), 0 media file(s), 2 artifact file(s) and 0 other file(s)
wandb: Find logs at: ./wandb/run-20230326_122748-fdl5omvr/logs
{'eval_loss': 2.121670961380005, 'eval_runtime': 5.5534, 'eval_samples_per_second': 216.805, 'eval_steps_per_second': 6.843, 'epoch': 9.41}
{'train_runtime': 2856.9304, 'train_samples_per_second': 66.606, 'train_steps_per_second': 0.259, 'train_loss': 2.478980894346495, 'epoch': 9.95}

Upload file pytorch_model.bin:   0%|          | 1.00/231M [00:00<?, ?B/s]
Upload file pytorch_model.bin:   7%|▋         | 15.3M/231M [00:02<00:28, 7.99MB/s]
Upload file pytorch_model.bin:  13%|█▎        | 30.5M/231M [00:04<00:26, 7.99MB/s]
Upload file pytorch_model.bin:  20%|█▉        | 45.8M/231M [00:05<00:18, 10.4MB/s]
Upload file pytorch_model.bin:  26%|██▋       | 61.0M/231M [00:07<00:19, 9.27MB/s]
Upload file pytorch_model.bin:  33%|███▎      | 76.3M/231M [00:09<00:18, 8.76MB/s]
Upload file pytorch_model.bin:  40%|███▉      | 91.6M/231M [00:11<00:17, 8.48MB/s]
Upload file pytorch_model.bin:  46%|████▋     | 107M/231M [00:13<00:15, 8.32MB/s] 
Upload file pytorch_model.bin:  53%|█████▎    | 122M/231M [00:14<00:11, 9.81MB/s]
Upload file pytorch_model.bin:  60%|█████▉    | 137M/231M [00:16<00:10, 9.16MB/s]
Upload file pytorch_model.bin:  66%|██████▌   | 153M/231M [00:18<00:09, 8.76MB/s]
Upload file pytorch_model.bin:  73%|███████▎  | 168M/231M [00:20<00:07, 8.51MB/s]
Upload file pytorch_model.bin:  79%|███████▉  | 183M/231M [00:22<00:05, 8.35MB/s]
Upload file pytorch_model.bin:  86%|████████▌ | 198M/231M [00:23<00:03, 9.76MB/s]
Upload file pytorch_model.bin:  93%|█████████▎| 214M/231M [00:25<00:01, 9.15MB/s]
Upload file pytorch_model.bin:  99%|█████████▉| 229M/231M [00:27<00:00, 8.76MB/s]
Upload file pytorch_model.bin: 244MB [00:28, 10.1MB/s]                           To https://user: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@huggingface.co/the-coorporation/t5-qg-small
   c730284..3a02ae9  main -> main


Upload file pytorch_model.bin: 100%|██████████| 231M/231M [00:30<00:00, 10.1MB/s]
Upload file pytorch_model.bin: 100%|██████████| 231M/231M [00:30<00:00, 8.06MB/s]
To https://user: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@huggingface.co/the-coorporation/t5-qg-small
   3a02ae9..e295cc6  main -> main
