SLURM_CHECKPOINT_IMAGE_DIR=/var/slurm/checkpoint
SLURM_NODELIST=desktop17
LMOD_FAMILY_COMPILER_VERSION=8.3.0
SLURM_JOB_NAME=qg-training
MANPATH=/opt/itu/easybuild/software/Anaconda3/2021.11/share/man:/opt/itu/easybuild/software/Anaconda3/2021.11/man:/opt/ohpc/pub/mpi/openmpi3-gnu8/3.1.4/share/man:/opt/ohpc/pub/compiler/gcc/8.3.0/share/man:/opt/ohpc/pub/utils/autotools/share/man:/usr/local/share/man:/usr/share/man/overrides:/usr/share/man/en:/usr/share/man
XDG_SESSION_ID=169949
SLURMD_NODENAME=desktop17
SLURM_TOPOLOGY_ADDR=desktop17
_ModuleTable003_=InN0YWNrRGVwdGgiXT0wLFsic3RhdHVzIl09ImFjdGl2ZSIsWyJ1c2VyTmFtZSJdPSJvaHBjIix9LG9wZW5tcGkzPXtbImZuIl09Ii9vcHQvb2hwYy9wdWIvbW9kdWxlZGVwcy9nbnU4L29wZW5tcGkzLzMuMS40IixbImZ1bGxOYW1lIl09Im9wZW5tcGkzLzMuMS40IixbImxvYWRPcmRlciJdPTQscHJvcFQ9e30sWyJzdGFja0RlcHRoIl09MSxbInN0YXR1cyJdPSJhY3RpdmUiLFsidXNlck5hbWUiXT0ib3Blbm1waTMiLH0scHJ1bj17WyJmbiJdPSIvb3B0L29ocGMvcHViL21vZHVsZWZpbGVzL3BydW4vMS4zIixbImZ1bGxOYW1lIl09InBydW4vMS4zIixbImxvYWRPcmRlciJdPTIscHJvcFQ9e30sWyJzdGFja0RlcHRoIl09MSxbInN0YXR1cyJdPSJhY3RpdmUiLFsidXNlck5h
HOSTNAME=desktop17
TERM_PROGRAM=vscode
SLURM_PRIO_PROCESS=0
SLURM_NODE_ALIASES=(null)
EBDEVELANACONDA3=/opt/itu/easybuild/software/Anaconda3/2021.11/easybuild/Anaconda3-2021.11-easybuild-devel
__LMOD_REF_COUNT_MODULEPATH=/opt/ohpc/pub/moduledeps/gnu8-openmpi3:1;/opt/ohpc/pub/moduledeps/gnu8:1;/opt/ohpc/pub/modulefiles:1;/opt/itu/easybuild/modules/all:2
SHELL=/bin/bash
TERM=xterm-256color
SLURM_JOB_QOS=normal
LMOD_ROOT=/opt/ohpc/admin/lmod
HISTSIZE=1000
TMPDIR=/tmp
SLURM_TOPOLOGY_ADDR_PATTERN=node
SSH_CLIENT=10.30.26.3 61961 22
CONDA_SHLVL=2
TERM_PROGRAM_VERSION=1.76.2
CONDA_PROMPT_MODIFIER=(hugging) 
LMOD_PKG=/opt/ohpc/admin/lmod/lmod
SLURM_JOB_GPUS=1
LMOD_VERSION=8.1.18
__LMOD_REF_COUNT_LOADEDMODULES=autotools:1;prun/1.3:1;gnu8/8.3.0:1;openmpi3/3.1.4:1;ohpc:1;Anaconda3/2021.11:1
SLURM_MEM_PER_CPU=3072
SLURM_NNODES=1
USER=gume
EBROOTANACONDA3=/opt/itu/easybuild/software/Anaconda3/2021.11
LD_LIBRARY_PATH=/opt/ohpc/pub/mpi/openmpi3-gnu8/3.1.4/lib:/opt/ohpc/pub/compiler/gcc/8.3.0/lib64
LS_COLORS=rs=0:di=38;5;27:ln=38;5;51:mh=44;38;5;15:pi=40;38;5;11:so=38;5;13:do=38;5;5:bd=48;5;232;38;5;11:cd=48;5;232;38;5;3:or=48;5;232;38;5;9:mi=05;48;5;232;38;5;15:su=48;5;196;38;5;15:sg=48;5;11;38;5;16:ca=48;5;196;38;5;226:tw=48;5;10;38;5;16:ow=48;5;10;38;5;21:st=48;5;21;38;5;15:ex=38;5;34:*.tar=38;5;9:*.tgz=38;5;9:*.arc=38;5;9:*.arj=38;5;9:*.taz=38;5;9:*.lha=38;5;9:*.lz4=38;5;9:*.lzh=38;5;9:*.lzma=38;5;9:*.tlz=38;5;9:*.txz=38;5;9:*.tzo=38;5;9:*.t7z=38;5;9:*.zip=38;5;9:*.z=38;5;9:*.Z=38;5;9:*.dz=38;5;9:*.gz=38;5;9:*.lrz=38;5;9:*.lz=38;5;9:*.lzo=38;5;9:*.xz=38;5;9:*.bz2=38;5;9:*.bz=38;5;9:*.tbz=38;5;9:*.tbz2=38;5;9:*.tz=38;5;9:*.deb=38;5;9:*.rpm=38;5;9:*.jar=38;5;9:*.war=38;5;9:*.ear=38;5;9:*.sar=38;5;9:*.rar=38;5;9:*.alz=38;5;9:*.ace=38;5;9:*.zoo=38;5;9:*.cpio=38;5;9:*.7z=38;5;9:*.rz=38;5;9:*.cab=38;5;9:*.jpg=38;5;13:*.jpeg=38;5;13:*.gif=38;5;13:*.bmp=38;5;13:*.pbm=38;5;13:*.pgm=38;5;13:*.ppm=38;5;13:*.tga=38;5;13:*.xbm=38;5;13:*.xpm=38;5;13:*.tif=38;5;13:*.tiff=38;5;13:*.png=38;5;13:*.svg=38;5;13:*.svgz=38;5;13:*.mng=38;5;13:*.pcx=38;5;13:*.mov=38;5;13:*.mpg=38;5;13:*.mpeg=38;5;13:*.m2v=38;5;13:*.mkv=38;5;13:*.webm=38;5;13:*.ogm=38;5;13:*.mp4=38;5;13:*.m4v=38;5;13:*.mp4v=38;5;13:*.vob=38;5;13:*.qt=38;5;13:*.nuv=38;5;13:*.wmv=38;5;13:*.asf=38;5;13:*.rm=38;5;13:*.rmvb=38;5;13:*.flc=38;5;13:*.avi=38;5;13:*.fli=38;5;13:*.flv=38;5;13:*.gl=38;5;13:*.dl=38;5;13:*.xcf=38;5;13:*.xwd=38;5;13:*.yuv=38;5;13:*.cgm=38;5;13:*.emf=38;5;13:*.axv=38;5;13:*.anx=38;5;13:*.ogv=38;5;13:*.ogx=38;5;13:*.aac=38;5;45:*.au=38;5;45:*.flac=38;5;45:*.mid=38;5;45:*.midi=38;5;45:*.mka=38;5;45:*.mp3=38;5;45:*.mpc=38;5;45:*.ogg=38;5;45:*.ra=38;5;45:*.wav=38;5;45:*.axa=38;5;45:*.oga=38;5;45:*.spx=38;5;45:*.xspf=38;5;45:
CONDA_EXE=/opt/itu/easybuild/software/Anaconda3/2021.11/bin/conda
SLURM_JOBID=115048
_ModuleTable004_=bWUiXT0icHJ1biIsfSx9LG1wYXRoQT17Ii9vcHQvb2hwYy9wdWIvbW9kdWxlZGVwcy9nbnU4LW9wZW5tcGkzIiwiL29wdC9vaHBjL3B1Yi9tb2R1bGVkZXBzL2dudTgiLCIvb3B0L29ocGMvcHViL21vZHVsZWZpbGVzIiwiL29wdC9pdHUvZWFzeWJ1aWxkL21vZHVsZXMvYWxsIix9LFsic3lzdGVtQmFzZU1QQVRIIl09Ii9vcHQvb2hwYy9wdWIvbW9kdWxlZmlsZXM6L29wdC9pdHUvZWFzeWJ1aWxkL21vZHVsZXMvYWxsIix9
__LMOD_REF_COUNT__LMFILES_=/opt/ohpc/pub/modulefiles/autotools:1;/opt/ohpc/pub/modulefiles/prun/1.3:1;/opt/ohpc/pub/modulefiles/gnu8/8.3.0:1;/opt/ohpc/pub/moduledeps/gnu8/openmpi3/3.1.4:1;/opt/ohpc/pub/modulefiles/ohpc:1;/opt/itu/easybuild/modules/all/Anaconda3/2021.11.lua:1
LMOD_FAMILY_MPI_VERSION=3.1.4
LMOD_PREPEND_BLOCK=normal
EBVERSIONANACONDA3=2021.11
_CE_CONDA=
CONDA_PREFIX_1=/opt/itu/easybuild/software/Anaconda3/2021.11
SLURM_TASKS_PER_NODE=1
_ModuleTable001_=X01vZHVsZVRhYmxlXz17WyJNVHZlcnNpb24iXT0zLFsiY19yZWJ1aWxkVGltZSJdPTcyMDAsWyJjX3Nob3J0VGltZSJdPTEuNDAxMjA0MTA5MTkxOSxkZXB0aFQ9e30sZmFtaWx5PXtbIk1QSSJdPSJvcGVubXBpMyIsWyJjb21waWxlciJdPSJnbnU4Iix9LG1UPXtBbmFjb25kYTM9e1siZm4iXT0iL29wdC9pdHUvZWFzeWJ1aWxkL21vZHVsZXMvYWxsL0FuYWNvbmRhMy8yMDIxLjExLmx1YSIsWyJmdWxsTmFtZSJdPSJBbmFjb25kYTMvMjAyMS4xMSIsWyJsb2FkT3JkZXIiXT02LHByb3BUPXt9LFsic3RhY2tEZXB0aCJdPTAsWyJzdGF0dXMiXT0iYWN0aXZlIixbInVzZXJOYW1lIl09IkFuYWNvbmRhMyIsfSxhdXRvdG9vbHM9e1siZm4iXT0iL29wdC9vaHBjL3B1Yi9tb2R1bGVm
MAIL=/var/spool/mail/gume
PATH=/opt/itu/easybuild/software/Anaconda3/2021.11:/opt/itu/easybuild/software/Anaconda3/2021.11/sbin:/home/gume/.conda/envs/hugging/bin:/opt/itu/easybuild/software/Anaconda3/2021.11/bin:/opt/itu/easybuild/software/Anaconda3/2021.11/condabin:/opt/ohpc/pub/mpi/openmpi3-gnu8/3.1.4/bin:/opt/ohpc/pub/compiler/gcc/8.3.0/bin:/opt/ohpc/pub/utils/prun/1.3:/opt/ohpc/pub/utils/autotools/bin:/opt/ohpc/pub/bin:/home/gume/.vscode-server/bin/ee2b180d582a7f601fa6ecfdad8d9fd269ab1884/bin/remote-cli:/usr/local/bin:/usr/bin:/usr/local/sbin:/usr/sbin:/home/gume/.local/bin:/home/gume/bin
SLURM_WORKING_CLUSTER=hpc:front:6817:8448
SLURM_JOB_ID=115048
SLURM_CPUS_PER_TASK=8
LMOD_SETTARG_CMD=:
CONDA_PREFIX=/home/gume/.conda/envs/hugging
SLURM_JOB_USER=gume
PWD=/home/gume/bachelorprojekt
CUDA_VISIBLE_DEVICES=0
_LMFILES_=/opt/ohpc/pub/modulefiles/autotools:/opt/ohpc/pub/modulefiles/prun/1.3:/opt/ohpc/pub/modulefiles/gnu8/8.3.0:/opt/ohpc/pub/moduledeps/gnu8/openmpi3/3.1.4:/opt/ohpc/pub/modulefiles/ohpc:/opt/itu/easybuild/modules/all/Anaconda3/2021.11.lua
LANG=en_US.UTF-8
MODULEPATH=/opt/ohpc/pub/moduledeps/gnu8-openmpi3:/opt/ohpc/pub/moduledeps/gnu8:/opt/ohpc/pub/modulefiles:/opt/itu/easybuild/modules/all
SLURM_JOB_UID=48765
_ModuleTable_Sz_=4
LOADEDMODULES=autotools:prun/1.3:gnu8/8.3.0:openmpi3/3.1.4:ohpc:Anaconda3/2021.11
SLURM_NODEID=0
VSCODE_GIT_ASKPASS_EXTRA_ARGS=
SLURM_SUBMIT_DIR=/home/gume/bachelorprojekt
SLURM_TASK_PID=106733
LMOD_CMD=/opt/ohpc/admin/lmod/lmod/libexec/lmod
SLURM_CPUS_ON_NODE=8
SQUEUE_FORMAT=%.10i %.6P %.10u %.10l %.10L %.3C %.3D %h %.10b %Q %t %R
SLURM_PROCID=0
ENVIRONMENT=BATCH
HISTCONTROL=ignoredups
_CE_M=
SLURM_JOB_NODELIST=desktop17
SHLVL=6
HOME=/home/gume
SLURM_LOCALID=0
__LMOD_REF_COUNT_PATH=/opt/itu/easybuild/software/Anaconda3/2021.11:1;/opt/itu/easybuild/software/Anaconda3/2021.11/sbin:1;/opt/itu/easybuild/software/Anaconda3/2021.11/bin:1;/home/gume/.conda/envs/hugging/bin:1;/opt/itu/easybuild/software/Anaconda3/2021.11/condabin:1;/opt/ohpc/pub/mpi/openmpi3-gnu8/3.1.4/bin:1;/opt/ohpc/pub/compiler/gcc/8.3.0/bin:1;/opt/ohpc/pub/utils/prun/1.3:1;/opt/ohpc/pub/utils/autotools/bin:1;/opt/ohpc/pub/bin:1;/home/gume/.vscode-server/bin/ee2b180d582a7f601fa6ecfdad8d9fd269ab1884/bin/remote-cli:1;/usr/local/bin:1;/usr/bin:1;/usr/local/sbin:1;/usr/sbin:1;/home/gume/.local/bin:1;/home/gume/bin:1
VSCODE_GIT_ASKPASS_MAIN=/home/gume/.vscode-server/bin/ee2b180d582a7f601fa6ecfdad8d9fd269ab1884/extensions/git/dist/askpass-main.js
SLURM_JOB_GID=79675
SLURM_JOB_CPUS_PER_NODE=8
SLURM_CLUSTER_NAME=hpc
_ModuleTable002_=aWxlcy9hdXRvdG9vbHMiLFsiZnVsbE5hbWUiXT0iYXV0b3Rvb2xzIixbImxvYWRPcmRlciJdPTEscHJvcFQ9e30sWyJzdGFja0RlcHRoIl09MSxbInN0YXR1cyJdPSJhY3RpdmUiLFsidXNlck5hbWUiXT0iYXV0b3Rvb2xzIix9LGdudTg9e1siZm4iXT0iL29wdC9vaHBjL3B1Yi9tb2R1bGVmaWxlcy9nbnU4LzguMy4wIixbImZ1bGxOYW1lIl09ImdudTgvOC4zLjAiLFsibG9hZE9yZGVyIl09Myxwcm9wVD17fSxbInN0YWNrRGVwdGgiXT0xLFsic3RhdHVzIl09ImFjdGl2ZSIsWyJ1c2VyTmFtZSJdPSJnbnU4Iix9LG9ocGM9e1siZm4iXT0iL29wdC9vaHBjL3B1Yi9tb2R1bGVmaWxlcy9vaHBjIixbImZ1bGxOYW1lIl09Im9ocGMiLFsibG9hZE9yZGVyIl09NSxwcm9wVD17fSxb
MPI_DIR=/opt/ohpc/pub/mpi/openmpi3-gnu8/3.1.4
SLURM_GTIDS=0
SLURM_SUBMIT_HOST=front
__LMOD_REF_COUNT_INCLUDE=/opt/ohpc/pub/compiler/gcc/8.3.0/include:1
SLURM_JOB_PARTITION=brown
BASH_ENV=/opt/ohpc/admin/lmod/lmod/init/bash
LOGNAME=gume
CONDA_PYTHON_EXE=/opt/itu/easybuild/software/Anaconda3/2021.11/bin/python
GPU_DEVICE_ORDINAL=0
SLURM_JOB_ACCOUNT=students
SSH_CONNECTION=10.30.26.3 61961 192.168.21.20 22
VSCODE_GIT_IPC_HANDLE=/run/user/48765/vscode-git-6ca93fe26c.sock
SLURM_JOB_NUM_NODES=1
MODULESHOME=/opt/ohpc/admin/lmod/lmod
VSCODE_IPC_HOOK_CLI=/run/user/48765/vscode-ipc-df15e4cf-7b96-4031-b1ed-4763b40abc52.sock
PKG_CONFIG_PATH=/opt/itu/easybuild/software/Anaconda3/2021.11/lib/pkgconfig:/opt/ohpc/pub/mpi/openmpi3-gnu8/3.1.4/lib/pkgconfig
__LMOD_REF_COUNT_LD_LIBRARY_PATH=/opt/ohpc/pub/mpi/openmpi3-gnu8/3.1.4/lib:1;/opt/ohpc/pub/compiler/gcc/8.3.0/lib64:1
LMOD_SETTARG_FULL_SUPPORT=no
LESSOPEN=||/usr/bin/lesspipe.sh %s
CONDA_DEFAULT_ENV=hugging
BROWSER=/home/gume/.vscode-server/bin/ee2b180d582a7f601fa6ecfdad8d9fd269ab1884/bin/helpers/browser.sh
LMOD_FAMILY_COMPILER=gnu8
LMOD_FULL_SETTARG_SUPPORT=no
GIT_ASKPASS=/home/gume/.vscode-server/bin/ee2b180d582a7f601fa6ecfdad8d9fd269ab1884/extensions/git/dist/askpass.sh
VSCODE_GIT_ASKPASS_NODE=/home/gume/.vscode-server/bin/ee2b180d582a7f601fa6ecfdad8d9fd269ab1884/node
__LMOD_REF_COUNT_PKG_CONFIG_PATH=/opt/itu/easybuild/software/Anaconda3/2021.11/lib/pkgconfig:1;/opt/ohpc/pub/mpi/openmpi3-gnu8/3.1.4/lib/pkgconfig:1
XDG_RUNTIME_DIR=/run/user/48765
__LMOD_REF_COUNT_MANPATH=/opt/itu/easybuild/software/Anaconda3/2021.11/share/man:1;/opt/itu/easybuild/software/Anaconda3/2021.11/man:1;/opt/ohpc/pub/mpi/openmpi3-gnu8/3.1.4/share/man:1;/opt/ohpc/pub/compiler/gcc/8.3.0/share/man:1;/opt/ohpc/pub/utils/autotools/share/man:1;/usr/local/share/man:3;/usr/share/man/overrides:3;/usr/share/man/en:3;/usr/share/man:3
LMOD_DIR=/opt/ohpc/admin/lmod/lmod/libexec
INCLUDE=/opt/ohpc/pub/compiler/gcc/8.3.0/include
LMOD_FAMILY_MPI=openmpi3
LMOD_COLORIZE=no
COLORTERM=truecolor
BASH_FUNC_module()=() {  eval $($LMOD_CMD bash "$@") && eval $(${LMOD_SETTARG_CMD:-:} -s sh)
}
BASH_FUNC_ml()=() {  eval $($LMOD_DIR/ml_cmd "$@")
}
_=/usr/bin/env
WANDB_PROJECT=T5-QG
--- Training ---
wandb: Currently logged in as: gustav-mb (the-coorporation). Use `wandb login --relogin` to force relogin
wandb: Appending key for api.wandb.ai to your netrc file: /home/gume/.netrc
/home/gume/bachelorprojekt/./model/base/ is already a clone of https://huggingface.co/the-coorporation/t5-qg-base. Make sure you pull the latest changes with `repo.git_pull()`.
wandb: Tracking run with wandb version 0.14.0
wandb: Run data is saved locally in /home/gume/bachelorprojekt/wandb/run-20230326_124724-8s38fe9d
wandb: Run `wandb offline` to turn off syncing.
wandb: Syncing run QG-base
wandb: ⭐️ View project at https://wandb.ai/the-coorporation/huggingface
wandb: 🚀 View run at https://wandb.ai/the-coorporation/huggingface/runs/8s38fe9d
Token is valid.
Your token has been saved in your configured git credential helpers (store).
Your token has been saved to /home/gume/.cache/huggingface/token
Login successful

  0%|          | 0/740 [00:00<?, ?it/s]
  0%|          | 1/740 [00:15<3:13:17, 15.69s/it]
  0%|          | 2/740 [00:26<2:39:06, 12.94s/it]
  0%|          | 3/740 [00:37<2:28:24, 12.08s/it]
  1%|          | 4/740 [00:48<2:23:34, 11.71s/it]
  1%|          | 5/740 [01:00<2:21:06, 11.52s/it]
  1%|          | 6/740 [01:11<2:19:08, 11.37s/it]
  1%|          | 7/740 [01:22<2:17:57, 11.29s/it]
  1%|          | 8/740 [01:33<2:17:10, 11.24s/it]
  1%|          | 9/740 [01:44<2:16:38, 11.22s/it]
  1%|▏         | 10/740 [01:55<2:16:14, 11.20s/it]
  1%|▏         | 11/740 [02:06<2:15:57, 11.19s/it]
  2%|▏         | 12/740 [02:18<2:15:39, 11.18s/it]
  2%|▏         | 13/740 [02:29<2:15:27, 11.18s/it]
  2%|▏         | 14/740 [02:40<2:15:15, 11.18s/it]
  2%|▏         | 15/740 [02:51<2:15:04, 11.18s/it]
  2%|▏         | 16/740 [03:02<2:14:52, 11.18s/it]
  2%|▏         | 17/740 [03:13<2:14:42, 11.18s/it]
  2%|▏         | 18/740 [03:25<2:14:31, 11.18s/it]
  3%|▎         | 19/740 [03:36<2:14:19, 11.18s/it]
  3%|▎         | 20/740 [03:47<2:14:07, 11.18s/it]
  3%|▎         | 21/740 [03:58<2:13:57, 11.18s/it]
  3%|▎         | 22/740 [04:09<2:13:45, 11.18s/it]
  3%|▎         | 23/740 [04:21<2:13:38, 11.18s/it]
  3%|▎         | 24/740 [04:32<2:13:32, 11.19s/it]
  3%|▎         | 25/740 [04:43<2:13:23, 11.19s/it]
  4%|▎         | 26/740 [04:54<2:13:13, 11.20s/it]
  4%|▎         | 27/740 [05:05<2:13:05, 11.20s/it]
  4%|▍         | 28/740 [05:17<2:12:54, 11.20s/it]
  4%|▍         | 29/740 [05:28<2:12:43, 11.20s/it]
  4%|▍         | 30/740 [05:39<2:12:31, 11.20s/it]
  4%|▍         | 31/740 [05:50<2:12:20, 11.20s/it]
  4%|▍         | 32/740 [06:01<2:12:10, 11.20s/it]
  4%|▍         | 33/740 [06:13<2:11:59, 11.20s/it]
  5%|▍         | 34/740 [06:24<2:11:47, 11.20s/it]
  5%|▍         | 35/740 [06:35<2:11:35, 11.20s/it]
  5%|▍         | 36/740 [06:46<2:11:24, 11.20s/it]
  5%|▌         | 37/740 [06:57<2:11:12, 11.20s/it]
  5%|▌         | 38/740 [07:09<2:11:01, 11.20s/it]
  5%|▌         | 39/740 [07:20<2:10:49, 11.20s/it]
  5%|▌         | 40/740 [07:31<2:10:38, 11.20s/it]
  6%|▌         | 41/740 [07:42<2:10:27, 11.20s/it]
  6%|▌         | 42/740 [07:53<2:10:15, 11.20s/it]
  6%|▌         | 43/740 [08:05<2:10:04, 11.20s/it]
  6%|▌         | 44/740 [08:16<2:09:53, 11.20s/it]
  6%|▌         | 45/740 [08:27<2:09:42, 11.20s/it]
  6%|▌         | 46/740 [08:38<2:09:31, 11.20s/it]
  6%|▋         | 47/740 [08:49<2:09:20, 11.20s/it]
  6%|▋         | 48/740 [09:01<2:09:09, 11.20s/it]
  7%|▋         | 49/740 [09:12<2:08:57, 11.20s/it]
  7%|▋         | 50/740 [09:23<2:08:45, 11.20s/it]
  7%|▋         | 51/740 [09:34<2:08:34, 11.20s/it]
  7%|▋         | 52/740 [09:45<2:08:23, 11.20s/it]
  7%|▋         | 53/740 [09:57<2:08:11, 11.20s/it]
  7%|▋         | 54/740 [10:08<2:08:01, 11.20s/it]
  7%|▋         | 55/740 [10:19<2:07:50, 11.20s/it]
  8%|▊         | 56/740 [10:30<2:07:39, 11.20s/it]
  8%|▊         | 57/740 [10:41<2:07:28, 11.20s/it]
  8%|▊         | 58/740 [10:53<2:07:15, 11.20s/it]
  8%|▊         | 59/740 [11:04<2:07:04, 11.20s/it]
  8%|▊         | 60/740 [11:15<2:06:55, 11.20s/it]
  8%|▊         | 61/740 [11:26<2:06:43, 11.20s/it]
  8%|▊         | 62/740 [11:37<2:06:31, 11.20s/it]
  9%|▊         | 63/740 [11:49<2:06:20, 11.20s/it]
  9%|▊         | 64/740 [12:00<2:06:09, 11.20s/it]
  9%|▉         | 65/740 [12:11<2:05:59, 11.20s/it]
  9%|▉         | 66/740 [12:22<2:05:48, 11.20s/it]
  9%|▉         | 67/740 [12:33<2:05:36, 11.20s/it]
  9%|▉         | 68/740 [12:45<2:05:25, 11.20s/it]
  9%|▉         | 69/740 [12:56<2:05:12, 11.20s/it]
  9%|▉         | 70/740 [13:07<2:05:02, 11.20s/it]
 10%|▉         | 71/740 [13:18<2:04:51, 11.20s/it]
 10%|▉         | 72/740 [13:29<2:04:39, 11.20s/it]
 10%|▉         | 73/740 [13:41<2:05:03, 11.25s/it]
 10%|█         | 74/740 [13:52<2:04:41, 11.23s/it]
 10%|█         | 75/740 [14:03<2:02:46, 11.08s/it]
 10%|█         | 76/740 [14:14<2:03:24, 11.15s/it]
 10%|█         | 77/740 [14:25<2:03:45, 11.20s/it]
 11%|█         | 78/740 [14:37<2:03:59, 11.24s/it]
 11%|█         | 79/740 [14:48<2:04:03, 11.26s/it]
 11%|█         | 80/740 [14:59<2:04:02, 11.28s/it]
 11%|█         | 81/740 [15:10<2:04:00, 11.29s/it]
 11%|█         | 82/740 [15:22<2:03:54, 11.30s/it]
 11%|█         | 83/740 [15:33<2:03:47, 11.30s/it]
 11%|█▏        | 84/740 [15:44<2:03:36, 11.31s/it]
 11%|█▏        | 85/740 [15:56<2:03:27, 11.31s/it]
 12%|█▏        | 86/740 [16:07<2:03:18, 11.31s/it]
 12%|█▏        | 87/740 [16:18<2:03:07, 11.31s/it]
 12%|█▏        | 88/740 [16:30<2:02:56, 11.31s/it]
 12%|█▏        | 89/740 [16:41<2:02:45, 11.31s/it]
 12%|█▏        | 90/740 [16:52<2:02:34, 11.32s/it]
 12%|█▏        | 91/740 [17:04<2:02:26, 11.32s/it]
 12%|█▏        | 92/740 [17:15<2:02:14, 11.32s/it]
 13%|█▎        | 93/740 [17:26<2:02:02, 11.32s/it]
 13%|█▎        | 94/740 [17:38<2:01:51, 11.32s/it]
 13%|█▎        | 95/740 [17:49<2:01:40, 11.32s/it]
 13%|█▎        | 96/740 [18:00<2:01:28, 11.32s/it]
 13%|█▎        | 97/740 [18:12<2:01:15, 11.32s/it]
 13%|█▎        | 98/740 [18:23<2:01:04, 11.32s/it]
 13%|█▎        | 99/740 [18:34<2:00:53, 11.32s/it]
 14%|█▎        | 100/740 [18:46<2:00:44, 11.32s/it]
                                                   

 14%|█▎        | 100/740 [18:46<2:00:44, 11.32s/it]{'loss': 2.5104, 'learning_rate': 8.64864864864865e-05, 'epoch': 1.34}


  0%|          | 0/38 [00:00<?, ?it/s][A

  5%|▌         | 2/38 [00:00<00:08,  4.07it/s][A

  8%|▊         | 3/38 [00:01<00:12,  2.79it/s][A

 11%|█         | 4/38 [00:01<00:14,  2.40it/s][A

 13%|█▎        | 5/38 [00:02<00:14,  2.22it/s][A

 16%|█▌        | 6/38 [00:02<00:15,  2.12it/s][A

 18%|█▊        | 7/38 [00:03<00:15,  2.06it/s][A

 21%|██        | 8/38 [00:03<00:14,  2.02it/s][A

 24%|██▎       | 9/38 [00:04<00:14,  1.99it/s][A

 26%|██▋       | 10/38 [00:04<00:14,  1.98it/s][A

 29%|██▉       | 11/38 [00:05<00:13,  1.97it/s][A

 32%|███▏      | 12/38 [00:05<00:13,  1.96it/s][A

 34%|███▍      | 13/38 [00:06<00:12,  1.95it/s][A

 37%|███▋      | 14/38 [00:06<00:12,  1.95it/s][A

 39%|███▉      | 15/38 [00:07<00:11,  1.94it/s][A

 42%|████▏     | 16/38 [00:07<00:11,  1.94it/s][A

 45%|████▍     | 17/38 [00:08<00:10,  1.94it/s][A

 47%|████▋     | 18/38 [00:08<00:10,  1.94it/s][A

 50%|█████     | 19/38 [00:09<00:09,  1.94it/s][A

 53%|█████▎    | 20/38 [00:09<00:09,  1.94it/s][A

 55%|█████▌    | 21/38 [00:10<00:08,  1.94it/s][A

 58%|█████▊    | 22/38 [00:10<00:08,  1.94it/s][A

 61%|██████    | 23/38 [00:11<00:07,  1.94it/s][A

 63%|██████▎   | 24/38 [00:11<00:07,  1.94it/s][A

 66%|██████▌   | 25/38 [00:12<00:06,  1.94it/s][A

 68%|██████▊   | 26/38 [00:12<00:06,  1.94it/s][A

 71%|███████   | 27/38 [00:13<00:05,  1.94it/s][A

 74%|███████▎  | 28/38 [00:13<00:05,  1.94it/s][A

 76%|███████▋  | 29/38 [00:14<00:04,  1.94it/s][A

 79%|███████▉  | 30/38 [00:14<00:04,  1.94it/s][A

 82%|████████▏ | 31/38 [00:15<00:03,  1.94it/s][A

 84%|████████▍ | 32/38 [00:15<00:03,  1.94it/s][A

 87%|████████▋ | 33/38 [00:16<00:02,  1.94it/s][A

 89%|████████▉ | 34/38 [00:16<00:02,  1.94it/s][A

 92%|█████████▏| 35/38 [00:17<00:01,  1.94it/s][A

 95%|█████████▍| 36/38 [00:18<00:01,  1.94it/s][A

 97%|█████████▋| 37/38 [00:18<00:00,  1.94it/s][A

100%|██████████| 38/38 [00:19<00:00,  1.94it/s][A
                                                   

                                               
[A
 14%|█▎        | 100/740 [19:05<2:00:44, 11.32s/it]

100%|██████████| 38/38 [00:19<00:00,  1.94it/s][A

                                               [A
 14%|█▎        | 101/740 [19:16<3:02:35, 17.14s/it]
 14%|█▍        | 102/740 [19:28<2:43:41, 15.39s/it]
 14%|█▍        | 103/740 [19:39<2:30:27, 14.17s/it]
 14%|█▍        | 104/740 [19:50<2:21:08, 13.31s/it]
 14%|█▍        | 105/740 [20:02<2:14:32, 12.71s/it]
 14%|█▍        | 106/740 [20:13<2:09:54, 12.29s/it]
 14%|█▍        | 107/740 [20:24<2:06:36, 12.00s/it]
 15%|█▍        | 108/740 [20:35<2:04:14, 11.79s/it]
 15%|█▍        | 109/740 [20:47<2:02:32, 11.65s/it]
 15%|█▍        | 110/740 [20:58<2:01:16, 11.55s/it]
 15%|█▌        | 111/740 [21:09<2:00:20, 11.48s/it]
 15%|█▌        | 112/740 [21:21<1:59:38, 11.43s/it]
 15%|█▌        | 113/740 [21:32<1:59:06, 11.40s/it]
 15%|█▌        | 114/740 [21:43<1:58:40, 11.37s/it]
 16%|█▌        | 115/740 [21:55<1:58:17, 11.36s/it]
 16%|█▌        | 116/740 [22:06<1:58:00, 11.35s/it]
 16%|█▌        | 117/740 [22:17<1:57:45, 11.34s/it]
 16%|█▌        | 118/740 [22:29<1:57:30, 11.33s/it]
 16%|█▌        | 119/740 [22:40<1:57:14, 11.33s/it]
 16%|█▌        | 120/740 [22:51<1:57:03, 11.33s/it]
 16%|█▋        | 121/740 [23:03<1:56:50, 11.33s/it]
 16%|█▋        | 122/740 [23:14<1:56:38, 11.32s/it]
 17%|█▋        | 123/740 [23:25<1:56:25, 11.32s/it]
 17%|█▋        | 124/740 [23:37<1:56:12, 11.32s/it]
 17%|█▋        | 125/740 [23:48<1:56:00, 11.32s/it]
 17%|█▋        | 126/740 [23:59<1:55:49, 11.32s/it]
 17%|█▋        | 127/740 [24:11<1:55:40, 11.32s/it]
 17%|█▋        | 128/740 [24:22<1:55:27, 11.32s/it]
 17%|█▋        | 129/740 [24:33<1:55:17, 11.32s/it]
 18%|█▊        | 130/740 [24:44<1:55:05, 11.32s/it]
 18%|█▊        | 131/740 [24:56<1:54:55, 11.32s/it]
 18%|█▊        | 132/740 [25:07<1:54:41, 11.32s/it]
 18%|█▊        | 133/740 [25:18<1:54:29, 11.32s/it]
 18%|█▊        | 134/740 [25:30<1:54:18, 11.32s/it]
 18%|█▊        | 135/740 [25:41<1:54:07, 11.32s/it]
 18%|█▊        | 136/740 [25:52<1:53:56, 11.32s/it]
 19%|█▊        | 137/740 [26:04<1:53:34, 11.30s/it]
 19%|█▊        | 138/740 [26:15<1:53:04, 11.27s/it]
 19%|█▉        | 139/740 [26:26<1:52:39, 11.25s/it]
 19%|█▉        | 140/740 [26:37<1:52:19, 11.23s/it]
 19%|█▉        | 141/740 [26:48<1:52:02, 11.22s/it]
 19%|█▉        | 142/740 [27:00<1:51:46, 11.22s/it]
 19%|█▉        | 143/740 [27:11<1:51:33, 11.21s/it]
 19%|█▉        | 144/740 [27:22<1:51:20, 11.21s/it]
 20%|█▉        | 145/740 [27:33<1:51:06, 11.21s/it]
 20%|█▉        | 146/740 [27:44<1:50:55, 11.20s/it]
 20%|█▉        | 147/740 [27:56<1:50:42, 11.20s/it]
 20%|██        | 148/740 [28:07<1:50:31, 11.20s/it]
 20%|██        | 149/740 [28:18<1:48:55, 11.06s/it]
 20%|██        | 150/740 [28:29<1:49:10, 11.10s/it]
 20%|██        | 151/740 [28:40<1:49:16, 11.13s/it]
 21%|██        | 152/740 [28:51<1:49:16, 11.15s/it]
 21%|██        | 153/740 [29:02<1:49:14, 11.17s/it]
 21%|██        | 154/740 [29:14<1:49:09, 11.18s/it]
 21%|██        | 155/740 [29:25<1:49:03, 11.18s/it]
 21%|██        | 156/740 [29:36<1:48:54, 11.19s/it]
 21%|██        | 157/740 [29:47<1:48:45, 11.19s/it]
 21%|██▏       | 158/740 [29:58<1:48:36, 11.20s/it]
 21%|██▏       | 159/740 [30:10<1:48:25, 11.20s/it]
 22%|██▏       | 160/740 [30:21<1:48:15, 11.20s/it]
 22%|██▏       | 161/740 [30:32<1:48:04, 11.20s/it]
 22%|██▏       | 162/740 [30:43<1:47:52, 11.20s/it]
 22%|██▏       | 163/740 [30:54<1:47:41, 11.20s/it]
 22%|██▏       | 164/740 [31:06<1:47:31, 11.20s/it]
 22%|██▏       | 165/740 [31:17<1:47:20, 11.20s/it]
 22%|██▏       | 166/740 [31:28<1:47:08, 11.20s/it]
 23%|██▎       | 167/740 [31:39<1:46:57, 11.20s/it]
 23%|██▎       | 168/740 [31:50<1:46:46, 11.20s/it]
 23%|██▎       | 169/740 [32:02<1:46:34, 11.20s/it]
 23%|██▎       | 170/740 [32:13<1:46:23, 11.20s/it]
 23%|██▎       | 171/740 [32:24<1:46:13, 11.20s/it]
 23%|██▎       | 172/740 [32:35<1:46:02, 11.20s/it]
 23%|██▎       | 173/740 [32:46<1:45:51, 11.20s/it]
 24%|██▎       | 174/740 [32:58<1:45:39, 11.20s/it]
 24%|██▎       | 175/740 [33:09<1:45:28, 11.20s/it]
 24%|██▍       | 176/740 [33:20<1:45:17, 11.20s/it]
 24%|██▍       | 177/740 [33:31<1:45:06, 11.20s/it]
 24%|██▍       | 178/740 [33:42<1:44:55, 11.20s/it]
 24%|██▍       | 179/740 [33:54<1:44:44, 11.20s/it]
 24%|██▍       | 180/740 [34:05<1:44:33, 11.20s/it]
 24%|██▍       | 181/740 [34:16<1:44:21, 11.20s/it]
 25%|██▍       | 182/740 [34:27<1:44:09, 11.20s/it]
 25%|██▍       | 183/740 [34:38<1:43:58, 11.20s/it]
 25%|██▍       | 184/740 [34:50<1:43:48, 11.20s/it]
 25%|██▌       | 185/740 [35:01<1:43:37, 11.20s/it]
 25%|██▌       | 186/740 [35:12<1:43:25, 11.20s/it]
 25%|██▌       | 187/740 [35:23<1:43:13, 11.20s/it]
 25%|██▌       | 188/740 [35:34<1:43:01, 11.20s/it]
 26%|██▌       | 189/740 [35:46<1:42:50, 11.20s/it]
 26%|██▌       | 190/740 [35:57<1:42:39, 11.20s/it]
 26%|██▌       | 191/740 [36:08<1:42:28, 11.20s/it]
 26%|██▌       | 192/740 [36:19<1:42:17, 11.20s/it]
 26%|██▌       | 193/740 [36:30<1:42:06, 11.20s/it]
 26%|██▌       | 194/740 [36:42<1:41:55, 11.20s/it]
 26%|██▋       | 195/740 [36:53<1:41:45, 11.20s/it]
 26%|██▋       | 196/740 [37:04<1:41:33, 11.20s/it]
 27%|██▋       | 197/740 [37:15<1:41:22, 11.20s/it]
 27%|██▋       | 198/740 [37:26<1:41:11, 11.20s/it]
 27%|██▋       | 199/740 [37:38<1:40:59, 11.20s/it]
 27%|██▋       | 200/740 [37:49<1:40:48, 11.20s/it]
                                                   

 27%|██▋       | 200/740 [37:49<1:40:48, 11.20s/it]{'eval_loss': 1.894056797027588, 'eval_runtime': 19.4047, 'eval_samples_per_second': 62.047, 'eval_steps_per_second': 1.958, 'epoch': 1.34}
{'loss': 1.8806, 'learning_rate': 7.297297297297297e-05, 'epoch': 2.69}


  0%|          | 0/38 [00:00<?, ?it/s][A

  5%|▌         | 2/38 [00:00<00:09,  3.90it/s][A

  8%|▊         | 3/38 [00:01<00:12,  2.74it/s][A

 11%|█         | 4/38 [00:01<00:14,  2.37it/s][A

 13%|█▎        | 5/38 [00:02<00:14,  2.20it/s][A

 16%|█▌        | 6/38 [00:02<00:15,  2.11it/s][A

 18%|█▊        | 7/38 [00:03<00:15,  2.05it/s][A

 21%|██        | 8/38 [00:03<00:14,  2.01it/s][A

 24%|██▎       | 9/38 [00:04<00:14,  1.99it/s][A

 26%|██▋       | 10/38 [00:04<00:14,  1.98it/s][A

 29%|██▉       | 11/38 [00:05<00:13,  1.96it/s][A

 32%|███▏      | 12/38 [00:05<00:13,  1.96it/s][A

 34%|███▍      | 13/38 [00:06<00:12,  1.95it/s][A

 37%|███▋      | 14/38 [00:06<00:12,  1.95it/s][A

 39%|███▉      | 15/38 [00:07<00:11,  1.94it/s][A

 42%|████▏     | 16/38 [00:07<00:11,  1.94it/s][A

 45%|████▍     | 17/38 [00:08<00:10,  1.94it/s][A

 47%|████▋     | 18/38 [00:08<00:10,  1.94it/s][A

 50%|█████     | 19/38 [00:09<00:09,  1.94it/s][A

 53%|█████▎    | 20/38 [00:09<00:09,  1.94it/s][A

 55%|█████▌    | 21/38 [00:10<00:08,  1.94it/s][A

 58%|█████▊    | 22/38 [00:10<00:08,  1.94it/s][A

 61%|██████    | 23/38 [00:11<00:07,  1.94it/s][A

 63%|██████▎   | 24/38 [00:11<00:07,  1.94it/s][A

 66%|██████▌   | 25/38 [00:12<00:06,  1.94it/s][A

 68%|██████▊   | 26/38 [00:12<00:06,  1.94it/s][A

 71%|███████   | 27/38 [00:13<00:05,  1.94it/s][A

 74%|███████▎  | 28/38 [00:13<00:05,  1.94it/s][A

 76%|███████▋  | 29/38 [00:14<00:04,  1.94it/s][A

 79%|███████▉  | 30/38 [00:14<00:04,  1.94it/s][A

 82%|████████▏ | 31/38 [00:15<00:03,  1.94it/s][A

 84%|████████▍ | 32/38 [00:15<00:03,  1.94it/s][A

 87%|████████▋ | 33/38 [00:16<00:02,  1.94it/s][A

 89%|████████▉ | 34/38 [00:17<00:02,  1.94it/s][A

 92%|█████████▏| 35/38 [00:17<00:01,  1.94it/s][A

 95%|█████████▍| 36/38 [00:18<00:01,  1.94it/s][A

 97%|█████████▋| 37/38 [00:18<00:00,  1.94it/s][A

100%|██████████| 38/38 [00:19<00:00,  1.94it/s][A
                                                   

                                               
[A
 27%|██▋       | 200/740 [38:08<1:40:48, 11.20s/it]

100%|██████████| 38/38 [00:19<00:00,  1.94it/s][A

                                               [A
 27%|██▋       | 201/740 [38:19<2:32:57, 17.03s/it]
 27%|██▋       | 202/740 [38:31<2:16:59, 15.28s/it]
 27%|██▋       | 203/740 [38:42<2:05:48, 14.06s/it]
 28%|██▊       | 204/740 [38:53<1:57:56, 13.20s/it]
 28%|██▊       | 205/740 [39:04<1:52:22, 12.60s/it]
 28%|██▊       | 206/740 [39:15<1:48:24, 12.18s/it]
 28%|██▊       | 207/740 [39:27<1:45:35, 11.89s/it]
 28%|██▊       | 208/740 [39:38<1:43:33, 11.68s/it]
 28%|██▊       | 209/740 [39:49<1:42:04, 11.53s/it]
 28%|██▊       | 210/740 [40:00<1:40:58, 11.43s/it]
 29%|██▊       | 211/740 [40:11<1:40:10, 11.36s/it]
 29%|██▊       | 212/740 [40:23<1:39:33, 11.31s/it]
 29%|██▉       | 213/740 [40:34<1:39:04, 11.28s/it]
 29%|██▉       | 214/740 [40:45<1:38:40, 11.25s/it]
 29%|██▉       | 215/740 [40:56<1:38:20, 11.24s/it]
 29%|██▉       | 216/740 [41:07<1:38:03, 11.23s/it]
 29%|██▉       | 217/740 [41:19<1:37:48, 11.22s/it]
 29%|██▉       | 218/740 [41:30<1:37:33, 11.21s/it]
 30%|██▉       | 219/740 [41:41<1:37:20, 11.21s/it]
 30%|██▉       | 220/740 [41:52<1:37:27, 11.25s/it]
 30%|██▉       | 221/740 [42:04<1:37:28, 11.27s/it]
 30%|███       | 222/740 [42:15<1:37:24, 11.28s/it]
 30%|███       | 223/740 [42:26<1:37:18, 11.29s/it]
 30%|███       | 224/740 [42:37<1:35:55, 11.15s/it]
 30%|███       | 225/740 [42:48<1:36:09, 11.20s/it]
 31%|███       | 226/740 [43:00<1:36:15, 11.24s/it]
 31%|███       | 227/740 [43:11<1:36:16, 11.26s/it]
 31%|███       | 228/740 [43:22<1:36:14, 11.28s/it]
 31%|███       | 229/740 [43:34<1:36:05, 11.28s/it]
 31%|███       | 230/740 [43:45<1:35:41, 11.26s/it]
 31%|███       | 231/740 [43:56<1:35:21, 11.24s/it]
 31%|███▏      | 232/740 [44:07<1:35:03, 11.23s/it]
 31%|███▏      | 233/740 [44:19<1:35:14, 11.27s/it]
 32%|███▏      | 234/740 [44:30<1:34:52, 11.25s/it]
 32%|███▏      | 235/740 [44:41<1:34:33, 11.23s/it]
 32%|███▏      | 236/740 [44:52<1:34:16, 11.22s/it]
 32%|███▏      | 237/740 [45:03<1:34:00, 11.21s/it]
 32%|███▏      | 238/740 [45:15<1:33:47, 11.21s/it]
 32%|███▏      | 239/740 [45:26<1:33:34, 11.21s/it]
 32%|███▏      | 240/740 [45:37<1:33:22, 11.20s/it]
 33%|███▎      | 241/740 [45:48<1:33:10, 11.20s/it]
 33%|███▎      | 242/740 [45:59<1:32:58, 11.20s/it]
 33%|███▎      | 243/740 [46:11<1:32:46, 11.20s/it]
 33%|███▎      | 244/740 [46:22<1:32:54, 11.24s/it]
 33%|███▎      | 245/740 [46:33<1:32:55, 11.26s/it]
 33%|███▎      | 246/740 [46:45<1:32:51, 11.28s/it]
 33%|███▎      | 247/740 [46:56<1:32:27, 11.25s/it]
 34%|███▎      | 248/740 [47:07<1:32:08, 11.24s/it]
 34%|███▎      | 249/740 [47:18<1:31:50, 11.22s/it]
 34%|███▍      | 250/740 [47:29<1:31:35, 11.22s/it]
 34%|███▍      | 251/740 [47:41<1:31:21, 11.21s/it]
 34%|███▍      | 252/740 [47:52<1:31:09, 11.21s/it]
 34%|███▍      | 253/740 [48:03<1:30:57, 11.21s/it]
 34%|███▍      | 254/740 [48:14<1:30:44, 11.20s/it]
 34%|███▍      | 255/740 [48:25<1:30:33, 11.20s/it]
 35%|███▍      | 256/740 [48:37<1:30:20, 11.20s/it]
 35%|███▍      | 257/740 [48:48<1:30:10, 11.20s/it]
 35%|███▍      | 258/740 [48:59<1:29:58, 11.20s/it]
 35%|███▌      | 259/740 [49:10<1:29:47, 11.20s/it]
 35%|███▌      | 260/740 [49:21<1:29:35, 11.20s/it]
 35%|███▌      | 261/740 [49:33<1:29:24, 11.20s/it]
 35%|███▌      | 262/740 [49:44<1:29:13, 11.20s/it]
 36%|███▌      | 263/740 [49:55<1:29:02, 11.20s/it]
 36%|███▌      | 264/740 [50:06<1:28:52, 11.20s/it]
 36%|███▌      | 265/740 [50:17<1:28:41, 11.20s/it]
 36%|███▌      | 266/740 [50:29<1:28:30, 11.20s/it]
 36%|███▌      | 267/740 [50:40<1:28:18, 11.20s/it]
 36%|███▌      | 268/740 [50:51<1:28:07, 11.20s/it]
 36%|███▋      | 269/740 [51:02<1:27:55, 11.20s/it]
 36%|███▋      | 270/740 [51:13<1:27:44, 11.20s/it]
 37%|███▋      | 271/740 [51:25<1:27:34, 11.20s/it]
 37%|███▋      | 272/740 [51:36<1:27:22, 11.20s/it]
 37%|███▋      | 273/740 [51:47<1:27:10, 11.20s/it]
 37%|███▋      | 274/740 [51:58<1:27:00, 11.20s/it]
 37%|███▋      | 275/740 [52:09<1:26:48, 11.20s/it]
 37%|███▋      | 276/740 [52:21<1:26:37, 11.20s/it]
 37%|███▋      | 277/740 [52:32<1:26:26, 11.20s/it]
 38%|███▊      | 278/740 [52:43<1:26:14, 11.20s/it]
 38%|███▊      | 279/740 [52:54<1:26:02, 11.20s/it]
 38%|███▊      | 280/740 [53:05<1:25:50, 11.20s/it]
 38%|███▊      | 281/740 [53:17<1:25:40, 11.20s/it]
 38%|███▊      | 282/740 [53:28<1:25:28, 11.20s/it]
 38%|███▊      | 283/740 [53:39<1:25:17, 11.20s/it]
 38%|███▊      | 284/740 [53:50<1:25:07, 11.20s/it]
 39%|███▊      | 285/740 [54:01<1:24:55, 11.20s/it]
 39%|███▊      | 286/740 [54:13<1:24:44, 11.20s/it]
 39%|███▉      | 287/740 [54:24<1:24:32, 11.20s/it]
 39%|███▉      | 288/740 [54:35<1:24:32, 11.22s/it]
 39%|███▉      | 289/740 [54:46<1:24:34, 11.25s/it]
 39%|███▉      | 290/740 [54:58<1:24:31, 11.27s/it]
 39%|███▉      | 291/740 [55:09<1:24:26, 11.28s/it]
 39%|███▉      | 292/740 [55:20<1:24:17, 11.29s/it]
 40%|███▉      | 293/740 [55:32<1:24:09, 11.30s/it]
 40%|███▉      | 294/740 [55:43<1:24:01, 11.30s/it]
 40%|███▉      | 295/740 [55:54<1:23:51, 11.31s/it]
 40%|████      | 296/740 [56:06<1:23:41, 11.31s/it]
 40%|████      | 297/740 [56:17<1:23:29, 11.31s/it]
 40%|████      | 298/740 [56:28<1:22:16, 11.17s/it]
 40%|████      | 299/740 [56:39<1:22:23, 11.21s/it]
 41%|████      | 300/740 [56:50<1:22:24, 11.24s/it]
                                                   

 41%|████      | 300/740 [56:50<1:22:24, 11.24s/it]{'eval_loss': 1.7438571453094482, 'eval_runtime': 19.4082, 'eval_samples_per_second': 62.036, 'eval_steps_per_second': 1.958, 'epoch': 2.69}
{'loss': 1.7582, 'learning_rate': 5.9459459459459466e-05, 'epoch': 4.03}


  0%|          | 0/38 [00:00<?, ?it/s][A

  5%|▌         | 2/38 [00:00<00:08,  4.06it/s][A

  8%|▊         | 3/38 [00:01<00:12,  2.79it/s][A

 11%|█         | 4/38 [00:01<00:14,  2.40it/s][A

 13%|█▎        | 5/38 [00:02<00:14,  2.22it/s][A

 16%|█▌        | 6/38 [00:02<00:15,  2.12it/s][A

 18%|█▊        | 7/38 [00:03<00:15,  2.06it/s][A

 21%|██        | 8/38 [00:03<00:14,  2.02it/s][A

 24%|██▎       | 9/38 [00:04<00:14,  1.99it/s][A

 26%|██▋       | 10/38 [00:04<00:14,  1.98it/s][A

 29%|██▉       | 11/38 [00:05<00:13,  1.97it/s][A

 32%|███▏      | 12/38 [00:05<00:13,  1.96it/s][A

 34%|███▍      | 13/38 [00:06<00:12,  1.95it/s][A

 37%|███▋      | 14/38 [00:06<00:12,  1.95it/s][A

 39%|███▉      | 15/38 [00:07<00:11,  1.94it/s][A

 42%|████▏     | 16/38 [00:07<00:11,  1.94it/s][A

 45%|████▍     | 17/38 [00:08<00:10,  1.94it/s][A

 47%|████▋     | 18/38 [00:08<00:10,  1.94it/s][A

 50%|█████     | 19/38 [00:09<00:09,  1.94it/s][A

 53%|█████▎    | 20/38 [00:09<00:09,  1.94it/s][A

 55%|█████▌    | 21/38 [00:10<00:08,  1.94it/s][A

 58%|█████▊    | 22/38 [00:10<00:08,  1.94it/s][A

 61%|██████    | 23/38 [00:11<00:07,  1.94it/s][A

 63%|██████▎   | 24/38 [00:11<00:07,  1.94it/s][A

 66%|██████▌   | 25/38 [00:12<00:06,  1.94it/s][A

 68%|██████▊   | 26/38 [00:12<00:06,  1.94it/s][A

 71%|███████   | 27/38 [00:13<00:05,  1.94it/s][A

 74%|███████▎  | 28/38 [00:13<00:05,  1.94it/s][A

 76%|███████▋  | 29/38 [00:14<00:04,  1.94it/s][A

 79%|███████▉  | 30/38 [00:14<00:04,  1.94it/s][A

 82%|████████▏ | 31/38 [00:15<00:03,  1.94it/s][A

 84%|████████▍ | 32/38 [00:15<00:03,  1.94it/s][A

 87%|████████▋ | 33/38 [00:16<00:02,  1.94it/s][A

 89%|████████▉ | 34/38 [00:16<00:02,  1.94it/s][A

 92%|█████████▏| 35/38 [00:17<00:01,  1.94it/s][A

 95%|█████████▍| 36/38 [00:18<00:01,  1.94it/s][A

 97%|█████████▋| 37/38 [00:18<00:00,  1.94it/s][A

100%|██████████| 38/38 [00:19<00:00,  1.94it/s][A
                                                   

                                               
[A
 41%|████      | 300/740 [57:10<1:22:24, 11.24s/it]

100%|██████████| 38/38 [00:19<00:00,  1.94it/s][A

                                               [A
 41%|████      | 301/740 [57:21<2:05:00, 17.09s/it]
 41%|████      | 302/740 [57:32<1:52:04, 15.35s/it]
 41%|████      | 303/740 [57:44<1:42:59, 14.14s/it]
 41%|████      | 304/740 [57:55<1:36:34, 13.29s/it]
 41%|████      | 305/740 [58:06<1:32:02, 12.70s/it]
 41%|████▏     | 306/740 [58:18<1:28:50, 12.28s/it]
 41%|████▏     | 307/740 [58:29<1:26:33, 11.99s/it]
 42%|████▏     | 308/740 [58:40<1:24:51, 11.79s/it]
 42%|████▏     | 309/740 [58:52<1:23:37, 11.64s/it]
 42%|████▏     | 310/740 [59:03<1:22:43, 11.54s/it]
 42%|████▏     | 311/740 [59:14<1:22:02, 11.47s/it]
 42%|████▏     | 312/740 [59:25<1:21:30, 11.43s/it]
 42%|████▏     | 313/740 [59:37<1:21:03, 11.39s/it]
 42%|████▏     | 314/740 [59:48<1:20:41, 11.37s/it]
 43%|████▎     | 315/740 [59:59<1:20:23, 11.35s/it]
 43%|████▎     | 316/740 [1:00:11<1:20:06, 11.34s/it]
 43%|████▎     | 317/740 [1:00:22<1:19:51, 11.33s/it]
 43%|████▎     | 318/740 [1:00:33<1:19:37, 11.32s/it]
 43%|████▎     | 319/740 [1:00:45<1:19:24, 11.32s/it]
 43%|████▎     | 320/740 [1:00:56<1:19:12, 11.32s/it]
 43%|████▎     | 321/740 [1:01:07<1:19:00, 11.31s/it]
 44%|████▎     | 322/740 [1:01:19<1:19:12, 11.37s/it]
 44%|████▎     | 323/740 [1:01:30<1:18:53, 11.35s/it]
 44%|████▍     | 324/740 [1:01:41<1:18:38, 11.34s/it]
 44%|████▍     | 325/740 [1:01:53<1:18:23, 11.33s/it]
 44%|████▍     | 326/740 [1:02:04<1:18:08, 11.33s/it]
 44%|████▍     | 327/740 [1:02:15<1:17:55, 11.32s/it]
 44%|████▍     | 328/740 [1:02:27<1:17:42, 11.32s/it]
 44%|████▍     | 329/740 [1:02:38<1:17:30, 11.32s/it]
 45%|████▍     | 330/740 [1:02:49<1:17:18, 11.31s/it]
 45%|████▍     | 331/740 [1:03:01<1:17:31, 11.37s/it]
 45%|████▍     | 332/740 [1:03:12<1:17:11, 11.35s/it]
 45%|████▌     | 333/740 [1:03:23<1:16:56, 11.34s/it]
 45%|████▌     | 334/740 [1:03:35<1:16:40, 11.33s/it]
 45%|████▌     | 335/740 [1:03:46<1:16:26, 11.33s/it]
 45%|████▌     | 336/740 [1:03:57<1:16:14, 11.32s/it]
 46%|████▌     | 337/740 [1:04:09<1:16:01, 11.32s/it]
 46%|████▌     | 338/740 [1:04:20<1:15:49, 11.32s/it]
 46%|████▌     | 339/740 [1:04:31<1:15:37, 11.32s/it]
 46%|████▌     | 340/740 [1:04:43<1:15:48, 11.37s/it]
 46%|████▌     | 341/740 [1:04:54<1:15:29, 11.35s/it]
 46%|████▌     | 342/740 [1:05:05<1:15:13, 11.34s/it]
 46%|████▋     | 343/740 [1:05:17<1:14:58, 11.33s/it]
 46%|████▋     | 344/740 [1:05:28<1:14:45, 11.33s/it]
 47%|████▋     | 345/740 [1:05:39<1:14:32, 11.32s/it]
 47%|████▋     | 346/740 [1:05:51<1:14:20, 11.32s/it]
 47%|████▋     | 347/740 [1:06:02<1:14:08, 11.32s/it]
 47%|████▋     | 348/740 [1:06:13<1:13:56, 11.32s/it]
 47%|████▋     | 349/740 [1:06:25<1:14:06, 11.37s/it]
 47%|████▋     | 350/740 [1:06:36<1:13:47, 11.35s/it]
 47%|████▋     | 351/740 [1:06:47<1:13:32, 11.34s/it]
 48%|████▊     | 352/740 [1:06:59<1:13:17, 11.33s/it]
 48%|████▊     | 353/740 [1:07:10<1:13:03, 11.33s/it]
 48%|████▊     | 354/740 [1:07:21<1:12:49, 11.32s/it]
 48%|████▊     | 355/740 [1:07:33<1:12:37, 11.32s/it]
 48%|████▊     | 356/740 [1:07:44<1:12:25, 11.32s/it]
 48%|████▊     | 357/740 [1:07:55<1:12:13, 11.31s/it]
 48%|████▊     | 358/740 [1:08:07<1:12:01, 11.31s/it]
 49%|████▊     | 359/740 [1:08:18<1:11:49, 11.31s/it]
 49%|████▊     | 360/740 [1:08:29<1:11:37, 11.31s/it]
 49%|████▉     | 361/740 [1:08:40<1:11:27, 11.31s/it]
 49%|████▉     | 362/740 [1:08:52<1:11:14, 11.31s/it]
 49%|████▉     | 363/740 [1:09:03<1:11:03, 11.31s/it]
 49%|████▉     | 364/740 [1:09:14<1:10:52, 11.31s/it]
 49%|████▉     | 365/740 [1:09:26<1:10:41, 11.31s/it]
 49%|████▉     | 366/740 [1:09:37<1:10:30, 11.31s/it]
 50%|████▉     | 367/740 [1:09:48<1:10:18, 11.31s/it]
 50%|████▉     | 368/740 [1:10:00<1:10:06, 11.31s/it]
 50%|████▉     | 369/740 [1:10:11<1:09:54, 11.31s/it]
 50%|█████     | 370/740 [1:10:22<1:09:44, 11.31s/it]
 50%|█████     | 371/740 [1:10:34<1:09:32, 11.31s/it]
 50%|█████     | 372/740 [1:10:44<1:08:28, 11.16s/it]
 50%|█████     | 373/740 [1:10:56<1:08:32, 11.21s/it]
 51%|█████     | 374/740 [1:11:07<1:08:32, 11.24s/it]
 51%|█████     | 375/740 [1:11:18<1:08:29, 11.26s/it]
 51%|█████     | 376/740 [1:11:30<1:08:23, 11.27s/it]
 51%|█████     | 377/740 [1:11:41<1:08:15, 11.28s/it]
 51%|█████     | 378/740 [1:11:52<1:08:07, 11.29s/it]
 51%|█████     | 379/740 [1:12:04<1:07:58, 11.30s/it]
 51%|█████▏    | 380/740 [1:12:15<1:07:47, 11.30s/it]
 51%|█████▏    | 381/740 [1:12:26<1:07:37, 11.30s/it]
 52%|█████▏    | 382/740 [1:12:37<1:07:26, 11.30s/it]
 52%|█████▏    | 383/740 [1:12:49<1:07:16, 11.31s/it]
 52%|█████▏    | 384/740 [1:13:00<1:07:06, 11.31s/it]
 52%|█████▏    | 385/740 [1:13:11<1:06:54, 11.31s/it]
 52%|█████▏    | 386/740 [1:13:23<1:06:43, 11.31s/it]
 52%|█████▏    | 387/740 [1:13:34<1:06:32, 11.31s/it]
 52%|█████▏    | 388/740 [1:13:45<1:06:21, 11.31s/it]
 53%|█████▎    | 389/740 [1:13:57<1:06:10, 11.31s/it]
 53%|█████▎    | 390/740 [1:14:08<1:05:57, 11.31s/it]
 53%|█████▎    | 391/740 [1:14:19<1:05:46, 11.31s/it]
 53%|█████▎    | 392/740 [1:14:31<1:05:35, 11.31s/it]
 53%|█████▎    | 393/740 [1:14:42<1:05:23, 11.31s/it]
 53%|█████▎    | 394/740 [1:14:53<1:05:12, 11.31s/it]
 53%|█████▎    | 395/740 [1:15:05<1:05:01, 11.31s/it]
 54%|█████▎    | 396/740 [1:15:16<1:04:49, 11.31s/it]
 54%|█████▎    | 397/740 [1:15:27<1:04:38, 11.31s/it]
 54%|█████▍    | 398/740 [1:15:38<1:04:28, 11.31s/it]
 54%|█████▍    | 399/740 [1:15:50<1:04:17, 11.31s/it]
 54%|█████▍    | 400/740 [1:16:01<1:04:05, 11.31s/it]
                                                     

 54%|█████▍    | 400/740 [1:16:01<1:04:05, 11.31s/it]{'eval_loss': 1.6992665529251099, 'eval_runtime': 19.4084, 'eval_samples_per_second': 62.035, 'eval_steps_per_second': 1.958, 'epoch': 4.03}
{'loss': 1.6923, 'learning_rate': 4.594594594594595e-05, 'epoch': 5.38}


  0%|          | 0/38 [00:00<?, ?it/s][A

  5%|▌         | 2/38 [00:00<00:08,  4.09it/s][A

  8%|▊         | 3/38 [00:01<00:12,  2.80it/s][A

 11%|█         | 4/38 [00:01<00:14,  2.40it/s][A

 13%|█▎        | 5/38 [00:02<00:14,  2.22it/s][A

 16%|█▌        | 6/38 [00:02<00:15,  2.12it/s][A

 18%|█▊        | 7/38 [00:03<00:15,  2.06it/s][A

 21%|██        | 8/38 [00:03<00:14,  2.02it/s][A

 24%|██▎       | 9/38 [00:04<00:14,  1.99it/s][A

 26%|██▋       | 10/38 [00:04<00:14,  1.98it/s][A

 29%|██▉       | 11/38 [00:05<00:13,  1.97it/s][A

 32%|███▏      | 12/38 [00:05<00:13,  1.96it/s][A

 34%|███▍      | 13/38 [00:06<00:12,  1.95it/s][A

 37%|███▋      | 14/38 [00:06<00:12,  1.95it/s][A

 39%|███▉      | 15/38 [00:07<00:11,  1.95it/s][A

 42%|████▏     | 16/38 [00:07<00:11,  1.94it/s][A

 45%|████▍     | 17/38 [00:08<00:10,  1.94it/s][A

 47%|████▋     | 18/38 [00:08<00:10,  1.94it/s][A

 50%|█████     | 19/38 [00:09<00:09,  1.94it/s][A

 53%|█████▎    | 20/38 [00:09<00:09,  1.94it/s][A

 55%|█████▌    | 21/38 [00:10<00:08,  1.94it/s][A

 58%|█████▊    | 22/38 [00:10<00:08,  1.94it/s][A

 61%|██████    | 23/38 [00:11<00:07,  1.94it/s][A

 63%|██████▎   | 24/38 [00:11<00:07,  1.94it/s][A

 66%|██████▌   | 25/38 [00:12<00:06,  1.94it/s][A

 68%|██████▊   | 26/38 [00:12<00:06,  1.94it/s][A

 71%|███████   | 27/38 [00:13<00:05,  1.94it/s][A

 74%|███████▎  | 28/38 [00:13<00:05,  1.94it/s][A

 76%|███████▋  | 29/38 [00:14<00:04,  1.94it/s][A

 79%|███████▉  | 30/38 [00:14<00:04,  1.94it/s][A

 82%|████████▏ | 31/38 [00:15<00:03,  1.94it/s][A

 84%|████████▍ | 32/38 [00:15<00:03,  1.94it/s][A

 87%|████████▋ | 33/38 [00:16<00:02,  1.94it/s][A

 89%|████████▉ | 34/38 [00:16<00:02,  1.94it/s][A

 92%|█████████▏| 35/38 [00:17<00:01,  1.94it/s][A

 95%|█████████▍| 36/38 [00:18<00:01,  1.94it/s][A

 97%|█████████▋| 37/38 [00:18<00:00,  1.94it/s][A

100%|██████████| 38/38 [00:19<00:00,  1.94it/s][A
                                                     

                                               
[A
 54%|█████▍    | 400/740 [1:16:20<1:04:05, 11.31s/it]

100%|██████████| 38/38 [00:19<00:00,  1.94it/s][A

                                               [A
 54%|█████▍    | 401/740 [1:16:32<1:36:48, 17.13s/it]
 54%|█████▍    | 402/740 [1:16:43<1:26:41, 15.39s/it]
 54%|█████▍    | 403/740 [1:16:55<1:19:45, 14.20s/it]
 55%|█████▍    | 404/740 [1:17:06<1:14:41, 13.34s/it]
 55%|█████▍    | 405/740 [1:17:17<1:11:04, 12.73s/it]
 55%|█████▍    | 406/740 [1:17:28<1:08:29, 12.31s/it]
 55%|█████▌    | 407/740 [1:17:40<1:06:37, 12.01s/it]
 55%|█████▌    | 408/740 [1:17:51<1:05:16, 11.80s/it]
 55%|█████▌    | 409/740 [1:18:02<1:04:16, 11.65s/it]
 55%|█████▌    | 410/740 [1:18:14<1:03:31, 11.55s/it]
 56%|█████▌    | 411/740 [1:18:25<1:02:56, 11.48s/it]
 56%|█████▌    | 412/740 [1:18:36<1:02:27, 11.43s/it]
 56%|█████▌    | 413/740 [1:18:48<1:02:04, 11.39s/it]
 56%|█████▌    | 414/740 [1:18:59<1:01:46, 11.37s/it]
 56%|█████▌    | 415/740 [1:19:10<1:01:29, 11.35s/it]
 56%|█████▌    | 416/740 [1:19:22<1:01:13, 11.34s/it]
 56%|█████▋    | 417/740 [1:19:33<1:00:58, 11.33s/it]
 56%|█████▋    | 418/740 [1:19:44<1:00:45, 11.32s/it]
 57%|█████▋    | 419/740 [1:19:56<1:00:33, 11.32s/it]
 57%|█████▋    | 420/740 [1:20:07<1:00:21, 11.32s/it]
 57%|█████▋    | 421/740 [1:20:18<1:00:09, 11.31s/it]
 57%|█████▋    | 422/740 [1:20:29<59:57, 11.31s/it]  
 57%|█████▋    | 423/740 [1:20:41<59:46, 11.31s/it]
 57%|█████▋    | 424/740 [1:20:52<59:34, 11.31s/it]
 57%|█████▋    | 425/740 [1:21:03<59:23, 11.31s/it]
 58%|█████▊    | 426/740 [1:21:15<59:11, 11.31s/it]
 58%|█████▊    | 427/740 [1:21:26<58:59, 11.31s/it]
 58%|█████▊    | 428/740 [1:21:37<58:48, 11.31s/it]
 58%|█████▊    | 429/740 [1:21:49<58:37, 11.31s/it]
 58%|█████▊    | 430/740 [1:22:00<58:25, 11.31s/it]
 58%|█████▊    | 431/740 [1:22:11<58:14, 11.31s/it]
 58%|█████▊    | 432/740 [1:22:23<58:03, 11.31s/it]
 59%|█████▊    | 433/740 [1:22:34<57:51, 11.31s/it]
 59%|█████▊    | 434/740 [1:22:45<57:40, 11.31s/it]
 59%|█████▉    | 435/740 [1:22:56<57:28, 11.31s/it]
 59%|█████▉    | 436/740 [1:23:08<57:17, 11.31s/it]
 59%|█████▉    | 437/740 [1:23:19<57:06, 11.31s/it]
 59%|█████▉    | 438/740 [1:23:30<56:54, 11.31s/it]
 59%|█████▉    | 439/740 [1:23:42<56:43, 11.31s/it]
 59%|█████▉    | 440/740 [1:23:53<56:32, 11.31s/it]
 60%|█████▉    | 441/740 [1:24:04<56:21, 11.31s/it]
 60%|█████▉    | 442/740 [1:24:16<56:10, 11.31s/it]
 60%|█████▉    | 443/740 [1:24:27<55:59, 11.31s/it]
 60%|██████    | 444/740 [1:24:38<55:47, 11.31s/it]
 60%|██████    | 445/740 [1:24:50<55:36, 11.31s/it]
 60%|██████    | 446/740 [1:25:01<55:25, 11.31s/it]
 60%|██████    | 447/740 [1:25:12<54:32, 11.17s/it]
 61%|██████    | 448/740 [1:25:23<54:33, 11.21s/it]
 61%|██████    | 449/740 [1:25:34<54:30, 11.24s/it]
 61%|██████    | 450/740 [1:25:46<54:26, 11.26s/it]
 61%|██████    | 451/740 [1:25:57<54:18, 11.28s/it]
 61%|██████    | 452/740 [1:26:08<54:11, 11.29s/it]
 61%|██████    | 453/740 [1:26:20<54:01, 11.30s/it]
 61%|██████▏   | 454/740 [1:26:31<53:52, 11.30s/it]
 61%|██████▏   | 455/740 [1:26:42<53:42, 11.31s/it]
 62%|██████▏   | 456/740 [1:26:54<53:31, 11.31s/it]
 62%|██████▏   | 457/740 [1:27:05<53:20, 11.31s/it]
 62%|██████▏   | 458/740 [1:27:16<53:07, 11.30s/it]
 62%|██████▏   | 459/740 [1:27:27<52:46, 11.27s/it]
 62%|██████▏   | 460/740 [1:27:38<52:29, 11.25s/it]
 62%|██████▏   | 461/740 [1:27:50<52:13, 11.23s/it]
 62%|██████▏   | 462/740 [1:28:01<51:59, 11.22s/it]
 63%|██████▎   | 463/740 [1:28:12<51:46, 11.21s/it]
 63%|██████▎   | 464/740 [1:28:23<51:33, 11.21s/it]
 63%|██████▎   | 465/740 [1:28:34<51:21, 11.20s/it]
 63%|██████▎   | 466/740 [1:28:46<51:09, 11.20s/it]
 63%|██████▎   | 467/740 [1:28:57<50:57, 11.20s/it]
 63%|██████▎   | 468/740 [1:29:08<50:46, 11.20s/it]
 63%|██████▎   | 469/740 [1:29:19<50:35, 11.20s/it]
 64%|██████▎   | 470/740 [1:29:30<50:23, 11.20s/it]
 64%|██████▎   | 471/740 [1:29:42<50:12, 11.20s/it]
 64%|██████▍   | 472/740 [1:29:53<50:00, 11.20s/it]
 64%|██████▍   | 473/740 [1:30:04<49:49, 11.20s/it]
 64%|██████▍   | 474/740 [1:30:15<49:38, 11.20s/it]
 64%|██████▍   | 475/740 [1:30:26<49:26, 11.20s/it]
 64%|██████▍   | 476/740 [1:30:38<49:16, 11.20s/it]
 64%|██████▍   | 477/740 [1:30:49<49:04, 11.20s/it]
 65%|██████▍   | 478/740 [1:31:00<48:53, 11.20s/it]
 65%|██████▍   | 479/740 [1:31:11<48:42, 11.20s/it]
 65%|██████▍   | 480/740 [1:31:22<48:31, 11.20s/it]
 65%|██████▌   | 481/740 [1:31:34<48:19, 11.20s/it]
 65%|██████▌   | 482/740 [1:31:45<48:08, 11.20s/it]
 65%|██████▌   | 483/740 [1:31:56<47:56, 11.19s/it]
 65%|██████▌   | 484/740 [1:32:07<47:45, 11.19s/it]
 66%|██████▌   | 485/740 [1:32:18<47:35, 11.20s/it]
 66%|██████▌   | 486/740 [1:32:30<47:24, 11.20s/it]
 66%|██████▌   | 487/740 [1:32:41<47:13, 11.20s/it]
 66%|██████▌   | 488/740 [1:32:52<47:02, 11.20s/it]
 66%|██████▌   | 489/740 [1:33:03<46:50, 11.20s/it]
 66%|██████▌   | 490/740 [1:33:14<46:39, 11.20s/it]
 66%|██████▋   | 491/740 [1:33:26<46:27, 11.20s/it]
 66%|██████▋   | 492/740 [1:33:37<46:16, 11.20s/it]
 67%|██████▋   | 493/740 [1:33:48<46:05, 11.20s/it]
 67%|██████▋   | 494/740 [1:33:59<45:54, 11.20s/it]
 67%|██████▋   | 495/740 [1:34:10<45:43, 11.20s/it]
 67%|██████▋   | 496/740 [1:34:22<45:32, 11.20s/it]
 67%|██████▋   | 497/740 [1:34:33<45:20, 11.20s/it]
 67%|██████▋   | 498/740 [1:34:44<45:09, 11.19s/it]
 67%|██████▋   | 499/740 [1:34:55<44:57, 11.19s/it]
 68%|██████▊   | 500/740 [1:35:06<44:47, 11.20s/it]
                                                   

 68%|██████▊   | 500/740 [1:35:06<44:47, 11.20s/it]{'eval_loss': 1.6768895387649536, 'eval_runtime': 19.4003, 'eval_samples_per_second': 62.061, 'eval_steps_per_second': 1.959, 'epoch': 5.38}
{'loss': 1.6593, 'learning_rate': 3.2432432432432436e-05, 'epoch': 6.72}


  0%|          | 0/38 [00:00<?, ?it/s][A

  5%|▌         | 2/38 [00:00<00:09,  3.90it/s][A

  8%|▊         | 3/38 [00:01<00:12,  2.74it/s][A

 11%|█         | 4/38 [00:01<00:14,  2.37it/s][A

 13%|█▎        | 5/38 [00:02<00:14,  2.20it/s][A

 16%|█▌        | 6/38 [00:02<00:15,  2.11it/s][A

 18%|█▊        | 7/38 [00:03<00:15,  2.05it/s][A

 21%|██        | 8/38 [00:03<00:14,  2.01it/s][A

 24%|██▎       | 9/38 [00:04<00:14,  1.99it/s][A

 26%|██▋       | 10/38 [00:04<00:14,  1.98it/s][A

 29%|██▉       | 11/38 [00:05<00:13,  1.96it/s][A

 32%|███▏      | 12/38 [00:05<00:13,  1.96it/s][A

 34%|███▍      | 13/38 [00:06<00:12,  1.95it/s][A

 37%|███▋      | 14/38 [00:06<00:12,  1.95it/s][A

 39%|███▉      | 15/38 [00:07<00:11,  1.95it/s][A

 42%|████▏     | 16/38 [00:07<00:11,  1.94it/s][A

 45%|████▍     | 17/38 [00:08<00:10,  1.94it/s][A

 47%|████▋     | 18/38 [00:08<00:10,  1.94it/s][A

 50%|█████     | 19/38 [00:09<00:09,  1.94it/s][A

 53%|█████▎    | 20/38 [00:09<00:09,  1.94it/s][A

 55%|█████▌    | 21/38 [00:10<00:08,  1.94it/s][A

 58%|█████▊    | 22/38 [00:10<00:08,  1.94it/s][A

 61%|██████    | 23/38 [00:11<00:07,  1.94it/s][A

 63%|██████▎   | 24/38 [00:11<00:07,  1.94it/s][A

 66%|██████▌   | 25/38 [00:12<00:06,  1.94it/s][A

 68%|██████▊   | 26/38 [00:12<00:06,  1.94it/s][A

 71%|███████   | 27/38 [00:13<00:05,  1.94it/s][A

 74%|███████▎  | 28/38 [00:13<00:05,  1.94it/s][A

 76%|███████▋  | 29/38 [00:14<00:04,  1.94it/s][A

 79%|███████▉  | 30/38 [00:14<00:04,  1.94it/s][A

 82%|████████▏ | 31/38 [00:15<00:03,  1.94it/s][A

 84%|████████▍ | 32/38 [00:15<00:03,  1.94it/s][A

 87%|████████▋ | 33/38 [00:16<00:02,  1.94it/s][A

 89%|████████▉ | 34/38 [00:17<00:02,  1.94it/s][A

 92%|█████████▏| 35/38 [00:17<00:01,  1.94it/s][A

 95%|█████████▍| 36/38 [00:18<00:01,  1.94it/s][A

 97%|█████████▋| 37/38 [00:18<00:00,  1.94it/s][A

100%|██████████| 38/38 [00:19<00:00,  1.94it/s][A
                                                   

                                               
[A
 68%|██████▊   | 500/740 [1:35:26<44:47, 11.20s/it]

100%|██████████| 38/38 [00:19<00:00,  1.94it/s][A

                                               [A
 68%|██████▊   | 501/740 [1:37:01<2:47:40, 42.09s/it]
 68%|██████▊   | 502/740 [1:37:12<2:10:00, 32.78s/it]
 68%|██████▊   | 503/740 [1:37:23<1:43:47, 26.28s/it]
 68%|██████▊   | 504/740 [1:37:34<1:25:32, 21.75s/it]
 68%|██████▊   | 505/740 [1:37:45<1:12:48, 18.59s/it]
 68%|██████▊   | 506/740 [1:37:56<1:03:54, 16.39s/it]
 69%|██████▊   | 507/740 [1:38:08<57:39, 14.85s/it]  
 69%|██████▊   | 508/740 [1:38:19<53:15, 13.77s/it]
 69%|██████▉   | 509/740 [1:38:30<50:08, 13.02s/it]
 69%|██████▉   | 510/740 [1:38:41<47:55, 12.50s/it]
 69%|██████▉   | 511/740 [1:38:53<46:20, 12.14s/it]
 69%|██████▉   | 512/740 [1:39:04<45:09, 11.89s/it]
 69%|██████▉   | 513/740 [1:39:15<44:17, 11.71s/it]
 69%|██████▉   | 514/740 [1:39:27<43:39, 11.59s/it]
 70%|██████▉   | 515/740 [1:39:38<43:08, 11.50s/it]
 70%|██████▉   | 516/740 [1:39:49<42:44, 11.45s/it]
 70%|██████▉   | 517/740 [1:40:01<42:23, 11.41s/it]
 70%|███████   | 518/740 [1:40:12<42:05, 11.38s/it]
 70%|███████   | 519/740 [1:40:23<41:49, 11.36s/it]
 70%|███████   | 520/740 [1:40:34<41:35, 11.34s/it]
 70%|███████   | 521/740 [1:40:45<40:50, 11.19s/it]
 71%|███████   | 522/740 [1:40:57<40:47, 11.23s/it]
 71%|███████   | 523/740 [1:41:08<40:41, 11.25s/it]
 71%|███████   | 524/740 [1:41:19<40:33, 11.27s/it]
 71%|███████   | 525/740 [1:41:31<40:24, 11.28s/it]
 71%|███████   | 526/740 [1:41:42<40:15, 11.29s/it]
 71%|███████   | 527/740 [1:41:53<40:05, 11.29s/it]
 71%|███████▏  | 528/740 [1:42:04<39:55, 11.30s/it]
 71%|███████▏  | 529/740 [1:42:16<39:44, 11.30s/it]
 72%|███████▏  | 530/740 [1:42:27<39:33, 11.30s/it]
 72%|███████▏  | 531/740 [1:42:38<39:22, 11.30s/it]
 72%|███████▏  | 532/740 [1:42:50<39:11, 11.31s/it]
 72%|███████▏  | 533/740 [1:43:01<39:00, 11.31s/it]
 72%|███████▏  | 534/740 [1:43:12<38:49, 11.31s/it]
 72%|███████▏  | 535/740 [1:43:24<38:38, 11.31s/it]
 72%|███████▏  | 536/740 [1:43:35<38:27, 11.31s/it]
 73%|███████▎  | 537/740 [1:43:46<38:15, 11.31s/it]
 73%|███████▎  | 538/740 [1:43:58<38:04, 11.31s/it]
 73%|███████▎  | 539/740 [1:44:09<37:52, 11.31s/it]
 73%|███████▎  | 540/740 [1:44:20<37:41, 11.31s/it]
 73%|███████▎  | 541/740 [1:44:31<37:30, 11.31s/it]
 73%|███████▎  | 542/740 [1:44:43<37:18, 11.31s/it]
 73%|███████▎  | 543/740 [1:44:54<37:06, 11.30s/it]
 74%|███████▎  | 544/740 [1:45:05<36:55, 11.31s/it]
 74%|███████▎  | 545/740 [1:45:17<36:44, 11.30s/it]
 74%|███████▍  | 546/740 [1:45:28<36:33, 11.30s/it]
 74%|███████▍  | 547/740 [1:45:39<36:21, 11.30s/it]
 74%|███████▍  | 548/740 [1:45:51<36:10, 11.30s/it]
 74%|███████▍  | 549/740 [1:46:02<35:58, 11.30s/it]
 74%|███████▍  | 550/740 [1:46:13<35:48, 11.31s/it]
 74%|███████▍  | 551/740 [1:46:25<35:36, 11.31s/it]
 75%|███████▍  | 552/740 [1:46:36<35:25, 11.31s/it]
 75%|███████▍  | 553/740 [1:46:47<35:13, 11.30s/it]
 75%|███████▍  | 554/740 [1:46:58<35:02, 11.30s/it]
 75%|███████▌  | 555/740 [1:47:10<34:51, 11.30s/it]
 75%|███████▌  | 556/740 [1:47:21<34:39, 11.30s/it]
 75%|███████▌  | 557/740 [1:47:32<34:28, 11.30s/it]
 75%|███████▌  | 558/740 [1:47:44<34:17, 11.30s/it]
 76%|███████▌  | 559/740 [1:47:55<34:06, 11.30s/it]
 76%|███████▌  | 560/740 [1:48:06<33:55, 11.31s/it]
 76%|███████▌  | 561/740 [1:48:18<33:43, 11.30s/it]
 76%|███████▌  | 562/740 [1:48:29<33:32, 11.31s/it]
 76%|███████▌  | 563/740 [1:48:40<33:21, 11.31s/it]
 76%|███████▌  | 564/740 [1:48:51<33:09, 11.31s/it]
 76%|███████▋  | 565/740 [1:49:03<32:58, 11.31s/it]
 76%|███████▋  | 566/740 [1:49:14<32:47, 11.31s/it]
 77%|███████▋  | 567/740 [1:49:25<32:36, 11.31s/it]
 77%|███████▋  | 568/740 [1:49:37<32:25, 11.31s/it]
 77%|███████▋  | 569/740 [1:49:48<32:14, 11.31s/it]
 77%|███████▋  | 570/740 [1:49:59<32:02, 11.31s/it]
 77%|███████▋  | 571/740 [1:50:11<31:51, 11.31s/it]
 77%|███████▋  | 572/740 [1:50:22<31:39, 11.31s/it]
 77%|███████▋  | 573/740 [1:50:33<31:28, 11.31s/it]
 78%|███████▊  | 574/740 [1:50:45<31:16, 11.31s/it]
 78%|███████▊  | 575/740 [1:50:56<31:05, 11.31s/it]
 78%|███████▊  | 576/740 [1:51:07<30:54, 11.31s/it]
 78%|███████▊  | 577/740 [1:51:18<30:43, 11.31s/it]
 78%|███████▊  | 578/740 [1:51:30<30:32, 11.31s/it]
 78%|███████▊  | 579/740 [1:51:41<30:21, 11.31s/it]
 78%|███████▊  | 580/740 [1:51:52<30:09, 11.31s/it]
 79%|███████▊  | 581/740 [1:52:04<29:58, 11.31s/it]
 79%|███████▊  | 582/740 [1:52:15<29:47, 11.31s/it]
 79%|███████▉  | 583/740 [1:52:26<29:36, 11.31s/it]
 79%|███████▉  | 584/740 [1:52:38<29:24, 11.31s/it]
 79%|███████▉  | 585/740 [1:52:49<29:13, 11.31s/it]
 79%|███████▉  | 586/740 [1:53:00<29:02, 11.31s/it]
 79%|███████▉  | 587/740 [1:53:12<28:50, 11.31s/it]
 79%|███████▉  | 588/740 [1:53:23<28:39, 11.31s/it]
 80%|███████▉  | 589/740 [1:53:34<28:28, 11.31s/it]
 80%|███████▉  | 590/740 [1:53:46<28:17, 11.31s/it]
 80%|███████▉  | 591/740 [1:53:57<28:06, 11.32s/it]
 80%|████████  | 592/740 [1:54:08<27:54, 11.31s/it]
 80%|████████  | 593/740 [1:54:19<27:42, 11.31s/it]
 80%|████████  | 594/740 [1:54:31<27:31, 11.31s/it]
 80%|████████  | 595/740 [1:54:42<26:59, 11.17s/it]
 81%|████████  | 596/740 [1:54:53<26:54, 11.21s/it]
 81%|████████  | 597/740 [1:55:04<26:47, 11.24s/it]
 81%|████████  | 598/740 [1:55:16<26:39, 11.26s/it]
 81%|████████  | 599/740 [1:55:27<26:30, 11.28s/it]
 81%|████████  | 600/740 [1:55:38<26:20, 11.29s/it]
                                                   

 81%|████████  | 600/740 [1:55:38<26:20, 11.29s/it]{'eval_loss': 1.6615499258041382, 'eval_runtime': 19.4057, 'eval_samples_per_second': 62.044, 'eval_steps_per_second': 1.958, 'epoch': 6.72}
{'loss': 1.6345, 'learning_rate': 1.891891891891892e-05, 'epoch': 8.07}


  0%|          | 0/38 [00:00<?, ?it/s][A

  5%|▌         | 2/38 [00:00<00:08,  4.08it/s][A

  8%|▊         | 3/38 [00:01<00:12,  2.79it/s][A

 11%|█         | 4/38 [00:01<00:14,  2.40it/s][A

 13%|█▎        | 5/38 [00:02<00:14,  2.22it/s][A

 16%|█▌        | 6/38 [00:02<00:15,  2.12it/s][A

 18%|█▊        | 7/38 [00:03<00:15,  2.06it/s][A

 21%|██        | 8/38 [00:03<00:14,  2.02it/s][A

 24%|██▎       | 9/38 [00:04<00:14,  1.99it/s][A

 26%|██▋       | 10/38 [00:04<00:14,  1.98it/s][A

 29%|██▉       | 11/38 [00:05<00:13,  1.96it/s][A

 32%|███▏      | 12/38 [00:05<00:13,  1.96it/s][A

 34%|███▍      | 13/38 [00:06<00:12,  1.95it/s][A

 37%|███▋      | 14/38 [00:06<00:12,  1.95it/s][A

 39%|███▉      | 15/38 [00:07<00:11,  1.95it/s][A

 42%|████▏     | 16/38 [00:07<00:11,  1.94it/s][A

 45%|████▍     | 17/38 [00:08<00:10,  1.94it/s][A

 47%|████▋     | 18/38 [00:08<00:10,  1.94it/s][A

 50%|█████     | 19/38 [00:09<00:09,  1.94it/s][A

 53%|█████▎    | 20/38 [00:09<00:09,  1.94it/s][A

 55%|█████▌    | 21/38 [00:10<00:08,  1.94it/s][A

 58%|█████▊    | 22/38 [00:10<00:08,  1.94it/s][A

 61%|██████    | 23/38 [00:11<00:07,  1.94it/s][A

 63%|██████▎   | 24/38 [00:11<00:07,  1.94it/s][A

 66%|██████▌   | 25/38 [00:12<00:06,  1.94it/s][A

 68%|██████▊   | 26/38 [00:12<00:06,  1.94it/s][A

 71%|███████   | 27/38 [00:13<00:05,  1.94it/s][A

 74%|███████▎  | 28/38 [00:13<00:05,  1.94it/s][A

 76%|███████▋  | 29/38 [00:14<00:04,  1.94it/s][A

 79%|███████▉  | 30/38 [00:14<00:04,  1.94it/s][A

 82%|████████▏ | 31/38 [00:15<00:03,  1.94it/s][A

 84%|████████▍ | 32/38 [00:15<00:03,  1.94it/s][A

 87%|████████▋ | 33/38 [00:16<00:02,  1.94it/s][A

 89%|████████▉ | 34/38 [00:16<00:02,  1.94it/s][A

 92%|█████████▏| 35/38 [00:17<00:01,  1.94it/s][A

 95%|█████████▍| 36/38 [00:18<00:01,  1.94it/s][A

 97%|█████████▋| 37/38 [00:18<00:00,  1.94it/s][A

100%|██████████| 38/38 [00:19<00:00,  1.94it/s][A
                                                   

                                               
[A
 81%|████████  | 600/740 [1:55:58<26:20, 11.29s/it]

100%|██████████| 38/38 [00:19<00:00,  1.94it/s][A

                                               [A
 81%|████████  | 601/740 [1:56:09<39:39, 17.12s/it]
 81%|████████▏ | 602/740 [1:56:20<35:22, 15.38s/it]
 81%|████████▏ | 603/740 [1:56:32<32:19, 14.16s/it]
 82%|████████▏ | 604/740 [1:56:43<30:09, 13.30s/it]
 82%|████████▏ | 605/740 [1:56:54<28:35, 12.71s/it]
 82%|████████▏ | 606/740 [1:57:05<27:26, 12.29s/it]
 82%|████████▏ | 607/740 [1:57:17<26:35, 12.00s/it]
 82%|████████▏ | 608/740 [1:57:28<25:56, 11.79s/it]
 82%|████████▏ | 609/740 [1:57:39<25:25, 11.65s/it]
 82%|████████▏ | 610/740 [1:57:51<25:01, 11.55s/it]
 83%|████████▎ | 611/740 [1:58:02<24:40, 11.48s/it]
 83%|████████▎ | 612/740 [1:58:13<24:22, 11.43s/it]
 83%|████████▎ | 613/740 [1:58:25<24:06, 11.39s/it]
 83%|████████▎ | 614/740 [1:58:36<23:52, 11.37s/it]
 83%|████████▎ | 615/740 [1:58:47<23:38, 11.35s/it]
 83%|████████▎ | 616/740 [1:58:59<23:26, 11.34s/it]
 83%|████████▎ | 617/740 [1:59:10<23:13, 11.33s/it]
 84%|████████▎ | 618/740 [1:59:21<23:01, 11.32s/it]
 84%|████████▎ | 619/740 [1:59:33<22:56, 11.38s/it]
 84%|████████▍ | 620/740 [1:59:44<22:42, 11.36s/it]
 84%|████████▍ | 621/740 [1:59:55<22:29, 11.34s/it]
 84%|████████▍ | 622/740 [2:00:07<22:17, 11.33s/it]
 84%|████████▍ | 623/740 [2:00:18<22:05, 11.33s/it]
 84%|████████▍ | 624/740 [2:00:29<21:53, 11.32s/it]
 84%|████████▍ | 625/740 [2:00:41<21:41, 11.32s/it]
 85%|████████▍ | 626/740 [2:00:52<21:30, 11.32s/it]
 85%|████████▍ | 627/740 [2:01:03<21:18, 11.31s/it]
 85%|████████▍ | 628/740 [2:01:15<21:13, 11.37s/it]
 85%|████████▌ | 629/740 [2:01:26<21:00, 11.35s/it]
 85%|████████▌ | 630/740 [2:01:37<20:47, 11.34s/it]
 85%|████████▌ | 631/740 [2:01:49<20:35, 11.33s/it]
 85%|████████▌ | 632/740 [2:02:00<20:23, 11.33s/it]
 86%|████████▌ | 633/740 [2:02:11<20:11, 11.32s/it]
 86%|████████▌ | 634/740 [2:02:23<19:59, 11.32s/it]
 86%|████████▌ | 635/740 [2:02:34<19:48, 11.32s/it]
 86%|████████▌ | 636/740 [2:02:45<19:36, 11.31s/it]
 86%|████████▌ | 637/740 [2:02:57<19:24, 11.31s/it]
 86%|████████▌ | 638/740 [2:03:08<19:13, 11.31s/it]
 86%|████████▋ | 639/740 [2:03:19<19:02, 11.31s/it]
 86%|████████▋ | 640/740 [2:03:30<18:50, 11.31s/it]
 87%|████████▋ | 641/740 [2:03:42<18:39, 11.31s/it]
 87%|████████▋ | 642/740 [2:03:53<18:28, 11.31s/it]
 87%|████████▋ | 643/740 [2:04:04<18:17, 11.31s/it]
 87%|████████▋ | 644/740 [2:04:16<18:05, 11.31s/it]
 87%|████████▋ | 645/740 [2:04:27<17:54, 11.31s/it]
 87%|████████▋ | 646/740 [2:04:38<17:42, 11.31s/it]
 87%|████████▋ | 647/740 [2:04:50<17:31, 11.31s/it]
 88%|████████▊ | 648/740 [2:05:01<17:20, 11.31s/it]
 88%|████████▊ | 649/740 [2:05:12<17:09, 11.31s/it]
 88%|████████▊ | 650/740 [2:05:24<16:58, 11.31s/it]
 88%|████████▊ | 651/740 [2:05:35<16:46, 11.31s/it]
 88%|████████▊ | 652/740 [2:05:46<16:35, 11.31s/it]
 88%|████████▊ | 653/740 [2:05:57<16:24, 11.31s/it]
 88%|████████▊ | 654/740 [2:06:09<16:12, 11.31s/it]
 89%|████████▊ | 655/740 [2:06:20<16:01, 11.31s/it]
 89%|████████▊ | 656/740 [2:06:31<15:50, 11.31s/it]
 89%|████████▉ | 657/740 [2:06:43<15:38, 11.31s/it]
 89%|████████▉ | 658/740 [2:06:54<15:27, 11.31s/it]
 89%|████████▉ | 659/740 [2:07:05<15:16, 11.31s/it]
 89%|████████▉ | 660/740 [2:07:17<15:05, 11.31s/it]
 89%|████████▉ | 661/740 [2:07:28<14:53, 11.31s/it]
 89%|████████▉ | 662/740 [2:07:39<14:42, 11.31s/it]
 90%|████████▉ | 663/740 [2:07:51<14:31, 11.31s/it]
 90%|████████▉ | 664/740 [2:08:02<14:19, 11.31s/it]
 90%|████████▉ | 665/740 [2:08:13<14:08, 11.31s/it]
 90%|█████████ | 666/740 [2:08:25<13:57, 11.31s/it]
 90%|█████████ | 667/740 [2:08:36<13:45, 11.31s/it]
 90%|█████████ | 668/740 [2:08:47<13:34, 11.31s/it]
 90%|█████████ | 669/740 [2:08:58<13:23, 11.31s/it]
 91%|█████████ | 670/740 [2:09:09<13:02, 11.17s/it]
 91%|█████████ | 671/740 [2:09:21<12:53, 11.21s/it]
 91%|█████████ | 672/740 [2:09:32<12:44, 11.24s/it]
 91%|█████████ | 673/740 [2:09:43<12:34, 11.26s/it]
 91%|█████████ | 674/740 [2:09:55<12:24, 11.28s/it]
 91%|█████████ | 675/740 [2:10:06<12:13, 11.29s/it]
 91%|█████████▏| 676/740 [2:10:17<12:02, 11.30s/it]
 91%|█████████▏| 677/740 [2:10:29<11:51, 11.30s/it]
 92%|█████████▏| 678/740 [2:10:40<11:40, 11.30s/it]
 92%|█████████▏| 679/740 [2:10:51<11:29, 11.30s/it]
 92%|█████████▏| 680/740 [2:11:02<11:18, 11.31s/it]
 92%|█████████▏| 681/740 [2:11:14<11:07, 11.31s/it]
 92%|█████████▏| 682/740 [2:11:25<10:55, 11.31s/it]
 92%|█████████▏| 683/740 [2:11:36<10:44, 11.31s/it]
 92%|█████████▏| 684/740 [2:11:48<10:33, 11.31s/it]
 93%|█████████▎| 685/740 [2:11:59<10:21, 11.31s/it]
 93%|█████████▎| 686/740 [2:12:10<10:10, 11.31s/it]
 93%|█████████▎| 687/740 [2:12:22<09:59, 11.31s/it]
 93%|█████████▎| 688/740 [2:12:33<09:48, 11.31s/it]
 93%|█████████▎| 689/740 [2:12:44<09:36, 11.31s/it]
 93%|█████████▎| 690/740 [2:12:56<09:25, 11.31s/it]
 93%|█████████▎| 691/740 [2:13:07<09:14, 11.31s/it]
 94%|█████████▎| 692/740 [2:13:18<09:02, 11.31s/it]
 94%|█████████▎| 693/740 [2:13:29<08:51, 11.31s/it]
 94%|█████████▍| 694/740 [2:13:41<08:40, 11.31s/it]
 94%|█████████▍| 695/740 [2:13:52<08:28, 11.31s/it]
 94%|█████████▍| 696/740 [2:14:03<08:17, 11.31s/it]
 94%|█████████▍| 697/740 [2:14:15<08:06, 11.31s/it]
 94%|█████████▍| 698/740 [2:14:26<07:55, 11.31s/it]
 94%|█████████▍| 699/740 [2:14:37<07:43, 11.31s/it]
 95%|█████████▍| 700/740 [2:14:49<07:32, 11.31s/it]
                                                   

 95%|█████████▍| 700/740 [2:14:49<07:32, 11.31s/it]{'eval_loss': 1.6591260433197021, 'eval_runtime': 19.4064, 'eval_samples_per_second': 62.041, 'eval_steps_per_second': 1.958, 'epoch': 8.07}
{'loss': 1.6178, 'learning_rate': 5.405405405405406e-06, 'epoch': 9.41}


  0%|          | 0/38 [00:00<?, ?it/s][A

  5%|▌         | 2/38 [00:00<00:08,  4.09it/s][A

  8%|▊         | 3/38 [00:01<00:12,  2.80it/s][A

 11%|█         | 4/38 [00:01<00:14,  2.40it/s][A

 13%|█▎        | 5/38 [00:02<00:14,  2.22it/s][A

 16%|█▌        | 6/38 [00:02<00:15,  2.12it/s][A

 18%|█▊        | 7/38 [00:03<00:15,  2.06it/s][A

 21%|██        | 8/38 [00:03<00:14,  2.02it/s][A

 24%|██▎       | 9/38 [00:04<00:14,  1.99it/s][A

 26%|██▋       | 10/38 [00:04<00:14,  1.98it/s][A

 29%|██▉       | 11/38 [00:05<00:13,  1.97it/s][A

 32%|███▏      | 12/38 [00:05<00:13,  1.96it/s][A

 34%|███▍      | 13/38 [00:06<00:12,  1.95it/s][A

 37%|███▋      | 14/38 [00:06<00:12,  1.95it/s][A

 39%|███▉      | 15/38 [00:07<00:11,  1.94it/s][A

 42%|████▏     | 16/38 [00:07<00:11,  1.94it/s][A

 45%|████▍     | 17/38 [00:08<00:10,  1.94it/s][A

 47%|████▋     | 18/38 [00:08<00:10,  1.94it/s][A

 50%|█████     | 19/38 [00:09<00:09,  1.94it/s][A

 53%|█████▎    | 20/38 [00:09<00:09,  1.94it/s][A

 55%|█████▌    | 21/38 [00:10<00:08,  1.94it/s][A

 58%|█████▊    | 22/38 [00:10<00:08,  1.94it/s][A

 61%|██████    | 23/38 [00:11<00:07,  1.94it/s][A

 63%|██████▎   | 24/38 [00:11<00:07,  1.94it/s][A

 66%|██████▌   | 25/38 [00:12<00:06,  1.94it/s][A

 68%|██████▊   | 26/38 [00:12<00:06,  1.94it/s][A

 71%|███████   | 27/38 [00:13<00:05,  1.94it/s][A

 74%|███████▎  | 28/38 [00:13<00:05,  1.94it/s][A

 76%|███████▋  | 29/38 [00:14<00:04,  1.94it/s][A

 79%|███████▉  | 30/38 [00:14<00:04,  1.94it/s][A

 82%|████████▏ | 31/38 [00:15<00:03,  1.94it/s][A

 84%|████████▍ | 32/38 [00:15<00:03,  1.94it/s][A

 87%|████████▋ | 33/38 [00:16<00:02,  1.94it/s][A

 89%|████████▉ | 34/38 [00:16<00:02,  1.94it/s][A

 92%|█████████▏| 35/38 [00:17<00:01,  1.94it/s][A

 95%|█████████▍| 36/38 [00:18<00:01,  1.94it/s][A

 97%|█████████▋| 37/38 [00:18<00:00,  1.94it/s][A

100%|██████████| 38/38 [00:19<00:00,  1.94it/s][A
                                                   

                                               
[A
 95%|█████████▍| 700/740 [2:15:08<07:32, 11.31s/it]

100%|██████████| 38/38 [00:19<00:00,  1.94it/s][A

                                               [A
 95%|█████████▍| 701/740 [2:15:19<11:08, 17.13s/it]
 95%|█████████▍| 702/740 [2:15:31<09:44, 15.39s/it]
 95%|█████████▌| 703/740 [2:15:42<08:43, 14.16s/it]
 95%|█████████▌| 704/740 [2:15:53<07:59, 13.31s/it]
 95%|█████████▌| 705/740 [2:16:05<07:24, 12.71s/it]
 95%|█████████▌| 706/740 [2:16:16<06:57, 12.29s/it]
 96%|█████████▌| 707/740 [2:16:27<06:35, 12.00s/it]
 96%|█████████▌| 708/740 [2:16:39<06:19, 11.85s/it]
 96%|█████████▌| 709/740 [2:16:50<06:02, 11.68s/it]
 96%|█████████▌| 710/740 [2:17:01<05:47, 11.57s/it]
 96%|█████████▌| 711/740 [2:17:13<05:33, 11.50s/it]
 96%|█████████▌| 712/740 [2:17:24<05:20, 11.44s/it]
 96%|█████████▋| 713/740 [2:17:35<05:07, 11.40s/it]
 96%|█████████▋| 714/740 [2:17:47<04:55, 11.37s/it]
 97%|█████████▋| 715/740 [2:17:58<04:43, 11.35s/it]
 97%|█████████▋| 716/740 [2:18:09<04:32, 11.34s/it]
 97%|█████████▋| 717/740 [2:18:21<04:20, 11.33s/it]
 97%|█████████▋| 718/740 [2:18:32<04:09, 11.32s/it]
 97%|█████████▋| 719/740 [2:18:43<03:57, 11.32s/it]
 97%|█████████▋| 720/740 [2:18:54<03:46, 11.31s/it]
 97%|█████████▋| 721/740 [2:19:06<03:34, 11.31s/it]
 98%|█████████▊| 722/740 [2:19:17<03:23, 11.31s/it]
 98%|█████████▊| 723/740 [2:19:28<03:12, 11.31s/it]
 98%|█████████▊| 724/740 [2:19:40<03:01, 11.31s/it]
 98%|█████████▊| 725/740 [2:19:51<02:49, 11.31s/it]
 98%|█████████▊| 726/740 [2:20:02<02:38, 11.31s/it]
 98%|█████████▊| 727/740 [2:20:14<02:27, 11.31s/it]
 98%|█████████▊| 728/740 [2:20:25<02:15, 11.31s/it]
 99%|█████████▊| 729/740 [2:20:36<02:04, 11.31s/it]
 99%|█████████▊| 730/740 [2:20:48<01:53, 11.31s/it]
 99%|█████████▉| 731/740 [2:20:59<01:41, 11.31s/it]
 99%|█████████▉| 732/740 [2:21:10<01:30, 11.31s/it]
 99%|█████████▉| 733/740 [2:21:21<01:19, 11.31s/it]
 99%|█████████▉| 734/740 [2:21:33<01:07, 11.31s/it]
 99%|█████████▉| 735/740 [2:21:44<00:56, 11.31s/it]
 99%|█████████▉| 736/740 [2:21:55<00:45, 11.31s/it]
100%|█████████▉| 737/740 [2:22:07<00:33, 11.31s/it]
100%|█████████▉| 738/740 [2:22:18<00:22, 11.31s/it]
100%|█████████▉| 739/740 [2:22:29<00:11, 11.31s/it]
100%|██████████| 740/740 [2:22:41<00:00, 11.31s/it]
                                                   

100%|██████████| 740/740 [2:22:41<00:00, 11.31s/it]
100%|██████████| 740/740 [2:22:41<00:00, 11.57s/it]
wandb: Waiting for W&B process to finish... (success).
wandb: - 0.009 MB of 0.009 MB uploaded (0.000 MB deduped)
wandb: \ 0.009 MB of 0.009 MB uploaded (0.000 MB deduped)
wandb: | 0.009 MB of 0.009 MB uploaded (0.000 MB deduped)
wandb: / 0.009 MB of 0.009 MB uploaded (0.000 MB deduped)
wandb: - 0.009 MB of 0.009 MB uploaded (0.000 MB deduped)
wandb: \ 0.009 MB of 0.009 MB uploaded (0.000 MB deduped)
wandb: | 0.009 MB of 0.009 MB uploaded (0.000 MB deduped)
wandb: / 0.009 MB of 0.009 MB uploaded (0.000 MB deduped)
wandb: - 0.009 MB of 0.009 MB uploaded (0.000 MB deduped)
wandb: 
wandb: Run history:
wandb:                      eval/loss █▄▂▂▁▁▁
wandb:                   eval/runtime ▅██▁▆▆▇
wandb:        eval/samples_per_second ▄▁▁█▃▃▂
wandb:          eval/steps_per_second ▁▁▁█▁▁▁
wandb:                    train/epoch ▁▁▂▂▃▃▄▄▅▅▆▆███
wandb:              train/global_step ▁▁▂▂▃▃▄▄▅▅▆▆███
wandb:            train/learning_rate █▇▆▄▃▂▁
wandb:                     train/loss █▃▂▂▁▁▁
wandb:               train/total_flos ▁
wandb:               train/train_loss ▁
wandb:            train/train_runtime ▁
wandb: train/train_samples_per_second ▁
wandb:   train/train_steps_per_second ▁
wandb: 
wandb: Run summary:
wandb:                      eval/loss 1.65431
wandb:                   eval/runtime 19.407
wandb:        eval/samples_per_second 62.04
wandb:          eval/steps_per_second 1.958
wandb:                    train/epoch 9.95
wandb:              train/global_step 740
wandb:            train/learning_rate 1e-05
wandb:                     train/loss 1.6178
wandb:               train/total_flos 1.1530069595652096e+17
wandb:               train/train_loss 1.81063
wandb:            train/train_runtime 8566.3196
wandb: train/train_samples_per_second 22.214
wandb:   train/train_steps_per_second 0.086
wandb: 
wandb: 🚀 View run QG-base at: https://wandb.ai/the-coorporation/huggingface/runs/8s38fe9d
wandb: Synced 6 W&B file(s), 0 media file(s), 0 artifact file(s) and 0 other file(s)
wandb: Find logs at: ./wandb/run-20230326_124724-8s38fe9d/logs
{'eval_loss': 1.6543110609054565, 'eval_runtime': 19.407, 'eval_samples_per_second': 62.04, 'eval_steps_per_second': 1.958, 'epoch': 9.41}
{'train_runtime': 8566.3196, 'train_samples_per_second': 22.214, 'train_steps_per_second': 0.086, 'train_loss': 1.8106284889014992, 'epoch': 9.95}

Upload file pytorch_model.bin:   0%|          | 1.00/850M [00:00<?, ?B/s]
Upload file pytorch_model.bin:   2%|▏         | 15.3M/850M [00:02<01:49, 7.99MB/s]
Upload file pytorch_model.bin:   4%|▎         | 30.5M/850M [00:03<01:15, 11.3MB/s]
Upload file pytorch_model.bin:   5%|▌         | 45.8M/850M [00:05<01:28, 9.51MB/s]
Upload file pytorch_model.bin:   7%|▋         | 61.0M/850M [00:07<01:33, 8.84MB/s]
Upload file pytorch_model.bin:   9%|▉         | 76.3M/850M [00:09<01:35, 8.52MB/s]
Upload file pytorch_model.bin:  11%|█         | 91.6M/850M [00:11<01:35, 8.33MB/s]
Upload file pytorch_model.bin:  13%|█▎        | 107M/850M [00:12<01:18, 9.87MB/s] 
Upload file pytorch_model.bin:  14%|█▍        | 122M/850M [00:14<01:23, 9.18MB/s]
Upload file pytorch_model.bin:  16%|█▌        | 137M/850M [00:16<01:25, 8.77MB/s]
Upload file pytorch_model.bin:  18%|█▊        | 153M/850M [00:18<01:25, 8.52MB/s]
Upload file pytorch_model.bin:  20%|█▉        | 168M/850M [00:20<01:25, 8.35MB/s]
Upload file pytorch_model.bin:  22%|██▏       | 183M/850M [00:21<01:11, 9.77MB/s]
Upload file pytorch_model.bin:  23%|██▎       | 198M/850M [00:24<01:27, 7.80MB/s]
Upload file pytorch_model.bin:  25%|██▌       | 214M/850M [00:26<01:25, 7.85MB/s]
Upload file pytorch_model.bin:  27%|██▋       | 229M/850M [00:28<01:22, 7.89MB/s]
Upload file pytorch_model.bin:  29%|██▊       | 244M/850M [00:30<01:20, 7.92MB/s]
Upload file pytorch_model.bin:  31%|███       | 259M/850M [00:31<01:06, 9.34MB/s]
Upload file pytorch_model.bin:  32%|███▏      | 275M/850M [00:33<01:07, 8.89MB/s]
Upload file pytorch_model.bin:  34%|███▍      | 290M/850M [00:35<01:08, 8.60MB/s]
Upload file pytorch_model.bin:  36%|███▌      | 305M/850M [00:37<01:08, 8.40MB/s]
Upload file pytorch_model.bin:  38%|███▊      | 320M/850M [00:39<01:07, 8.28MB/s]
Upload file pytorch_model.bin:  39%|███▉      | 336M/850M [00:40<00:55, 9.67MB/s]
Upload file pytorch_model.bin:  41%|████▏     | 351M/850M [00:42<00:57, 9.10MB/s]
Upload file pytorch_model.bin:  43%|████▎     | 366M/850M [00:44<00:58, 8.73MB/s]
Upload file pytorch_model.bin:  45%|████▍     | 381M/850M [00:46<00:57, 8.50MB/s]
Upload file pytorch_model.bin:  47%|████▋     | 397M/850M [00:47<00:48, 9.88MB/s]
Upload file pytorch_model.bin:  48%|████▊     | 412M/850M [00:49<00:49, 9.23MB/s]
Upload file pytorch_model.bin:  50%|█████     | 427M/850M [00:51<00:50, 8.82MB/s]
Upload file pytorch_model.bin:  52%|█████▏    | 443M/850M [00:53<00:50, 8.55MB/s]
Upload file pytorch_model.bin:  54%|█████▍    | 458M/850M [00:55<00:49, 8.37MB/s]
Upload file pytorch_model.bin:  56%|█████▌    | 473M/850M [00:56<00:40, 9.77MB/s]
Upload file pytorch_model.bin:  57%|█████▋    | 488M/850M [00:58<00:41, 9.16MB/s]
Upload file pytorch_model.bin:  59%|█████▉    | 504M/850M [01:00<00:41, 8.77MB/s]
Upload file pytorch_model.bin:  61%|██████    | 519M/850M [01:02<00:40, 8.52MB/s]
Upload file pytorch_model.bin:  63%|██████▎   | 534M/850M [01:04<00:39, 8.35MB/s]
Upload file pytorch_model.bin:  65%|██████▍   | 549M/850M [01:05<00:32, 9.75MB/s]
Upload file pytorch_model.bin:  66%|██████▋   | 565M/850M [01:07<00:32, 9.14MB/s]
Upload file pytorch_model.bin:  68%|██████▊   | 580M/850M [01:09<00:32, 8.76MB/s]
Upload file pytorch_model.bin:  70%|██████▉   | 595M/850M [01:11<00:31, 8.52MB/s]
Upload file pytorch_model.bin:  72%|███████▏  | 610M/850M [01:13<00:30, 8.35MB/s]
Upload file pytorch_model.bin:  74%|███████▎  | 626M/850M [01:14<00:24, 9.75MB/s]
Upload file pytorch_model.bin:  75%|███████▌  | 641M/850M [01:16<00:24, 9.14MB/s]
Upload file pytorch_model.bin:  77%|███████▋  | 656M/850M [01:18<00:23, 8.76MB/s]
Upload file pytorch_model.bin:  79%|███████▉  | 671M/850M [01:20<00:22, 8.52MB/s]
Upload file pytorch_model.bin:  81%|████████  | 687M/850M [01:22<00:20, 8.35MB/s]
Upload file pytorch_model.bin:  83%|████████▎ | 702M/850M [01:23<00:15, 9.75MB/s]
Upload file pytorch_model.bin:  84%|████████▍ | 717M/850M [01:25<00:15, 9.14MB/s]
Upload file pytorch_model.bin:  86%|████████▌ | 732M/850M [01:27<00:14, 8.76MB/s]
Upload file pytorch_model.bin:  88%|████████▊ | 748M/850M [01:29<00:12, 8.51MB/s]
Upload file pytorch_model.bin:  90%|████████▉ | 763M/850M [01:31<00:10, 8.35MB/s]
Upload file pytorch_model.bin:  92%|█████████▏| 778M/850M [01:32<00:07, 9.58MB/s]
Upload file pytorch_model.bin:  93%|█████████▎| 793M/850M [01:34<00:06, 9.04MB/s]
Upload file pytorch_model.bin:  95%|█████████▌| 809M/850M [01:36<00:05, 8.70MB/s]
Upload file pytorch_model.bin:  97%|█████████▋| 824M/850M [01:38<00:03, 8.47MB/s]
Upload file pytorch_model.bin:  99%|█████████▊| 839M/850M [01:39<00:01, 9.86MB/s]
Upload file pytorch_model.bin: 854MB [01:41, 9.21MB/s]                           To https://user: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@huggingface.co/the-coorporation/t5-qg-base
   030bf5b..ea59bb3  main -> main


Upload file pytorch_model.bin: 100%|██████████| 850M/850M [01:43<00:00, 9.21MB/s]
Upload file pytorch_model.bin: 100%|██████████| 850M/850M [01:43<00:00, 8.64MB/s]
To https://user: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@huggingface.co/the-coorporation/t5-qg-base
   ea59bb3..00916f9  main -> main
